Log file open, 02/04/22 13:16:41
LogWindows: Failed to load 'aqProf.dll' (GetLastError=126)
LogWindows: File 'aqProf.dll' does not exist
LogWindows: Failed to load 'VtuneApi.dll' (GetLastError=126)
LogWindows: File 'VtuneApi.dll' does not exist
LogWindows: Failed to load 'VtuneApi32e.dll' (GetLastError=126)
LogWindows: File 'VtuneApi32e.dll' does not exist
LogConsoleResponse: Display: Failed to find resolution value strings in scalability ini. Falling back to default.
LogConsoleResponse: Display: Failed to find resolution value strings in scalability ini. Falling back to default.
LogInit: Display: Running engine for game: Stole_DaVInchy
LogPlatformFile: Not using cached read wrapper
LogTaskGraph: Started task graph with 5 named threads and 35 total threads with 3 sets of task threads.
LogStats: Stats thread started at 8.150321
LogICUInternationalization: ICU TimeZone Detection - Raw Offset: +4:00, Platform Override: ''
LogInit: Display: Loading text-based GConfig....
LogPluginManager: Mounting plugin MegascansPlugin
LogPluginManager: Mounting plugin MeshPainting
LogPluginManager: Mounting plugin XGEController
LogPluginManager: Mounting plugin AISupport
LogPluginManager: Mounting plugin EnvironmentQueryEditor
LogPluginManager: Mounting plugin OodleData
LogPluginManager: Mounting plugin LiveLink
LogPluginManager: Mounting plugin LightPropagationVolume
LogPluginManager: Mounting plugin OodleNetwork
LogPluginManager: Mounting plugin CameraShakePreviewer
LogPluginManager: Mounting plugin GameplayCameras
LogPluginManager: Mounting plugin Paper2D
LogPluginManager: Mounting plugin TcpMessaging
LogPluginManager: Mounting plugin UdpMessaging
LogPluginManager: Mounting plugin Niagara
LogPluginManager: Mounting plugin LauncherChunkInstaller
LogPluginManager: Mounting plugin ActorPalette
LogPluginManager: Mounting plugin AlembicImporter
LogPluginManager: Mounting plugin AutomationUtils
LogPluginManager: Mounting plugin BackChannel
LogPluginManager: Mounting plugin ChaosCloth
LogPluginManager: Mounting plugin ChaosClothEditor
LogPluginManager: Mounting plugin ChaosEditor
LogPluginManager: Mounting plugin ChaosSolverPlugin
LogPluginManager: Mounting plugin CharacterAI
LogPluginManager: Mounting plugin GeometryCache
LogPluginManager: Mounting plugin ChaosNiagara
LogPluginManager: Mounting plugin GeometryCollectionPlugin
LogPluginManager: Mounting plugin GeometryProcessing
LogPluginManager: Mounting plugin PlatformCrypto
LogPluginManager: Mounting plugin ProxyLODPlugin
LogPluginManager: Mounting plugin OpenImageDenoise
LogPluginManager: Mounting plugin PlanarCut
LogPluginManager: Mounting plugin SkeletalReduction
LogPluginManager: Mounting plugin ActorLayerUtilities
LogPluginManager: Mounting plugin AndroidDeviceProfileSelector
LogPluginManager: Mounting plugin AndroidMoviePlayer
LogPluginManager: Mounting plugin AndroidPermission
LogPluginManager: Mounting plugin AppleImageUtils
LogPluginManager: Mounting plugin AppleMoviePlayer
LogPluginManager: Mounting plugin ArchVisCharacter
LogPluginManager: Mounting plugin AssetTags
LogPluginManager: Mounting plugin AudioCapture
LogPluginManager: Mounting plugin AudioSynesthesia
LogPluginManager: Mounting plugin CableComponent
LogPluginManager: Mounting plugin ChunkDownloader
LogPluginManager: Mounting plugin CustomMeshComponent
LogPluginManager: Mounting plugin EditableMesh
LogPluginManager: Mounting plugin ExampleDeviceProfileSelector
LogPluginManager: Mounting plugin GoogleCloudMessaging
LogPluginManager: Mounting plugin GooglePAD
LogPluginManager: Mounting plugin MotoSynth
LogPluginManager: Mounting plugin IOSDeviceProfileSelector
LogPluginManager: Mounting plugin LinuxDeviceProfileSelector
LogPluginManager: Mounting plugin LocationServicesBPLibrary
LogPluginManager: Mounting plugin MobilePatchingUtils
LogPluginManager: Mounting plugin PythonScriptPlugin
LogPluginManager: Mounting plugin OpenXR
LogPluginManager: Mounting plugin OpenXREyeTracker
LogPluginManager: Mounting plugin OpenXRHandTracking
LogPluginManager: Mounting plugin PhysXVehicles
LogPluginManager: Mounting plugin PostSplashScreen
LogPluginManager: Mounting plugin ProceduralMeshComponent
LogPluginManager: Mounting plugin PropertyAccessEditor
LogPluginManager: Mounting plugin RuntimePhysXCooking
LogPluginManager: Mounting plugin SignificanceManager
LogPluginManager: Mounting plugin SoundFields
LogPluginManager: Mounting plugin WebMMoviePlayer
LogPluginManager: Mounting plugin WindowsMoviePlayer
LogPluginManager: Mounting plugin LuminPlatformFeatures
LogPluginManager: Mounting plugin MagicLeapLightEstimation
LogPluginManager: Mounting plugin Synthesis
LogPluginManager: Mounting plugin MagicLeap
LogPluginManager: Mounting plugin MagicLeapMedia
LogPluginManager: Mounting plugin MLSDK
LogPluginManager: Mounting plugin AndroidMedia
LogPluginManager: Mounting plugin AvfMedia
LogPluginManager: Mounting plugin MagicLeapPassableWorld
LogPluginManager: Mounting plugin ImgMedia
LogPluginManager: Mounting plugin MediaCompositing
LogPluginManager: Mounting plugin AssetManagerEditor
LogPluginManager: Mounting plugin MediaPlayerEditor
LogPluginManager: Mounting plugin WebMMedia
LogPluginManager: Mounting plugin WmfMedia
LogPluginManager: Mounting plugin CryptoKeys
LogPluginManager: Mounting plugin CurveEditorTools
LogPluginManager: Mounting plugin DataValidation
LogPluginManager: Mounting plugin FacialAnimation
LogPluginManager: Mounting plugin GameplayTagsEditor
LogPluginManager: Mounting plugin GeometryMode
LogPluginManager: Mounting plugin MacGraphicsSwitching
LogPluginManager: Mounting plugin MaterialAnalyzer
LogPluginManager: Mounting plugin MobileLauncherProfileWizard
LogPluginManager: Mounting plugin SpeedTreeImporter
LogPluginManager: Mounting plugin AnimationSharing
LogPluginManager: Mounting plugin CLionSourceCodeAccess
LogPluginManager: Mounting plugin GitSourceControl
LogPluginManager: Mounting plugin CodeLiteSourceCodeAccess
LogPluginManager: Mounting plugin KDevelopSourceCodeAccess
LogPluginManager: Mounting plugin NullSourceCodeAccess
LogPluginManager: Mounting plugin PerforceSourceControl
LogPluginManager: Mounting plugin PixWinPlugin
LogPluginManager: Mounting plugin PlasticSourceControl
LogPluginManager: Mounting plugin PluginUtils
LogPluginManager: Mounting plugin PropertyAccessNode
LogPluginManager: Mounting plugin RiderSourceCodeAccess
LogPluginManager: Mounting plugin SubversionSourceControl
LogPluginManager: Mounting plugin TextureFormatOodle
LogPluginManager: Mounting plugin UObjectPlugin
LogPluginManager: Mounting plugin VisualStudioCodeSourceCodeAccess
LogPluginManager: Mounting plugin VisualStudioSourceCodeAccess
LogPluginManager: Mounting plugin XCodeSourceCodeAccess
LogPluginManager: Mounting plugin ScreenshotTools
LogPluginManager: Mounting plugin DatasmithContent
LogPluginManager: Mounting plugin ActorSequence
LogPluginManager: Mounting plugin VariantManagerContent
LogPluginManager: Mounting plugin EditorScriptingUtilities
LogPluginManager: Mounting plugin PluginBrowser
LogPluginManager: Mounting plugin LevelSequenceEditor
LogPluginManager: Mounting plugin MatineeToLevelSequence
LogPluginManager: Mounting plugin TemplateSequence
LogPluginManager: Mounting plugin OnlineSubsystem
LogPluginManager: Mounting plugin OnlineSubsystemNull
LogPluginManager: Mounting plugin OnlineSubsystemUtils
LogPluginManager: Mounting plugin Takes
LogPluginManager: Mounting plugin DatabaseSupport
LogPluginManager: Mounting plugin SQLiteCore
LogPluginManager: Mounting plugin SQLiteSupport
LogPluginManager: Mounting plugin OculusVR
LogPluginManager: Mounting plugin SteamVR
LogPluginManager: Mounting plugin ContentBrowserAssetDataSource
LogPluginManager: Mounting plugin ContentBrowserClassDataSource
LogPluginManager: Mounting plugin ContentBrowserFileDataSource
LogPluginManager: Mounting plugin OnlineSubsystemGooglePlay
LogPluginManager: Mounting plugin OnlineSubsystemIOS
LogPluginManager: Mounting plugin GetMeshVertex
LogPluginManager: Mounting plugin Navigation3D
PixWinPlugin: PIX capture plugin failed to initialize! Check that the process is launched from PIX.
LogInit: Using libcurl 7.55.1-DEV
LogInit:  - built for x86_64-pc-win32
LogInit:  - supports SSL with OpenSSL/1.1.1
LogInit:  - supports HTTP deflate (compression) using libz 1.2.8
LogInit:  - other features:
LogInit:      CURL_VERSION_SSL
LogInit:      CURL_VERSION_LIBZ
LogInit:      CURL_VERSION_IPV6
LogInit:      CURL_VERSION_ASYNCHDNS
LogInit:      CURL_VERSION_LARGEFILE
LogInit:      CURL_VERSION_IDN
LogInit:  CurlRequestOptions (configurable via config and command line):
LogInit:  - bVerifyPeer = true  - Libcurl will verify peer certificate
LogInit:  - bUseHttpProxy = false  - Libcurl will NOT use HTTP proxy
LogInit:  - bDontReuseConnections = false  - Libcurl will reuse connections
LogInit:  - MaxHostConnections = 16  - Libcurl will limit the number of connections to a host
LogInit:  - LocalHostAddr = Default
LogInit:  - BufferSize = 65536
LogOnline: OSS: Creating online subsystem instance for: NULL
LogInit: WinSock: version 1.1 (2.2), MaxSocks=32767, MaxUdp=65467
LogOnline: OSS: TryLoadSubsystemAndSetDefault: Loaded subsystem for module [NULL]
LogOculusPluginWrapper: OculusPlugin initialized successfully
LogHMD: Failed initializing OVRPlugin 1.59.0
LogInit: Build: ++UE4+Release-4.27-CL-18319896
LogInit: Engine Version: 4.27.2-18319896+++UE4+Release-4.27
LogInit: Compatible Engine Version: 4.27.0-17155196+++UE4+Release-4.27
LogInit: Net CL: 17155196
LogInit: OS: Windows 10 (Release 2009) (), CPU: AMD Ryzen 5 5600X 6-Core Processor             , GPU: NVIDIA GeForce GTX 960
LogInit: Compiled (64-bit): Nov 30 2021 07:12:08
LogInit: Compiled with Visual C++: 19.24.28315.00
LogInit: Build Configuration: Development
LogInit: Branch Name: ++UE4+Release-4.27
LogInit: Command Line: 
LogInit: Base Directory: E:/UE_4.27/Engine/Binaries/Win64/
LogInit: Allocator: TBB
LogInit: Installed Engine Build: 1
LogDevObjectVersion: Number of dev versions registered: 29
LogDevObjectVersion:   Dev-Blueprints (B0D832E4-1F89-4F0D-ACCF-7EB736FD4AA2): 10
LogDevObjectVersion:   Dev-Build (E1C64328-A22C-4D53-A36C-8E866417BD8C): 0
LogDevObjectVersion:   Dev-Core (375EC13C-06E4-48FB-B500-84F0262A717E): 4
LogDevObjectVersion:   Dev-Editor (E4B068ED-F494-42E9-A231-DA0B2E46BB41): 40
LogDevObjectVersion:   Dev-Framework (CFFC743F-43B0-4480-9391-14DF171D2073): 37
LogDevObjectVersion:   Dev-Mobile (B02B49B5-BB20-44E9-A304-32B752E40360): 3
LogDevObjectVersion:   Dev-Networking (A4E4105C-59A1-49B5-A7C5-40C4547EDFEE): 0
LogDevObjectVersion:   Dev-Online (39C831C9-5AE6-47DC-9A44-9C173E1C8E7C): 0
LogDevObjectVersion:   Dev-Physics (78F01B33-EBEA-4F98-B9B4-84EACCB95AA2): 14
LogDevObjectVersion:   Dev-Platform (6631380F-2D4D-43E0-8009-CF276956A95A): 0
LogDevObjectVersion:   Dev-Rendering (12F88B9F-8875-4AFC-A67C-D90C383ABD29): 45
LogDevObjectVersion:   Dev-Sequencer (7B5AE74C-D270-4C10-A958-57980B212A5A): 13
LogDevObjectVersion:   Dev-VR (D7296918-1DD6-4BDD-9DE2-64A83CC13884): 3
LogDevObjectVersion:   Dev-LoadTimes (C2A15278-BFE7-4AFE-6C17-90FF531DF755): 1
LogDevObjectVersion:   Private-Geometry (6EACA3D4-40EC-4CC1-B786-8BED09428FC5): 3
LogDevObjectVersion:   Dev-AnimPhys (29E575DD-E0A3-4627-9D10-D276232CDCEA): 17
LogDevObjectVersion:   Dev-Anim (AF43A65D-7FD3-4947-9873-3E8ED9C1BB05): 15
LogDevObjectVersion:   Dev-ReflectionCapture (6B266CEC-1EC7-4B8F-A30B-E4D90942FC07): 1
LogDevObjectVersion:   Dev-Automation (0DF73D61-A23F-47EA-B727-89E90C41499A): 1
LogDevObjectVersion:   FortniteMain (601D1886-AC64-4F84-AA16-D3DE0DEAC7D6): 47
LogDevObjectVersion:   FortniteRelease (E7086368-6B23-4C58-8439-1B7016265E91): 1
LogDevObjectVersion:   Dev-Enterprise (9DFFBCD6-494F-0158-E221-12823C92A888): 10
LogDevObjectVersion:   Dev-Niagara (F2AED0AC-9AFE-416F-8664-AA7FFA26D6FC): 1
LogDevObjectVersion:   Dev-Destruction (174F1F0B-B4C6-45A5-B13F-2EE8D0FB917D): 10
LogDevObjectVersion:   Dev-Physics-Ext (35F94A83-E258-406C-A318-09F59610247C): 41
LogDevObjectVersion:   Dev-PhysicsMaterial-Chaos (B68FC16E-8B1B-42E2-B453-215C058844FE): 1
LogDevObjectVersion:   Dev-CineCamera (B2E18506-4273-CFC2-A54E-F4BB758BBA07): 1
LogDevObjectVersion:   Dev-VirtualProduction (64F58936-FD1B-42BA-BA96-7289D5D0FA4E): 1
LogDevObjectVersion:   Dev-MediaFramework (6F0ED827-A609-4895-9C91-998D90180EA4): 2
LogInit: Presizing for max 25165824 objects, including 0 objects not considered by GC, pre-allocating 0 bytes for permanent pool.
LogConfig: Applying CVar settings from Section [/Script/Engine.StreamingSettings] File [F:/MainProject/FlyProject_End/Stole_DaVInchy/Saved/Config/Windows/Engine.ini]
LogConfig: Setting CVar [[s.MinBulkDataSizeForAsyncLoading:131072]]
LogConfig: Setting CVar [[s.AsyncLoadingThreadEnabled:0]]
LogConfig: Setting CVar [[s.EventDrivenLoaderEnabled:1]]
LogConfig: Setting CVar [[s.WarnIfTimeLimitExceeded:0]]
LogConfig: Setting CVar [[s.TimeLimitExceededMultiplier:1.5]]
LogConfig: Setting CVar [[s.TimeLimitExceededMinTime:0.005]]
LogConfig: Setting CVar [[s.UseBackgroundLevelStreaming:1]]
LogConfig: Setting CVar [[s.PriorityAsyncLoadingExtraTime:15.0]]
LogConfig: Setting CVar [[s.LevelStreamingActorsUpdateTimeLimit:5.0]]
LogConfig: Setting CVar [[s.PriorityLevelStreamingActorsUpdateExtraTime:5.0]]
LogConfig: Setting CVar [[s.LevelStreamingComponentsRegistrationGranularity:10]]
LogConfig: Setting CVar [[s.UnregisterComponentsTimeLimit:1.0]]
LogConfig: Setting CVar [[s.LevelStreamingComponentsUnregistrationGranularity:5]]
LogConfig: Setting CVar [[s.FlushStreamingOnExit:1]]
LogInit: Object subsystem initialized
LogConfig: Setting CVar [[con.DebugEarlyDefault:1]]
LogConfig: Setting CVar [[r.setres:1280x720]]
[2022.02.04-09.16.47:809][  0]LogConfig: Setting CVar [[r.VSync:0]]
[2022.02.04-09.16.47:809][  0]LogConfig: Setting CVar [[r.RHICmdBypass:0]]
[2022.02.04-09.16.47:809][  0]LogConfig: Applying CVar settings from Section [/Script/Engine.RendererSettings] File [F:/MainProject/FlyProject_End/Stole_DaVInchy/Saved/Config/Windows/Engine.ini]
[2022.02.04-09.16.47:809][  0]LogConfig: Setting CVar [[r.GPUCrashDebugging:0]]
[2022.02.04-09.16.47:809][  0]LogConfig: Setting CVar [[r.MinScreenRadiusForLights:0.060000]]
[2022.02.04-09.16.47:809][  0]LogConfig: Setting CVar [[r.MinScreenRadiusForCSMDepth:0.060000]]
[2022.02.04-09.16.47:809][  0]LogConfig: Setting CVar [[r.VirtualTextures:1]]
[2022.02.04-09.16.47:809][  0]LogConfig: Applying CVar settings from Section [/Script/Engine.RendererOverrideSettings] File [F:/MainProject/FlyProject_End/Stole_DaVInchy/Saved/Config/Windows/Engine.ini]
[2022.02.04-09.16.47:809][  0]LogConfig: Applying CVar settings from Section [/Script/Engine.StreamingSettings] File [F:/MainProject/FlyProject_End/Stole_DaVInchy/Saved/Config/Windows/Engine.ini]
[2022.02.04-09.16.47:809][  0]LogConfig: Setting CVar [[s.MinBulkDataSizeForAsyncLoading:131072]]
[2022.02.04-09.16.47:809][  0]LogConfig: Setting CVar [[s.AsyncLoadingThreadEnabled:0]]
[2022.02.04-09.16.47:809][  0]LogConfig: Setting CVar [[s.EventDrivenLoaderEnabled:1]]
[2022.02.04-09.16.47:809][  0]LogConfig: Setting CVar [[s.WarnIfTimeLimitExceeded:0]]
[2022.02.04-09.16.47:809][  0]LogConfig: Setting CVar [[s.TimeLimitExceededMultiplier:1.5]]
[2022.02.04-09.16.47:809][  0]LogConfig: Setting CVar [[s.TimeLimitExceededMinTime:0.005]]
[2022.02.04-09.16.47:809][  0]LogConfig: Setting CVar [[s.UseBackgroundLevelStreaming:1]]
[2022.02.04-09.16.47:809][  0]LogConfig: Setting CVar [[s.PriorityAsyncLoadingExtraTime:15.0]]
[2022.02.04-09.16.47:809][  0]LogConfig: Setting CVar [[s.LevelStreamingActorsUpdateTimeLimit:5.0]]
[2022.02.04-09.16.47:809][  0]LogConfig: Setting CVar [[s.PriorityLevelStreamingActorsUpdateExtraTime:5.0]]
[2022.02.04-09.16.47:809][  0]LogConfig: Setting CVar [[s.LevelStreamingComponentsRegistrationGranularity:10]]
[2022.02.04-09.16.47:809][  0]LogConfig: Setting CVar [[s.UnregisterComponentsTimeLimit:1.0]]
[2022.02.04-09.16.47:809][  0]LogConfig: Setting CVar [[s.LevelStreamingComponentsUnregistrationGranularity:5]]
[2022.02.04-09.16.47:809][  0]LogConfig: Setting CVar [[s.FlushStreamingOnExit:1]]
[2022.02.04-09.16.47:809][  0]LogConfig: Applying CVar settings from Section [/Script/Engine.GarbageCollectionSettings] File [F:/MainProject/FlyProject_End/Stole_DaVInchy/Saved/Config/Windows/Engine.ini]
[2022.02.04-09.16.47:809][  0]LogConfig: Setting CVar [[gc.MaxObjectsNotConsideredByGC:1]]
[2022.02.04-09.16.47:809][  0]LogConfig: Setting CVar [[gc.SizeOfPermanentObjectPool:0]]
[2022.02.04-09.16.47:809][  0]LogConfig: Setting CVar [[gc.FlushStreamingOnGC:0]]
[2022.02.04-09.16.47:809][  0]LogConfig: Setting CVar [[gc.NumRetriesBeforeForcingGC:10]]
[2022.02.04-09.16.47:809][  0]LogConfig: Setting CVar [[gc.AllowParallelGC:1]]
[2022.02.04-09.16.47:809][  0]LogConfig: Setting CVar [[gc.TimeBetweenPurgingPendingKillObjects:61.1]]
[2022.02.04-09.16.47:809][  0]LogConfig: Setting CVar [[gc.MaxObjectsInEditor:25165824]]
[2022.02.04-09.16.47:809][  0]LogConfig: Setting CVar [[gc.IncrementalBeginDestroyEnabled:1]]
[2022.02.04-09.16.47:809][  0]LogConfig: Setting CVar [[gc.CreateGCClusters:1]]
[2022.02.04-09.16.47:809][  0]LogConfig: Setting CVar [[gc.MinGCClusterSize:5]]
[2022.02.04-09.16.47:809][  0]LogConfig: Setting CVar [[gc.ActorClusteringEnabled:0]]
[2022.02.04-09.16.47:809][  0]LogConfig: Setting CVar [[gc.BlueprintClusteringEnabled:0]]
[2022.02.04-09.16.47:809][  0]LogConfig: Setting CVar [[gc.UseDisregardForGCOnDedicatedServers:0]]
[2022.02.04-09.16.47:809][  0]LogConfig: Setting CVar [[gc.MultithreadedDestructionEnabled:1]]
[2022.02.04-09.16.47:809][  0]LogConfig: Applying CVar settings from Section [/Script/Engine.NetworkSettings] File [F:/MainProject/FlyProject_End/Stole_DaVInchy/Saved/Config/Windows/Engine.ini]
[2022.02.04-09.16.47:809][  0]LogConfig: Applying CVar settings from Section [/Script/UnrealEd.CookerSettings] File [F:/MainProject/FlyProject_End/Stole_DaVInchy/Saved/Config/Windows/Engine.ini]
[2022.02.04-09.16.47:876][  0]LogConfig: Applying CVar settings from Section [ViewDistanceQuality@3] File [F:/MainProject/FlyProject_End/Stole_DaVInchy/Saved/Config/Windows/Scalability.ini]
[2022.02.04-09.16.47:876][  0]LogConfig: Setting CVar [[r.SkeletalMeshLODBias:0]]
[2022.02.04-09.16.47:876][  0]LogConfig: Setting CVar [[r.ViewDistanceScale:1.0]]
[2022.02.04-09.16.47:876][  0]LogConfig: Applying CVar settings from Section [AntiAliasingQuality@3] File [F:/MainProject/FlyProject_End/Stole_DaVInchy/Saved/Config/Windows/Scalability.ini]
[2022.02.04-09.16.47:876][  0]LogConfig: Setting CVar [[r.PostProcessAAQuality:4]]
[2022.02.04-09.16.47:876][  0]LogConfig: Applying CVar settings from Section [ShadowQuality@3] File [F:/MainProject/FlyProject_End/Stole_DaVInchy/Saved/Config/Windows/Scalability.ini]
[2022.02.04-09.16.47:876][  0]LogConfig: Setting CVar [[r.LightFunctionQuality:1]]
[2022.02.04-09.16.47:876][  0]LogConfig: Setting CVar [[r.ShadowQuality:5]]
[2022.02.04-09.16.47:876][  0]LogConfig: Setting CVar [[r.Shadow.CSM.MaxCascades:10]]
[2022.02.04-09.16.47:876][  0]LogConfig: Setting CVar [[r.Shadow.MaxResolution:2048]]
[2022.02.04-09.16.47:876][  0]LogConfig: Setting CVar [[r.Shadow.MaxCSMResolution:2048]]
[2022.02.04-09.16.47:876][  0]LogConfig: Setting CVar [[r.Shadow.RadiusThreshold:0.01]]
[2022.02.04-09.16.47:876][  0]LogConfig: Setting CVar [[r.Shadow.DistanceScale:1.0]]
[2022.02.04-09.16.47:876][  0]LogConfig: Setting CVar [[r.Shadow.CSM.TransitionScale:1.0]]
[2022.02.04-09.16.47:876][  0]LogConfig: Setting CVar [[r.Shadow.PreShadowResolutionFactor:1.0]]
[2022.02.04-09.16.47:876][  0]LogConfig: Setting CVar [[r.DistanceFieldShadowing:1]]
[2022.02.04-09.16.47:876][  0]LogConfig: Setting CVar [[r.DistanceFieldAO:1]]
[2022.02.04-09.16.47:876][  0]LogConfig: Setting CVar [[r.AOQuality:2]]
[2022.02.04-09.16.47:876][  0]LogConfig: Setting CVar [[r.VolumetricFog:1]]
[2022.02.04-09.16.47:876][  0]LogConfig: Setting CVar [[r.VolumetricFog.GridPixelSize:8]]
[2022.02.04-09.16.47:876][  0]LogConfig: Setting CVar [[r.VolumetricFog.GridSizeZ:128]]
[2022.02.04-09.16.47:877][  0]LogConfig: Setting CVar [[r.VolumetricFog.HistoryMissSupersampleCount:4]]
[2022.02.04-09.16.47:877][  0]LogConfig: Setting CVar [[r.LightMaxDrawDistanceScale:1]]
[2022.02.04-09.16.47:877][  0]LogConfig: Setting CVar [[r.CapsuleShadows:1]]
[2022.02.04-09.16.47:877][  0]LogConfig: Applying CVar settings from Section [PostProcessQuality@3] File [F:/MainProject/FlyProject_End/Stole_DaVInchy/Saved/Config/Windows/Scalability.ini]
[2022.02.04-09.16.47:877][  0]LogConfig: Setting CVar [[r.MotionBlurQuality:4]]
[2022.02.04-09.16.47:877][  0]LogConfig: Setting CVar [[r.AmbientOcclusionMipLevelFactor:0.4]]
[2022.02.04-09.16.47:877][  0]LogConfig: Setting CVar [[r.AmbientOcclusionMaxQuality:100]]
[2022.02.04-09.16.47:877][  0]LogConfig: Setting CVar [[r.AmbientOcclusionLevels:-1]]
[2022.02.04-09.16.47:877][  0]LogConfig: Setting CVar [[r.AmbientOcclusionRadiusScale:1.0]]
[2022.02.04-09.16.47:877][  0]LogConfig: Setting CVar [[r.DepthOfFieldQuality:2]]
[2022.02.04-09.16.47:877][  0]LogConfig: Setting CVar [[r.RenderTargetPoolMin:400]]
[2022.02.04-09.16.47:877][  0]LogConfig: Setting CVar [[r.LensFlareQuality:2]]
[2022.02.04-09.16.47:877][  0]LogConfig: Setting CVar [[r.SceneColorFringeQuality:1]]
[2022.02.04-09.16.47:877][  0]LogConfig: Setting CVar [[r.EyeAdaptationQuality:2]]
[2022.02.04-09.16.47:877][  0]LogConfig: Setting CVar [[r.BloomQuality:5]]
[2022.02.04-09.16.47:877][  0]LogConfig: Setting CVar [[r.FastBlurThreshold:100]]
[2022.02.04-09.16.47:877][  0]LogConfig: Setting CVar [[r.Upscale.Quality:3]]
[2022.02.04-09.16.47:877][  0]LogConfig: Setting CVar [[r.Tonemapper.GrainQuantization:1]]
[2022.02.04-09.16.47:877][  0]LogConfig: Setting CVar [[r.LightShaftQuality:1]]
[2022.02.04-09.16.47:877][  0]LogConfig: Setting CVar [[r.Filter.SizeScale:1]]
[2022.02.04-09.16.47:877][  0]LogConfig: Setting CVar [[r.Tonemapper.Quality:5]]
[2022.02.04-09.16.47:877][  0]LogConfig: Setting CVar [[r.DOF.Gather.AccumulatorQuality:1        ; higher gathering accumulator quality]]
[2022.02.04-09.16.47:877][  0]LogConfig: Setting CVar [[r.DOF.Gather.PostfilterMethod:1          ; Median3x3 postfilering method]]
[2022.02.04-09.16.47:877][  0]LogConfig: Setting CVar [[r.DOF.Gather.EnableBokehSettings:0       ; no bokeh simulation when gathering]]
[2022.02.04-09.16.47:877][  0]LogConfig: Setting CVar [[r.DOF.Gather.RingCount:4                 ; medium number of samples when gathering]]
[2022.02.04-09.16.47:877][  0]LogConfig: Setting CVar [[r.DOF.Scatter.ForegroundCompositing:1    ; additive foreground scattering]]
[2022.02.04-09.16.47:877][  0]LogConfig: Setting CVar [[r.DOF.Scatter.BackgroundCompositing:2    ; additive background scattering]]
[2022.02.04-09.16.47:877][  0]LogConfig: Setting CVar [[r.DOF.Scatter.EnableBokehSettings:1      ; bokeh simulation when scattering]]
[2022.02.04-09.16.47:877][  0]LogConfig: Setting CVar [[r.DOF.Scatter.MaxSpriteRatio:0.1         ; only a maximum of 10% of scattered bokeh]]
[2022.02.04-09.16.47:877][  0]LogConfig: Setting CVar [[r.DOF.Recombine.Quality:1                ; cheap slight out of focus]]
[2022.02.04-09.16.47:877][  0]LogConfig: Setting CVar [[r.DOF.Recombine.EnableBokehSettings:0    ; no bokeh simulation on slight out of focus]]
[2022.02.04-09.16.47:877][  0]LogConfig: Setting CVar [[r.DOF.TemporalAAQuality:1                ; more stable temporal accumulation]]
[2022.02.04-09.16.47:877][  0]LogConfig: Setting CVar [[r.DOF.Kernel.MaxForegroundRadius:0.025]]
[2022.02.04-09.16.47:877][  0]LogConfig: Setting CVar [[r.DOF.Kernel.MaxBackgroundRadius:0.025]]
[2022.02.04-09.16.47:877][  0]LogConfig: Applying CVar settings from Section [TextureQuality@3] File [F:/MainProject/FlyProject_End/Stole_DaVInchy/Saved/Config/Windows/Scalability.ini]
[2022.02.04-09.16.47:877][  0]LogConfig: Setting CVar [[r.Streaming.MipBias:0]]
[2022.02.04-09.16.47:877][  0]LogConfig: Setting CVar [[r.Streaming.AmortizeCPUToGPUCopy:0]]
[2022.02.04-09.16.47:877][  0]LogConfig: Setting CVar [[r.Streaming.MaxNumTexturesToStreamPerFrame:0]]
[2022.02.04-09.16.47:877][  0]LogConfig: Setting CVar [[r.Streaming.Boost:1]]
[2022.02.04-09.16.47:877][  0]LogConfig: Setting CVar [[r.MaxAnisotropy:8]]
[2022.02.04-09.16.47:877][  0]LogConfig: Setting CVar [[r.VT.MaxAnisotropy:8]]
[2022.02.04-09.16.47:877][  0]LogConfig: Setting CVar [[r.Streaming.LimitPoolSizeToVRAM:0]]
[2022.02.04-09.16.47:877][  0]LogConfig: Setting CVar [[r.Streaming.PoolSize:1000]]
[2022.02.04-09.16.47:877][  0]LogConfig: Setting CVar [[r.Streaming.MaxEffectiveScreenSize:0]]
[2022.02.04-09.16.47:877][  0]LogConfig: Applying CVar settings from Section [EffectsQuality@3] File [F:/MainProject/FlyProject_End/Stole_DaVInchy/Saved/Config/Windows/Scalability.ini]
[2022.02.04-09.16.47:877][  0]LogConfig: Setting CVar [[r.TranslucencyLightingVolumeDim:64]]
[2022.02.04-09.16.47:877][  0]LogConfig: Setting CVar [[r.RefractionQuality:2]]
[2022.02.04-09.16.47:877][  0]LogConfig: Setting CVar [[r.SSR.Quality:3]]
[2022.02.04-09.16.47:877][  0]LogConfig: Setting CVar [[r.SSR.HalfResSceneColor:0]]
[2022.02.04-09.16.47:877][  0]LogConfig: Setting CVar [[r.SceneColorFormat:4]]
[2022.02.04-09.16.47:877][  0]LogConfig: Setting CVar [[r.DetailMode:2]]
[2022.02.04-09.16.47:877][  0]LogConfig: Setting CVar [[r.TranslucencyVolumeBlur:1]]
[2022.02.04-09.16.47:877][  0]LogConfig: Setting CVar [[r.MaterialQualityLevel:1 ; High quality]]
[2022.02.04-09.16.47:877][  0]LogConfig: Setting CVar [[r.AnisotropicMaterials:1]]
[2022.02.04-09.16.47:877][  0]LogConfig: Setting CVar [[r.SSS.Scale:1]]
[2022.02.04-09.16.47:877][  0]LogConfig: Setting CVar [[r.SSS.SampleSet:2]]
[2022.02.04-09.16.47:877][  0]LogConfig: Setting CVar [[r.SSS.Quality:1]]
[2022.02.04-09.16.47:877][  0]LogConfig: Setting CVar [[r.SSS.HalfRes:0]]
[2022.02.04-09.16.47:877][  0]LogConfig: Setting CVar [[r.SSGI.Quality:3]]
[2022.02.04-09.16.47:877][  0]LogConfig: Setting CVar [[r.EmitterSpawnRateScale:1.0]]
[2022.02.04-09.16.47:877][  0]LogConfig: Setting CVar [[r.ParticleLightQuality:2]]
[2022.02.04-09.16.47:877][  0]LogConfig: Setting CVar [[r.SkyAtmosphere.AerialPerspectiveLUT.FastApplyOnOpaque:1 ; Always have FastSkyLUT 1 in this case to avoid wrong sky]]
[2022.02.04-09.16.47:877][  0]LogConfig: Setting CVar [[r.SkyAtmosphere.AerialPerspectiveLUT.SampleCountMaxPerSlice:4]]
[2022.02.04-09.16.47:877][  0]LogConfig: Setting CVar [[r.SkyAtmosphere.AerialPerspectiveLUT.DepthResolution:16.0]]
[2022.02.04-09.16.47:877][  0]LogConfig: Setting CVar [[r.SkyAtmosphere.FastSkyLUT:1]]
[2022.02.04-09.16.47:877][  0]LogConfig: Setting CVar [[r.SkyAtmosphere.FastSkyLUT.SampleCountMin:4.0]]
[2022.02.04-09.16.47:877][  0]LogConfig: Setting CVar [[r.SkyAtmosphere.FastSkyLUT.SampleCountMax:128.0]]
[2022.02.04-09.16.47:877][  0]LogConfig: Setting CVar [[r.SkyAtmosphere.SampleCountMin:4.0]]
[2022.02.04-09.16.47:877][  0]LogConfig: Setting CVar [[r.SkyAtmosphere.SampleCountMax:128.0]]
[2022.02.04-09.16.47:877][  0]LogConfig: Setting CVar [[r.SkyAtmosphere.TransmittanceLUT.UseSmallFormat:0]]
[2022.02.04-09.16.47:877][  0]LogConfig: Setting CVar [[r.SkyAtmosphere.TransmittanceLUT.SampleCount:10.0]]
[2022.02.04-09.16.47:877][  0]LogConfig: Setting CVar [[r.SkyAtmosphere.MultiScatteringLUT.SampleCount:15.0]]
[2022.02.04-09.16.47:877][  0]LogConfig: Setting CVar [[r.SkyLight.RealTimeReflectionCapture:1]]
[2022.02.04-09.16.47:877][  0]LogConfig: Applying CVar settings from Section [FoliageQuality@3] File [F:/MainProject/FlyProject_End/Stole_DaVInchy/Saved/Config/Windows/Scalability.ini]
[2022.02.04-09.16.47:877][  0]LogConfig: Setting CVar [[foliage.DensityScale:1.0]]
[2022.02.04-09.16.47:877][  0]LogConfig: Setting CVar [[grass.DensityScale:1.0]]
[2022.02.04-09.16.47:877][  0]LogConfig: Applying CVar settings from Section [ShadingQuality@3] File [F:/MainProject/FlyProject_End/Stole_DaVInchy/Saved/Config/Windows/Scalability.ini]
[2022.02.04-09.16.47:877][  0]LogConfig: Setting CVar [[r.HairStrands.SkyLighting.IntegrationType:2]]
[2022.02.04-09.16.47:877][  0]LogConfig: Setting CVar [[r.HairStrands.SkyAO.SampleCount:4]]
[2022.02.04-09.16.47:877][  0]LogConfig: Setting CVar [[r.HairStrands.Visibility.MSAA.SamplePerPixel:4]]
[2022.02.04-09.16.47:885][  0]LogInit: Selected Device Profile: [Windows]
[2022.02.04-09.16.47:886][  0]LogInit: Applying CVar settings loaded from the selected device profile: [Windows]
[2022.02.04-09.16.47:896][  0]LogHAL: Display: Platform has ~ 16 GB [17121394688 / 17179869184 / 16], which maps to Larger [LargestMinGB=32, LargerMinGB=12, DefaultMinGB=8, SmallerMinGB=6, SmallestMinGB=0)
[2022.02.04-09.16.47:896][  0]LogInit: Going up to parent DeviceProfile []
[2022.02.04-09.16.47:898][  0]LogConfig: Applying CVar settings from Section [ViewDistanceQuality@3] File [F:/MainProject/FlyProject_End/Stole_DaVInchy/Saved/Config/Windows/Scalability.ini]
[2022.02.04-09.16.47:898][  0]LogConfig: Setting CVar [[r.SkeletalMeshLODBias:0]]
[2022.02.04-09.16.47:898][  0]LogConfig: Setting CVar [[r.ViewDistanceScale:1.0]]
[2022.02.04-09.16.47:898][  0]LogConfig: Applying CVar settings from Section [AntiAliasingQuality@3] File [F:/MainProject/FlyProject_End/Stole_DaVInchy/Saved/Config/Windows/Scalability.ini]
[2022.02.04-09.16.47:898][  0]LogConfig: Setting CVar [[r.PostProcessAAQuality:4]]
[2022.02.04-09.16.47:898][  0]LogConfig: Applying CVar settings from Section [ShadowQuality@3] File [F:/MainProject/FlyProject_End/Stole_DaVInchy/Saved/Config/Windows/Scalability.ini]
[2022.02.04-09.16.47:898][  0]LogConfig: Setting CVar [[r.LightFunctionQuality:1]]
[2022.02.04-09.16.47:898][  0]LogConfig: Setting CVar [[r.ShadowQuality:5]]
[2022.02.04-09.16.47:898][  0]LogConfig: Setting CVar [[r.Shadow.CSM.MaxCascades:10]]
[2022.02.04-09.16.47:898][  0]LogConfig: Setting CVar [[r.Shadow.MaxResolution:2048]]
[2022.02.04-09.16.47:898][  0]LogConfig: Setting CVar [[r.Shadow.MaxCSMResolution:2048]]
[2022.02.04-09.16.47:898][  0]LogConfig: Setting CVar [[r.Shadow.RadiusThreshold:0.01]]
[2022.02.04-09.16.47:898][  0]LogConfig: Setting CVar [[r.Shadow.DistanceScale:1.0]]
[2022.02.04-09.16.47:898][  0]LogConfig: Setting CVar [[r.Shadow.CSM.TransitionScale:1.0]]
[2022.02.04-09.16.47:898][  0]LogConfig: Setting CVar [[r.Shadow.PreShadowResolutionFactor:1.0]]
[2022.02.04-09.16.47:898][  0]LogConfig: Setting CVar [[r.DistanceFieldShadowing:1]]
[2022.02.04-09.16.47:898][  0]LogConfig: Setting CVar [[r.DistanceFieldAO:1]]
[2022.02.04-09.16.47:898][  0]LogConfig: Setting CVar [[r.AOQuality:2]]
[2022.02.04-09.16.47:898][  0]LogConfig: Setting CVar [[r.VolumetricFog:1]]
[2022.02.04-09.16.47:898][  0]LogConfig: Setting CVar [[r.VolumetricFog.GridPixelSize:8]]
[2022.02.04-09.16.47:898][  0]LogConfig: Setting CVar [[r.VolumetricFog.GridSizeZ:128]]
[2022.02.04-09.16.47:898][  0]LogConfig: Setting CVar [[r.VolumetricFog.HistoryMissSupersampleCount:4]]
[2022.02.04-09.16.47:898][  0]LogConfig: Setting CVar [[r.LightMaxDrawDistanceScale:1]]
[2022.02.04-09.16.47:898][  0]LogConfig: Setting CVar [[r.CapsuleShadows:1]]
[2022.02.04-09.16.47:898][  0]LogConfig: Applying CVar settings from Section [PostProcessQuality@3] File [F:/MainProject/FlyProject_End/Stole_DaVInchy/Saved/Config/Windows/Scalability.ini]
[2022.02.04-09.16.47:898][  0]LogConfig: Setting CVar [[r.MotionBlurQuality:4]]
[2022.02.04-09.16.47:898][  0]LogConfig: Setting CVar [[r.AmbientOcclusionMipLevelFactor:0.4]]
[2022.02.04-09.16.47:898][  0]LogConfig: Setting CVar [[r.AmbientOcclusionMaxQuality:100]]
[2022.02.04-09.16.47:898][  0]LogConfig: Setting CVar [[r.AmbientOcclusionLevels:-1]]
[2022.02.04-09.16.47:898][  0]LogConfig: Setting CVar [[r.AmbientOcclusionRadiusScale:1.0]]
[2022.02.04-09.16.47:898][  0]LogConfig: Setting CVar [[r.DepthOfFieldQuality:2]]
[2022.02.04-09.16.47:898][  0]LogConfig: Setting CVar [[r.RenderTargetPoolMin:400]]
[2022.02.04-09.16.47:898][  0]LogConfig: Setting CVar [[r.LensFlareQuality:2]]
[2022.02.04-09.16.47:898][  0]LogConfig: Setting CVar [[r.SceneColorFringeQuality:1]]
[2022.02.04-09.16.47:898][  0]LogConfig: Setting CVar [[r.EyeAdaptationQuality:2]]
[2022.02.04-09.16.47:898][  0]LogConfig: Setting CVar [[r.BloomQuality:5]]
[2022.02.04-09.16.47:898][  0]LogConfig: Setting CVar [[r.FastBlurThreshold:100]]
[2022.02.04-09.16.47:898][  0]LogConfig: Setting CVar [[r.Upscale.Quality:3]]
[2022.02.04-09.16.47:898][  0]LogConfig: Setting CVar [[r.Tonemapper.GrainQuantization:1]]
[2022.02.04-09.16.47:898][  0]LogConfig: Setting CVar [[r.LightShaftQuality:1]]
[2022.02.04-09.16.47:898][  0]LogConfig: Setting CVar [[r.Filter.SizeScale:1]]
[2022.02.04-09.16.47:898][  0]LogConfig: Setting CVar [[r.Tonemapper.Quality:5]]
[2022.02.04-09.16.47:898][  0]LogConfig: Setting CVar [[r.DOF.Gather.AccumulatorQuality:1        ; higher gathering accumulator quality]]
[2022.02.04-09.16.47:898][  0]LogConfig: Setting CVar [[r.DOF.Gather.PostfilterMethod:1          ; Median3x3 postfilering method]]
[2022.02.04-09.16.47:898][  0]LogConfig: Setting CVar [[r.DOF.Gather.EnableBokehSettings:0       ; no bokeh simulation when gathering]]
[2022.02.04-09.16.47:898][  0]LogConfig: Setting CVar [[r.DOF.Gather.RingCount:4                 ; medium number of samples when gathering]]
[2022.02.04-09.16.47:898][  0]LogConfig: Setting CVar [[r.DOF.Scatter.ForegroundCompositing:1    ; additive foreground scattering]]
[2022.02.04-09.16.47:898][  0]LogConfig: Setting CVar [[r.DOF.Scatter.BackgroundCompositing:2    ; additive background scattering]]
[2022.02.04-09.16.47:898][  0]LogConfig: Setting CVar [[r.DOF.Scatter.EnableBokehSettings:1      ; bokeh simulation when scattering]]
[2022.02.04-09.16.47:899][  0]LogConfig: Setting CVar [[r.DOF.Scatter.MaxSpriteRatio:0.1         ; only a maximum of 10% of scattered bokeh]]
[2022.02.04-09.16.47:899][  0]LogConfig: Setting CVar [[r.DOF.Recombine.Quality:1                ; cheap slight out of focus]]
[2022.02.04-09.16.47:899][  0]LogConfig: Setting CVar [[r.DOF.Recombine.EnableBokehSettings:0    ; no bokeh simulation on slight out of focus]]
[2022.02.04-09.16.47:899][  0]LogConfig: Setting CVar [[r.DOF.TemporalAAQuality:1                ; more stable temporal accumulation]]
[2022.02.04-09.16.47:899][  0]LogConfig: Setting CVar [[r.DOF.Kernel.MaxForegroundRadius:0.025]]
[2022.02.04-09.16.47:899][  0]LogConfig: Setting CVar [[r.DOF.Kernel.MaxBackgroundRadius:0.025]]
[2022.02.04-09.16.47:899][  0]LogConfig: Applying CVar settings from Section [TextureQuality@3] File [F:/MainProject/FlyProject_End/Stole_DaVInchy/Saved/Config/Windows/Scalability.ini]
[2022.02.04-09.16.47:899][  0]LogConfig: Setting CVar [[r.Streaming.MipBias:0]]
[2022.02.04-09.16.47:899][  0]LogConfig: Setting CVar [[r.Streaming.AmortizeCPUToGPUCopy:0]]
[2022.02.04-09.16.47:899][  0]LogConfig: Setting CVar [[r.Streaming.MaxNumTexturesToStreamPerFrame:0]]
[2022.02.04-09.16.47:899][  0]LogConfig: Setting CVar [[r.Streaming.Boost:1]]
[2022.02.04-09.16.47:899][  0]LogConfig: Setting CVar [[r.MaxAnisotropy:8]]
[2022.02.04-09.16.47:899][  0]LogConfig: Setting CVar [[r.VT.MaxAnisotropy:8]]
[2022.02.04-09.16.47:899][  0]LogConfig: Setting CVar [[r.Streaming.LimitPoolSizeToVRAM:0]]
[2022.02.04-09.16.47:899][  0]LogConfig: Setting CVar [[r.Streaming.PoolSize:1000]]
[2022.02.04-09.16.47:899][  0]LogConfig: Setting CVar [[r.Streaming.MaxEffectiveScreenSize:0]]
[2022.02.04-09.16.47:899][  0]LogConfig: Applying CVar settings from Section [EffectsQuality@3] File [F:/MainProject/FlyProject_End/Stole_DaVInchy/Saved/Config/Windows/Scalability.ini]
[2022.02.04-09.16.47:899][  0]LogConfig: Setting CVar [[r.TranslucencyLightingVolumeDim:64]]
[2022.02.04-09.16.47:899][  0]LogConfig: Setting CVar [[r.RefractionQuality:2]]
[2022.02.04-09.16.47:899][  0]LogConfig: Setting CVar [[r.SSR.Quality:3]]
[2022.02.04-09.16.47:899][  0]LogConfig: Setting CVar [[r.SSR.HalfResSceneColor:0]]
[2022.02.04-09.16.47:899][  0]LogConfig: Setting CVar [[r.SceneColorFormat:4]]
[2022.02.04-09.16.47:899][  0]LogConfig: Setting CVar [[r.DetailMode:2]]
[2022.02.04-09.16.47:899][  0]LogConfig: Setting CVar [[r.TranslucencyVolumeBlur:1]]
[2022.02.04-09.16.47:899][  0]LogConfig: Setting CVar [[r.MaterialQualityLevel:1 ; High quality]]
[2022.02.04-09.16.47:899][  0]LogConfig: Setting CVar [[r.AnisotropicMaterials:1]]
[2022.02.04-09.16.47:899][  0]LogConfig: Setting CVar [[r.SSS.Scale:1]]
[2022.02.04-09.16.47:899][  0]LogConfig: Setting CVar [[r.SSS.SampleSet:2]]
[2022.02.04-09.16.47:899][  0]LogConfig: Setting CVar [[r.SSS.Quality:1]]
[2022.02.04-09.16.47:899][  0]LogConfig: Setting CVar [[r.SSS.HalfRes:0]]
[2022.02.04-09.16.47:899][  0]LogConfig: Setting CVar [[r.SSGI.Quality:3]]
[2022.02.04-09.16.47:899][  0]LogConfig: Setting CVar [[r.EmitterSpawnRateScale:1.0]]
[2022.02.04-09.16.47:899][  0]LogConfig: Setting CVar [[r.ParticleLightQuality:2]]
[2022.02.04-09.16.47:899][  0]LogConfig: Setting CVar [[r.SkyAtmosphere.AerialPerspectiveLUT.FastApplyOnOpaque:1 ; Always have FastSkyLUT 1 in this case to avoid wrong sky]]
[2022.02.04-09.16.47:899][  0]LogConfig: Setting CVar [[r.SkyAtmosphere.AerialPerspectiveLUT.SampleCountMaxPerSlice:4]]
[2022.02.04-09.16.47:899][  0]LogConfig: Setting CVar [[r.SkyAtmosphere.AerialPerspectiveLUT.DepthResolution:16.0]]
[2022.02.04-09.16.47:899][  0]LogConfig: Setting CVar [[r.SkyAtmosphere.FastSkyLUT:1]]
[2022.02.04-09.16.47:899][  0]LogConfig: Setting CVar [[r.SkyAtmosphere.FastSkyLUT.SampleCountMin:4.0]]
[2022.02.04-09.16.47:899][  0]LogConfig: Setting CVar [[r.SkyAtmosphere.FastSkyLUT.SampleCountMax:128.0]]
[2022.02.04-09.16.47:899][  0]LogConfig: Setting CVar [[r.SkyAtmosphere.SampleCountMin:4.0]]
[2022.02.04-09.16.47:899][  0]LogConfig: Setting CVar [[r.SkyAtmosphere.SampleCountMax:128.0]]
[2022.02.04-09.16.47:899][  0]LogConfig: Setting CVar [[r.SkyAtmosphere.TransmittanceLUT.UseSmallFormat:0]]
[2022.02.04-09.16.47:899][  0]LogConfig: Setting CVar [[r.SkyAtmosphere.TransmittanceLUT.SampleCount:10.0]]
[2022.02.04-09.16.47:899][  0]LogConfig: Setting CVar [[r.SkyAtmosphere.MultiScatteringLUT.SampleCount:15.0]]
[2022.02.04-09.16.47:899][  0]LogConfig: Setting CVar [[r.SkyLight.RealTimeReflectionCapture:1]]
[2022.02.04-09.16.47:899][  0]LogConfig: Applying CVar settings from Section [FoliageQuality@3] File [F:/MainProject/FlyProject_End/Stole_DaVInchy/Saved/Config/Windows/Scalability.ini]
[2022.02.04-09.16.47:899][  0]LogConfig: Setting CVar [[foliage.DensityScale:1.0]]
[2022.02.04-09.16.47:899][  0]LogConfig: Setting CVar [[grass.DensityScale:1.0]]
[2022.02.04-09.16.47:899][  0]LogConfig: Applying CVar settings from Section [ShadingQuality@3] File [F:/MainProject/FlyProject_End/Stole_DaVInchy/Saved/Config/Windows/Scalability.ini]
[2022.02.04-09.16.47:899][  0]LogConfig: Setting CVar [[r.HairStrands.SkyLighting.IntegrationType:2]]
[2022.02.04-09.16.47:899][  0]LogConfig: Setting CVar [[r.HairStrands.SkyAO.SampleCount:4]]
[2022.02.04-09.16.47:899][  0]LogConfig: Setting CVar [[r.HairStrands.Visibility.MSAA.SamplePerPixel:4]]
[2022.02.04-09.16.47:899][  0]LogConfig: Applying CVar settings from Section [Startup] File [../../../Engine/Config/ConsoleVariables.ini]
[2022.02.04-09.16.47:924][  0]LogConfig: Setting CVar [[net.UseAdaptiveNetUpdateFrequency:0]]
[2022.02.04-09.16.47:924][  0]LogConfig: Setting CVar [[p.chaos.AllowCreatePhysxBodies:1]]
[2022.02.04-09.16.47:924][  0]LogConfig: Setting CVar [[fx.SkipVectorVMBackendOptimizations:1]]
[2022.02.04-09.16.47:924][  0]LogConfig: Applying CVar settings from Section [ConsoleVariables] File [F:/MainProject/FlyProject_End/Stole_DaVInchy/Saved/Config/Windows/Engine.ini]
[2022.02.04-09.16.47:924][  0]LogConfig: Applying CVar settings from Section [ConsoleVariables] File [F:/MainProject/FlyProject_End/Stole_DaVInchy/Saved/Config/Windows/Editor.ini]
[2022.02.04-09.16.47:951][  0]LogInit: Computer: DESKTOP-QARVD59
[2022.02.04-09.16.47:951][  0]LogInit: User: игорь
[2022.02.04-09.16.47:951][  0]LogInit: CPU Page size=4096, Cores=6
[2022.02.04-09.16.47:951][  0]LogInit: High frequency timer resolution =10.000000 MHz
[2022.02.04-09.16.47:958][  0]LogMemory: Memory total: Physical=15.9GB (16GB approx)
[2022.02.04-09.16.47:961][  0]LogMemory: Platform Memory Stats for Windows
[2022.02.04-09.16.47:961][  0]LogMemory: Process Physical Memory: 146.07 MB used, 146.07 MB peak
[2022.02.04-09.16.47:961][  0]LogMemory: Process Virtual Memory: 131.73 MB used, 131.73 MB peak
[2022.02.04-09.16.47:961][  0]LogMemory: Physical Memory: 5195.61 MB used,  11132.62 MB free, 16328.23 MB total
[2022.02.04-09.16.47:961][  0]LogMemory: Virtual Memory: 134200440.00 MB used,  17286.29 MB free, 134217728.00 MB total
[2022.02.04-09.16.48:004][  0]LogWindows: WindowsPlatformFeatures enabled
[2022.02.04-09.16.48:871][  0]LogInit: Physics initialised using underlying interface: PhysX
[2022.02.04-09.16.48:893][  0]LogInit: Using OS detected language (en-US).
[2022.02.04-09.16.48:893][  0]LogInit: Using OS detected locale (en-US).
[2022.02.04-09.16.49:014][  0]LogTextLocalizationManager: No specific localization for 'en-US' exists, so the 'en' localization will be used.
[2022.02.04-09.16.49:663][  0]LogInit: Setting process to per monitor DPI aware
[2022.02.04-09.16.49:963][  0]LogWindowsTextInputMethodSystem: Display: IME system deactivated.
[2022.02.04-09.16.50:580][  0]LogSlate: New Slate User Created.  User Index 0, Is Virtual User: 0
[2022.02.04-09.16.50:580][  0]LogSlate: Slate User Registered.  User Index 0, Is Virtual User: 0
[2022.02.04-09.16.53:537][  0]LogD3D11RHI: Loaded GFSDK_Aftermath_Lib.x64.dll
[2022.02.04-09.16.53:611][  0]LogHMD: Failed to initialize OpenVR with code 101
[2022.02.04-09.16.53:612][  0]LogD3D11RHI: D3D11 min allowed feature level: 11_0
[2022.02.04-09.16.53:612][  0]LogD3D11RHI: D3D11 max allowed feature level: 11_0
[2022.02.04-09.16.53:612][  0]LogD3D11RHI: D3D11 adapters:
[2022.02.04-09.16.53:762][  0]LogD3D11RHI:    0. 'NVIDIA GeForce GTX 960' (Feature Level 11_0)
[2022.02.04-09.16.53:762][  0]LogD3D11RHI:       4053/0/8164 MB DedicatedVideo/DedicatedSystem/SharedSystem, Outputs:1, VendorId:0x10de
[2022.02.04-09.16.53:766][  0]LogD3D11RHI:    1. 'Microsoft Basic Render Driver' (Feature Level 11_0)
[2022.02.04-09.16.53:766][  0]LogD3D11RHI:       0/0/8164 MB DedicatedVideo/DedicatedSystem/SharedSystem, Outputs:0, VendorId:0x1414
[2022.02.04-09.16.53:766][  0]LogD3D11RHI: Chosen D3D11 Adapter:
[2022.02.04-09.16.53:766][  0]LogD3D11RHI:     Description : NVIDIA GeForce GTX 960
[2022.02.04-09.16.53:766][  0]LogD3D11RHI:     VendorId    : 10de
[2022.02.04-09.16.53:766][  0]LogD3D11RHI:     DeviceId    : 1401
[2022.02.04-09.16.53:766][  0]LogD3D11RHI:     SubSysId    : 10de
[2022.02.04-09.16.53:766][  0]LogD3D11RHI:     Revision    : 00a1
[2022.02.04-09.16.53:766][  0]LogD3D11RHI:     DedicatedVideoMemory : 4250271744 bytes
[2022.02.04-09.16.53:766][  0]LogD3D11RHI:     DedicatedSystemMemory : 0 bytes
[2022.02.04-09.16.53:766][  0]LogD3D11RHI:     SharedSystemMemory : 8560697344 bytes
[2022.02.04-09.16.53:766][  0]LogD3D11RHI:     AdapterLuid : 0 75144
[2022.02.04-09.16.53:781][  0]LogD3D11RHI: Creating new Direct3DDevice
[2022.02.04-09.16.53:781][  0]LogD3D11RHI:     GPU DeviceId: 0x1401 (for the marketing name, search the web for "GPU Device Id")
[2022.02.04-09.16.53:781][  0]LogWindows: EnumDisplayDevices:
[2022.02.04-09.16.53:781][  0]LogWindows:    0. 'NVIDIA GeForce GTX 960' (P:1 D:1)
[2022.02.04-09.16.53:781][  0]LogWindows:    1. 'NVIDIA GeForce GTX 960' (P:0 D:0)
[2022.02.04-09.16.53:782][  0]LogWindows:    2. 'NVIDIA GeForce GTX 960' (P:0 D:0)
[2022.02.04-09.16.53:782][  0]LogWindows:    3. 'NVIDIA GeForce GTX 960' (P:0 D:0)
[2022.02.04-09.16.53:782][  0]LogWindows: DebugString: FoundDriverCount:4 
[2022.02.04-09.16.53:782][  0]LogD3D11RHI:     Adapter Name: NVIDIA GeForce GTX 960
[2022.02.04-09.16.53:782][  0]LogD3D11RHI:   Driver Version: 496.49 (internal:30.0.14.9649, unified:496.49)
[2022.02.04-09.16.53:782][  0]LogD3D11RHI:      Driver Date: 10-20-2021
[2022.02.04-09.16.53:782][  0]LogRHI: Texture pool is 2837 MB (70% of 4053 MB)
[2022.02.04-09.16.53:782][  0]LogD3D11RHI: Creating D3DDevice using adapter:
[2022.02.04-09.16.53:782][  0]LogD3D11RHI:     Description : NVIDIA GeForce GTX 960
[2022.02.04-09.16.53:782][  0]LogD3D11RHI:     VendorId    : 10de
[2022.02.04-09.16.53:782][  0]LogD3D11RHI:     DeviceId    : 1401
[2022.02.04-09.16.53:782][  0]LogD3D11RHI:     SubSysId    : 10de
[2022.02.04-09.16.53:782][  0]LogD3D11RHI:     Revision    : 00a1
[2022.02.04-09.16.53:782][  0]LogD3D11RHI:     DedicatedVideoMemory : 4250271744 bytes
[2022.02.04-09.16.53:782][  0]LogD3D11RHI:     DedicatedSystemMemory : 0 bytes
[2022.02.04-09.16.53:782][  0]LogD3D11RHI:     SharedSystemMemory : 8560697344 bytes
[2022.02.04-09.16.53:782][  0]LogD3D11RHI:     AdapterLuid : 0 75144
[2022.02.04-09.16.53:830][  0]LogD3D11RHI: RHI has support for 64 bit atomics
[2022.02.04-09.16.53:831][  0]LogD3D11RHI: Async texture creation enabled
[2022.02.04-09.16.53:831][  0]LogD3D11RHI: Array index from any shader is supported
[2022.02.04-09.16.54:498][  0]LogD3D11RHI: GPU Timing Frequency: 1000.000000 (Debug: 2 2)
[2022.02.04-09.16.54:721][  0]LogRHI: GeForceNow SDK initialized: 1
[2022.02.04-09.16.55:771][  0]LogTargetPlatformManager: Display: Loaded TargetPlatform 'AllDesktop'
[2022.02.04-09.16.55:847][  0]LogTargetPlatformManager: Display: Loaded TargetPlatform 'Android'
[2022.02.04-09.16.55:847][  0]LogTargetPlatformManager: Display: Loaded TargetPlatform 'Android_ASTC'
[2022.02.04-09.16.55:847][  0]LogTargetPlatformManager: Display: Loaded TargetPlatform 'Android_DXT'
[2022.02.04-09.16.55:847][  0]LogTargetPlatformManager: Display: Loaded TargetPlatform 'Android_ETC2'
[2022.02.04-09.16.55:847][  0]LogTargetPlatformManager: Display: Loaded TargetPlatform 'AndroidClient'
[2022.02.04-09.16.55:847][  0]LogTargetPlatformManager: Display: Loaded TargetPlatform 'Android_ASTCClient'
[2022.02.04-09.16.55:847][  0]LogTargetPlatformManager: Display: Loaded TargetPlatform 'Android_DXTClient'
[2022.02.04-09.16.55:847][  0]LogTargetPlatformManager: Display: Loaded TargetPlatform 'Android_ETC2Client'
[2022.02.04-09.16.55:847][  0]LogTargetPlatformManager: Display: Loaded TargetPlatform 'Android_Multi'
[2022.02.04-09.16.55:847][  0]LogTargetPlatformManager: Display: Loaded TargetPlatform 'Android_MultiClient'
[2022.02.04-09.16.55:969][  0]LogTargetPlatformManager: Display: Loaded TargetPlatform 'IOSClient'
[2022.02.04-09.16.55:969][  0]LogTargetPlatformManager: Display: Loaded TargetPlatform 'IOS'
[2022.02.04-09.16.56:052][  0]LogTargetPlatformManager: Display: Loaded TargetPlatform 'Linux'
[2022.02.04-09.16.56:085][  0]LogTargetPlatformManager: Display: Loaded TargetPlatform 'LinuxNoEditor'
[2022.02.04-09.16.56:115][  0]LogTargetPlatformManager: Display: Loaded TargetPlatform 'LinuxClient'
[2022.02.04-09.16.56:155][  0]LogTargetPlatformManager: Display: Loaded TargetPlatform 'LinuxServer'
[2022.02.04-09.16.56:193][  0]LogTargetPlatformManager: Display: Loaded TargetPlatform 'LinuxAArch64NoEditor'
[2022.02.04-09.16.56:228][  0]LogTargetPlatformManager: Display: Loaded TargetPlatform 'LinuxAArch64Client'
[2022.02.04-09.16.56:294][  0]LogTargetPlatformManager: Display: Loaded TargetPlatform 'LinuxAArch64Server'
[2022.02.04-09.16.56:331][  0]LogTargetPlatformManager: Display: Loaded TargetPlatform 'Lumin'
[2022.02.04-09.16.56:331][  0]LogTargetPlatformManager: Display: Loaded TargetPlatform 'LuminClient'
[2022.02.04-09.16.56:420][  0]LogTargetPlatformManager: Display: Loaded TargetPlatform 'MacNoEditor'
[2022.02.04-09.16.56:447][  0]LogTargetPlatformManager: Display: Loaded TargetPlatform 'Mac'
[2022.02.04-09.16.56:477][  0]LogTargetPlatformManager: Display: Loaded TargetPlatform 'MacClient'
[2022.02.04-09.16.56:502][  0]LogTargetPlatformManager: Display: Loaded TargetPlatform 'MacServer'
[2022.02.04-09.16.56:535][  0]LogTargetPlatformManager: Display: Loaded TargetPlatform 'TVOSClient'
[2022.02.04-09.16.56:535][  0]LogTargetPlatformManager: Display: Loaded TargetPlatform 'TVOS'
[2022.02.04-09.16.56:585][  0]LogTargetPlatformManager: Display: Loaded TargetPlatform 'WindowsNoEditor'
[2022.02.04-09.16.56:666][  0]LogTargetPlatformManager: Display: Loaded TargetPlatform 'Windows'
[2022.02.04-09.16.56:699][  0]LogTargetPlatformManager: Display: Loaded TargetPlatform 'WindowsClient'
[2022.02.04-09.16.56:783][  0]LogTargetPlatformManager: Display: Loaded TargetPlatform 'WindowsServer'
[2022.02.04-09.16.56:783][  0]LogTargetPlatformManager: Display: Building Assets For Windows
[2022.02.04-09.16.56:998][  0]LogAudioDebug: Display: Lib vorbis DLL was dynamically loaded.
[2022.02.04-09.16.57:497][  0]LogTextureFormatOodle: Display: Oodle Texture 2.9.0 init RDO Off
[2022.02.04-09.16.58:162][  0]LogRendererCore: Ray tracing is disabled. Reason: r.RayTracing=0.
[2022.02.04-09.16.58:203][  0]LogShaderCompilers: Guid format shader working directory is 2 characters bigger than the processId version (F:/MainProject/FlyProject_End/Stole_DaVInchy/Intermediate/Shaders/WorkingDirectory/5888/).
[2022.02.04-09.16.58:203][  0]LogShaderCompilers: Cleaned the shader compiler working directory 'C:/Users/игорь/AppData/Local/Temp/UnrealShaderWorkingDir/C6A56B45483E1347FF95FAB412C6A802/'.
[2022.02.04-09.16.58:243][  0]LogXGEController: Cannot use XGE Controller as Incredibuild is not installed on this machine.
[2022.02.04-09.16.58:244][  0]LogShaderCompilers: Cannot use XGE Shader Compiler as Incredibuild is not installed on this machine.
[2022.02.04-09.16.58:255][  0]LogShaderCompilers: Display: Using Local Shader Compiler.
[2022.02.04-09.17.04:575][  0]LogDerivedDataCache: Display: Max Cache Size: 512 MB
[2022.02.04-09.17.04:896][  0]LogDerivedDataCache: Loaded boot cache 0.28s 116MB C:/Users/игорь/AppData/Local/UnrealEngine/4.27/DerivedDataCache/Boot.ddc.
[2022.02.04-09.17.04:897][  0]LogDerivedDataCache: Display: Loaded Boot cache: C:/Users/игорь/AppData/Local/UnrealEngine/4.27/DerivedDataCache/Boot.ddc
[2022.02.04-09.17.04:897][  0]LogDerivedDataCache: FDerivedDataBackendGraph:  Pak pak cache file F:/MainProject/FlyProject_End/Stole_DaVInchy/DerivedDataCache/DDC.ddp not found, will not use a pak cache.
[2022.02.04-09.17.04:897][  0]LogDerivedDataCache: Unable to find inner node Pak for hierarchical cache Hierarchy.
[2022.02.04-09.17.04:897][  0]LogDerivedDataCache: FDerivedDataBackendGraph:  CompressedPak pak cache file F:/MainProject/FlyProject_End/Stole_DaVInchy/DerivedDataCache/Compressed.ddp not found, will not use a pak cache.
[2022.02.04-09.17.04:897][  0]LogDerivedDataCache: Unable to find inner node CompressedPak for hierarchical cache Hierarchy.
[2022.02.04-09.17.05:001][  0]LogDerivedDataCache: Display: Pak cache opened for reading ../../../Engine/DerivedDataCache/Compressed.ddp.
[2022.02.04-09.17.05:001][  0]LogDerivedDataCache: FDerivedDataBackendGraph:  EnterprisePak pak cache file ../../../Enterprise/DerivedDataCache/Compressed.ddp not found, will not use a pak cache.
[2022.02.04-09.17.05:001][  0]LogDerivedDataCache: Unable to find inner node EnterprisePak for hierarchical cache Hierarchy.
[2022.02.04-09.17.05:082][  0]LogDerivedDataCache: Speed tests for C:/Users/игорь/AppData/Local/UnrealEngine/Common/DerivedDataCache took 0.08 seconds
[2022.02.04-09.17.05:083][  0]LogDerivedDataCache: Display: Performance to C:/Users/игорь/AppData/Local/UnrealEngine/Common/DerivedDataCache: Latency=3.22ms. RandomReadSpeed=26.01MBs, RandomWriteSpeed=140.11MBs. Assigned SpeedClass 'Fast'
[2022.02.04-09.17.05:084][  0]LogDerivedDataCache: Using Local data cache path C:/Users/игорь/AppData/Local/UnrealEngine/Common/DerivedDataCache: Writable
[2022.02.04-09.17.05:084][  0]LogDerivedDataCache: Shared data cache path not found in *engine.ini, will not use an Shared cache.
[2022.02.04-09.17.05:084][  0]LogDerivedDataCache: Unable to find inner node Shared for hierarchical cache Hierarchy.
[2022.02.04-09.17.05:303][  0]LogSlate: Using FreeType 2.10.0
[2022.02.04-09.17.05:396][  0]LogSlate: SlateFontServices - WITH_FREETYPE: 1, WITH_HARFBUZZ: 1
[2022.02.04-09.17.06:248][  0]LogAssetRegistry: FAssetRegistry took 0.0074 seconds to start up
[2022.02.04-09.17.16:036][  0]LogInit: Selected Device Profile: [Windows]
[2022.02.04-09.17.16:036][  0]LogInit: Active device profile: [0000022FFEF44B00][0000022FFD7B9000 49] Windows
[2022.02.04-09.17.16:036][  0]LogInit: Profiles: [0000022FFEF44B00][0000022FFD7B9000 49] Windows, [0000022FFEF1A100][0000022FFCF59180 49] WindowsNoEditor, [0000022FFEF45900][0000022FFCF3D300 49] WindowsServer, [0000022FFEF1AE00][0000022FF995D480 49] WindowsClient, [0000022FFEF47C00][0000022FF994B600 49] IOS, [0000022FFEF18F00][0000022FF9941780 49] iPadAir, [0000022FFEF47E00][0000022FFD93B900 49] iPadAir2, [0000022FFEEB4C00][0000022FFD8FDBC0 49] IPadPro, [0000022FFEEB4D00][0000022FFDAF9C00 49] iPadAir3, [0000022FFEF1BB00][0000022FFDD08200 49] iPadAir4, [0000022FFEEB7600][0000022FFDD78380 49] iPadMini2, [0000022FFEF1B200][0000022FFDD74500 49] iPadMini3, [0000022FFEEB7800][0000022FFDD70680 49] iPadMini4, [0000022FFEF1B800][0000022FFDD6C800 49] iPadMini5, [0000022FFEEE0600][0000022FFDD64AC0 49] iPhone6, [0000022FFEEE0700][0000022FFDD68B00 49] iPodTouch6, [0000022FFEF46900][0000022FFDD60D40 49] iPhone7, [0000022FFEF46800][0000022FFD7B4D80 49] iPodTouch7, [0000022FFEEE0100][0000022FFDD5CEC0 49] iPhone5S, [0000022FFEEB4700][0000022FFDD2D040 49] iPhone6Plus, [0000022FFEEE2500][0000022FFA9631C0 49] iPhone6S, [0000022FFEEB5300][0000022FFDCD3340 49] iPhone6SPlus, [0000022FFEEE3B00][0000022FFDA1B4C0 49] iPhone7Plus, [0000022FFEEB7500][0000022FFDA0B640 49] iPhoneSE, [0000022FFEF46600][0000022FFDA077C0 49] iPhone8, [0000022FFEEB4600][0000022FFD9C3940 49] iPhone8Plus, [0000022FFEF46200][0000022FFD8E9AC0 49] iPhoneX, [0000022FFEEB7300][0000022FFD8E40C0 49] iPhoneXS, [0000022FFEF47400][0000022FFD8E0240 49] iPhoneXSMax, [0000022FFEEB6D00][0000022FFD8D23C0 49] iPhoneXR, [0000022FFEF44200][0000022FFD8CE540 49] iPhone11, [0000022FFEEB5E00][0000022FDE7FE6C0 49] iPhone11Pro, [0000022FFEF46A00][0000022FFD8C0840 49] iPhone11ProMax, [0000022FFEEB7700][0000022FFD8B29C0 49] iPhoneSE2, [0000022FFEF44D00][0000022FFD8A8B40 49] iPhone12Mini, [0000022FFEEB5F00][0000022FFD898CC0 49] iPhone12, [0000022FFEF44700][0000022FFDD40E00 49] iPhone12Pro, [0000022FFEEB5400][0000022FFD894F40 49] iPhone12ProMax, [0000022FFEF44C00][0000022FFD883080 49] iPadPro105, [0000022FFEEB5700][0000022FFD87F1C0 49] iPadPro129, [0000022FFEF44100][0000022FFD871340 49] iPadPro97, [0000022FFEEB7C00][0000022FFCF734C0 49] iPadPro2_129, [0000022FFEF44800][0000022FFCF6F640 49] iPad5, [0000022FFEEB7100][0000022FFCF6B7C0 49] iPad6, [0000022FFEF44500][0000022FFD97D940 49] iPad7, [0000022FFEEB6800][0000022FFD95FAC0 49] iPad8, [0000022FFEF45500][0000022FFD0E00C0 49] iPadPro11, [0000022FFEEB5500][0000022FFD0D6240 49] iPadPro2_11, [0000022FFEF44F00][0000022FFA9CE3C0 49] iPadPro3_129, [0000022FFEEB6C00][0000022FFD53A540 49] iPadPro4_129, [0000022FFEF46500][0000022FFE1926C0 49] AppleTV, [0000022FFEEB5100][0000022FFE5AC840 49] AppleTV4K, [0000022FFEF44400][0000022FFE19C9C0 49] TVOS, [0000022FFEEB6600][0000022FFD66CB40 49] Mac, [0000022FFEF47D00][0000022FFD670CC0 49] MacClient, [0000022FFEEB5800][0000022FFD674E40 49] MacNoEditor, [0000022FFEF47100][0000022FFD87AF80 49] MacServer, [0000022FFEEB7900][0000022FFA9670C0 49] Linux, [0000022FFEF44900][0000022FFA96B200 49] LinuxAArch64, [0000022FFEEB7F00][0000022FFA96F340 49] LinuxNoEditor, [0000022FFEF45B00][0000022FFA9774C0 49] LinuxAArch64NoEditor, [0000022FFEEB7400][0000022FFA97B640 49] LinuxClient, [0000022FFEF45C00][0000022FFA97F7C0 49] LinuxAArch64Client, [0000022FFEEB5D00][0000022FFA983940 49] LinuxServer, [0000022FFEF46F00][0000022FFA987AC0 49] LinuxAArch64Server, [0000022FFEEB4500][0000022FFA98A0C0 49] Android, [0000022FFEF45E00][0000022FFDCD6240 49] Android_Low, [0000022FFEEB7000][0000022FFDCDA3C0 49] Android_Mid, [0000022FFEF46400][0000022FFDCDE540 49] Android_High, [0000022FFEEB4800][0000022FFDCE26C0 49] Android_Default, [0000022FFEF47200][0000022FFDCE6840 49] Android_Adreno4xx, [0000022FFEF1A400][0000022FFDCEA9C0 49] Android_Adreno5xx_Low, [0000022FFEEE1C00][0000022FFDCEEB40 49] Android_Adreno5xx, [0000022FFEF1BD00][0000022FFDCF2CC0 49] Android_Adreno6xx, [0000022FFEEE2B00][0000022FFDCF6E40 49] Android_Adreno6xx_Vulkan, [0000022FFEF1BE00][0000022FFDCFAFC0 49] Android_Mali_T6xx, [0000022FFEEE0F00][0000022FFD0AF140 49] Android_Mali_T7xx, [0000022FFEF19300][0000022FFA973280 49] Android_Mali_T8xx, [0000022FFEEE1F00][0000022FFD0B33C0 49] Android_Mali_G71, [0000022FFEF19C00][0000022FFD0B7500 49] Android_Mali_G72, [0000022FFEEE2400][0000022FFD0BF680 49] Android_Mali_G72_Vulkan, [0000022FFEF1B600][0000022FFD0C3800 49] Android_Mali_G76, [0000022FFEEE2100][0000022FFD0C7980 49] Android_Mali_G76_Vulkan, [0000022FFEF19B00][0000022FFD0CBB00 49] Android_Mali_G77, [0000022FFEEE0A00][0000022FFD0CE100 49] Android_Mali_G77_Vulkan, [0000022FFEF1B400][0000022FFD0D2280 49] Android_Mali_G78, [0000022FFEEE1300][0000022FFD060400 49] Android_Mali_G78_Vulkan, [0000022FFEF1A900][0000022FFD064580 49] Android_Mali_G710, [0000022FFEEE3D00][0000022FFD068700 49] Android_Mali_G710_Vulkan, [0000022FFEF19E00][0000022FFD06C880 49] Android_Vulkan_SM5, [0000022FFEEE0900][0000022FFD070A00 49] Android_PowerVR_G6xxx, [0000022FFEF19F00][0000022FFD074B80 49] Android_PowerVR_GT7xxx, [0000022FFEEE2700][0000022FFD078D00 49] Android_PowerVR_GE8xxx, [0000022FFEF1A300][0000022FFD07CE80 49] Android_PowerVR_GM9xxx, [0000022FFEEE3200][0000022FFD081000 49] Android_PowerVR_GM9xxx_Vulkan, [0000022FFEF1B000][0000022FFD085180 49] Android_TegraK1, [0000022FFEEE1700][0000022FFD089300 49] Android_Unknown_Vulkan, [0000022FFEF1B700][0000022FFD0BB440 49] Lumin, [0000022FFEEE0200][0000022FFD08D580 49] Lumin_Desktop, [0000022FFEF1A200][0000022FFD0916C0 49] HoloLens, 
[2022.02.04-09.17.17:926][  0]LogMeshReduction: Using QuadricMeshReduction for automatic static mesh reduction
[2022.02.04-09.17.17:926][  0]LogMeshReduction: Using SimplygonMeshReduction for automatic skeletal mesh reduction
[2022.02.04-09.17.17:926][  0]LogMeshReduction: Using ProxyLODMeshReduction for automatic mesh merging
[2022.02.04-09.17.17:926][  0]LogMeshReduction: No distributed automatic mesh merging module available
[2022.02.04-09.17.17:926][  0]LogMeshMerging: No distributed automatic mesh merging module available
[2022.02.04-09.17.18:691][  0]LogNetVersion: Stole_DaVInchy 1.0.0, NetCL: 17155196, EngineNetVer: 17, GameNetVer: 0 (Checksum: 1287528301)
[2022.02.04-09.17.33:335][  0]LogTexture: Default maximum texture size for cubemaps generated from long-lat sources has been changed from 512 to unlimited. In order to preserve old behaiour for '/Engine/MapTemplates/Sky/DaylightAmbientCubemap.DaylightAmbientCubemap', its maximum texture size has been explicitly set to 512.
[2022.02.04-09.17.34:346][  0]LogHMD: PokeAHoleMaterial loaded successfully
[2022.02.04-09.17.34:571][  0]LogUObjectArray: 17178 objects as part of root set at end of initial load.
[2022.02.04-09.17.34:571][  0]LogUObjectAllocator: 4302048 out of 0 bytes used by permanent object pool.
[2022.02.04-09.17.34:571][  0]LogUObjectArray: CloseDisregardForGC: 0/0 objects in disregard for GC pool
[2022.02.04-09.17.37:398][  0]LogTcpMessaging: Initializing TcpMessaging bridge
[2022.02.04-09.17.37:457][  0]LogUdpMessaging: Initializing bridge on interface 0.0.0.0:0 to multicast group 230.0.0.1:6666.
[2022.02.04-09.17.37:991][  0]LogNiagaraDebuggerClient: Niagara Debugger Client Initialized | Session: A4A73AA3429A801260E8D6964D2A332B | Instance: E98B1E9A46A4ABD18A96BC824F2FFA4F (DESKTOP-QARVD59-5888).
[2022.02.04-09.17.39:161][  0]LogPython: Using Python 3.7.7
[2022.02.04-09.17.48:919][  0]LogOpenImageDenoise: OIDN starting up
[2022.02.04-09.17.49:076][  0]LogAndroidPermission: UAndroidPermissionCallbackProxy::GetInstance
[2022.02.04-09.17.49:257][  0]LogAudioCaptureCore: Display: No Audio Capture implementations found. Audio input will be silent.
[2022.02.04-09.17.49:257][  0]LogAudioCaptureCore: Display: No Audio Capture implementations found. Audio input will be silent.
[2022.02.04-09.17.51:514][  0]SourceControl: Source control is disabled
[2022.02.04-09.17.51:514][  0]SourceControl: Source control is disabled
[2022.02.04-09.17.51:616][  0]SourceControl: Source control is disabled
[2022.02.04-09.17.51:646][  0]SourceControl: Source control is disabled
[2022.02.04-09.17.51:732][  0]SourceControl: Source control is disabled
[2022.02.04-09.17.51:799][  0]LogUProjectInfo: Found projects:
[2022.02.04-09.17.52:892][  0]LogOcInput: OculusInput pre-init called
[2022.02.04-09.17.53:465][  0]LogCollectionManager: Loaded 0 collections in 0.000811 seconds
[2022.02.04-09.17.53:741][  0]LogFileCache: Scanning file cache for directory 'F:/MainProject/FlyProject_End/Stole_DaVInchy/Saved/Collections/' took 0.01s
[2022.02.04-09.17.53:741][  0]LogFileCache: Scanning file cache for directory 'F:/MainProject/FlyProject_End/Stole_DaVInchy/Content/Developers/игорь/Collections/' took 0.00s
[2022.02.04-09.17.53:741][  0]LogFileCache: Scanning file cache for directory 'F:/MainProject/FlyProject_End/Stole_DaVInchy/Content/Collections/' took 0.00s
[2022.02.04-09.17.56:460][  0]LogClass: Display: Int8Property FMTSJson::version is not initialized properly. Module:MegascansPlugin File:Private/Utilities/MTSReader.h
[2022.02.04-09.17.56:484][  0]LogClass: Display: Int16Property FMTSJson::resolutionValue is not initialized properly. Module:MegascansPlugin File:Private/Utilities/MTSReader.h
[2022.02.04-09.17.56:484][  0]LogClass: Display: BoolProperty FMTSJson::isExternal is not initialized properly. Module:MegascansPlugin File:Private/Utilities/MTSReader.h
[2022.02.04-09.17.56:484][  0]LogClass: Display: Int8Property FMTSJson::meshVersion is not initialized properly. Module:MegascansPlugin File:Private/Utilities/MTSReader.h
[2022.02.04-09.17.56:484][  0]LogClass: Display: BoolProperty FMTSJson::isCustom is not initialized properly. Module:MegascansPlugin File:Private/Utilities/MTSReader.h
[2022.02.04-09.17.56:484][  0]LogClass: Display: BoolProperty FMTSJson::isModularAsset is not initialized properly. Module:MegascansPlugin File:Private/Utilities/MTSReader.h
[2022.02.04-09.17.56:499][  0]LogClass: Display: Int8Property FLodList::variation is not initialized properly. Module:MegascansPlugin File:Private/Utilities/MTSReader.h
[2022.02.04-09.17.56:500][  0]LogClass: Display: Int16Property FMeshList::resolution is not initialized properly. Module:MegascansPlugin File:Private/Utilities/MTSReader.h
[2022.02.04-09.17.56:500][  0]LogClass: Display: Int16Property FComponents::resolution is not initialized properly. Module:MegascansPlugin File:Private/Utilities/MTSReader.h
[2022.02.04-09.17.56:500][  0]LogClass: Display: BoolProperty FTextureSets::isUdim is not initialized properly. Module:MegascansPlugin File:Private/Utilities/MTSReader.h
[2022.02.04-09.17.56:500][  0]LogClass: Display: BoolProperty FMeta::value is not initialized properly. Module:MegascansPlugin File:Private/Utilities/MTSReader.h
[2022.02.04-09.17.56:500][  0]LogClass: Display: 11 Uninitialized script struct members found including 0 object properties
[2022.02.04-09.17.56:768][  0]LogEngine: Initializing Engine...
[2022.02.04-09.17.56:910][  0]LogHMD: Failed to enumerate extensions. Please check that you have a valid OpenXR runtime installed.
[2022.02.04-09.17.56:920][  0]LogHMD: Failed to initialize OpenVR with code 101
[2022.02.04-09.17.56:933][  0]LogMagicLeap: Warning: VR disabled because ZI is not enabled.  To enable, in the editor, Edit -> Project Settings -> Plugins -> Magic Leap Plugin -> Enable Zero Iteration
[2022.02.04-09.17.57:045][  0]LogStats: UGameplayTagsManager::InitializeManager -  0.009 s
[2022.02.04-09.17.57:944][  0]LogInit: Initializing FReadOnlyCVARCache
[2022.02.04-09.17.58:801][  0]LogAIModule: Creating AISystem for world Untitled
[2022.02.04-09.17.58:976][  0]LogAudio: Display: Initializing Audio Device Manager...
[2022.02.04-09.17.59:032][  0]LogAudio: Display: Loading Default Audio Settings Objects...
[2022.02.04-09.17.59:077][  0]LogAudio: Display: No default SoundConcurrencyObject specified (or failed to load).
[2022.02.04-09.17.59:114][  0]LogAudio: Display: Audio Device Manager Initialized
[2022.02.04-09.17.59:114][  0]LogAudio: Display: Creating Audio Device:                 Id: 1, Scope: Shared, Realtime: True
[2022.02.04-09.17.59:144][  0]LogAudioMixer: Display: Audio Mixer Platform Settings:
[2022.02.04-09.17.59:144][  0]LogAudioMixer: Display: 	Sample Rate:						  48000
[2022.02.04-09.17.59:144][  0]LogAudioMixer: Display: 	Callback Buffer Frame Size Requested: 1024
[2022.02.04-09.17.59:144][  0]LogAudioMixer: Display: 	Callback Buffer Frame Size To Use:	  1024
[2022.02.04-09.17.59:144][  0]LogAudioMixer: Display: 	Number of buffers to queue:			  2
[2022.02.04-09.17.59:144][  0]LogAudioMixer: Display: 	Max Channels (voices):				  32
[2022.02.04-09.17.59:144][  0]LogAudioMixer: Display: 	Number of Async Source Workers:		  0
[2022.02.04-09.17.59:147][  0]LogAudio: Display: AudioDevice MaxSources: 32
[2022.02.04-09.17.59:154][  0]LogAudio: Display: Audio Spatialization Plugin: None (built-in).
[2022.02.04-09.17.59:154][  0]LogAudio: Display: Audio Reverb Plugin: None (built-in).
[2022.02.04-09.17.59:154][  0]LogAudio: Display: Audio Occlusion Plugin: None (built-in).
[2022.02.04-09.17.59:155][  0]LogAudioMixer: Display: Initializing audio mixer.
[2022.02.04-09.17.59:333][  0]LogAudioMixer: Display: 0: FrontLeft
[2022.02.04-09.17.59:333][  0]LogAudioMixer: Display: 1: FrontRight
[2022.02.04-09.17.59:362][  0]LogAudioMixer: Display: Using Audio Device Динамики (2- Realtek(R) Audio)
[2022.02.04-09.17.59:384][  0]LogAudioMixer: Display: Initializing Sound Submixes...
[2022.02.04-09.17.59:425][  0]LogAudioMixer: Display: Creating Master Submix 'MasterSubmixDefault'
[2022.02.04-09.17.59:426][  0]LogAudioMixer: Display: Creating Master Submix 'MasterReverbSubmixDefault'
[2022.02.04-09.17.59:444][  0]LogAudioMixer: Display: Creating Master Submix 'MasterEQSubmixDefault'
[2022.02.04-09.17.59:444][  0]LogAudioMixer: FMixerPlatformXAudio2::StartAudioStream() called
[2022.02.04-09.17.59:444][  0]LogAudioMixer: Display: Output buffers initialized: Frames=1024, Channels=2, Samples=2048
[2022.02.04-09.17.59:445][  0]LogAudioMixer: Display: Starting AudioMixerPlatformInterface::RunInternal()
[2022.02.04-09.17.59:445][  0]LogAudioMixer: Display: FMixerPlatformXAudio2::SubmitBuffer() called for the first time
[2022.02.04-09.17.59:445][  0]LogInit: FAudioDevice initialized.
[2022.02.04-09.17.59:454][  0]LogAudio: Display: Audio Device (ID: 1) registered with world 'Untitled'.
[2022.02.04-09.17.59:508][  0]LogAudioMixer: Display: Audio Buffer Underrun (starvation) detected.
[2022.02.04-09.17.59:508][  0]LogNetVersion: Set ProjectVersion to 1.0.0.0. Version Checksum will be recalculated on next use.
[2022.02.04-09.17.59:611][  0]LogDerivedDataCache: Saved boot cache 0.10s 116MB C:/Users/игорь/AppData/Local/UnrealEngine/4.27/DerivedDataCache/Boot.ddc.
[2022.02.04-09.17.59:627][  0]LogInit: Texture streaming: Enabled
[2022.02.04-09.17.59:795][  0]LogAnalytics: Display: [UEEditor.Rocket.Release] APIServer = https://datarouter.ol.epicgames.com/. AppVersion = 4.27.2-18319896+++UE4+Release-4.27
[2022.02.04-09.17.59:886][  0]LogEngineSessionManager: EngineSessionManager initialized
[2022.02.04-09.17.59:902][  0]LogEditorSessionSummary: Verbose: Initializing EditorSessionSummaryWriter for editor session tracking
[2022.02.04-09.17.59:933][  0]LogEditorSessionSummary: EditorSessionSummaryWriter initialized
[2022.02.04-09.18.00:571][  0]LogInit: Transaction tracking system initialized
[2022.02.04-09.18.00:973][  0]BlueprintLog: New page: Editor Load
[2022.02.04-09.18.02:315][  0]LocalizationService: Localization service is disabled
[2022.02.04-09.18.02:762][  0]TimingProfiler: Initialize
[2022.02.04-09.18.02:764][  0]TimingProfiler: OnSessionChanged
[2022.02.04-09.18.02:764][  0]LoadingProfiler: Initialize
[2022.02.04-09.18.02:765][  0]LoadingProfiler: OnSessionChanged
[2022.02.04-09.18.02:765][  0]NetworkingProfiler: Initialize
[2022.02.04-09.18.02:765][  0]NetworkingProfiler: OnSessionChanged
[2022.02.04-09.18.02:765][  0]MemoryProfiler: Initialize
[2022.02.04-09.18.02:765][  0]MemoryProfiler: OnSessionChanged
[2022.02.04-09.18.06:628][  0]LogFileCache: Scanning file cache for directory 'F:/MainProject/FlyProject_End/Stole_DaVInchy/Content/' took 0.06s
[2022.02.04-09.18.06:628][  0]LogCook: Display: CookSettings for Memory: MemoryMaxUsedVirtual 0MiB, MemoryMaxUsedPhysical 16384MiB, MemoryMinFreeVirtual 0MiB, MemoryMinFreePhysical 1024MiB
[2022.02.04-09.18.06:628][  0]LogCook: Display: Mobile HDR setting 1
[2022.02.04-09.18.11:892][  0]LogInit: Display: Engine is initialized. Leaving FEngineLoop::Init()
[2022.02.04-09.18.12:877][  0]SourceControl: Source control is disabled
[2022.02.04-09.18.12:898][  0]LogUnrealEdMisc: Loading editor; pre map load, took 125.460
[2022.02.04-09.18.12:947][  0]Cmd: MAP LOAD FILE="F:/MainProject/FlyProject_End/Stole_DaVInchy/Content/FirstPersonBP/Maps/FirstPersonExampleMap.umap" TEMPLATE=0 SHOWPROGRESS=1 FEATURELEVEL=3
[2022.02.04-09.18.12:964][  0]LightingResults: New page: Lighting Build
[2022.02.04-09.18.13:277][  0]LogWorld: UWorld::CleanupWorld for Untitled, bSessionEnded=true, bCleanupResources=true
[2022.02.04-09.18.13:405][  0]LogSlate: InvalidateAllWidgets triggered.  All widgets were invalidated
[2022.02.04-09.18.13:525][  0]MapCheck: New page: Map Check
[2022.02.04-09.18.13:525][  0]LightingResults: New page: Lighting Build
[2022.02.04-09.18.14:202][  0]LogAudio: Display: Audio Device unregistered from world 'None'.
[2022.02.04-09.18.14:757][  0]LogUObjectHash: Compacting FUObjectHashTables data took   8.80ms
[2022.02.04-09.18.19:518][  0]LogProperty: Error: FStructProperty::Serialize Loading: Property 'StructProperty /Game/Quest/Dialogs/Dialog_Main.Dialog_Main_C:Change:Dialog'. Unknown structure.
[2022.02.04-09.18.19:518][  0]LogProperty: Error: FStructProperty::Serialize Loading: Property 'StructProperty /Game/Quest/Dialogs/Dialog_Main.Dialog_Main_C:ExecuteUbergraph_Dialog_Main:K2Node_CustomEvent_Dialog'. Unknown structure.
[2022.02.04-09.18.25:548][  0]LogAudio: Display: Audio Device (ID: 1) registered with world 'FirstPersonExampleMap'.
[2022.02.04-09.18.25:552][  0]LogAIModule: Creating AISystem for world FirstPersonExampleMap
[2022.02.04-09.18.27:407][  0]LogEditorServer: Finished looking for orphan Actors (0.000 secs)
[2022.02.04-09.18.27:936][  0]LogUObjectHash: Compacting FUObjectHashTables data took   2.21ms
[2022.02.04-09.18.27:967][  0]Cmd: MAP CHECKDEP NOCLEARLOG
[2022.02.04-09.18.27:967][  0]MapCheck: Map check complete: 0 Error(s), 0 Warning(s), took 0.127ms to complete.
[2022.02.04-09.18.27:973][  0]LogFileHelpers: Loading map 'FirstPersonExampleMap' took 15.039
[2022.02.04-09.18.30:457][  0]LogUnrealEdMisc: Total Editor Startup Time, took 143.030
[2022.02.04-09.18.31:772][  0]LogSlate: Updating window title bar state: overlay mode, drag disabled, window buttons hidden, title bar hidden
[2022.02.04-09.18.31:802][  0]LogSlate: Updating window title bar state: overlay mode, drag disabled, window buttons hidden, title bar hidden
[2022.02.04-09.18.31:806][  0]LogSlate: Updating window title bar state: overlay mode, drag disabled, window buttons hidden, title bar hidden
[2022.02.04-09.18.31:810][  0]LogSlate: Updating window title bar state: overlay mode, drag disabled, window buttons hidden, title bar hidden
[2022.02.04-09.18.32:086][  0]LogNativeClassHierarchy: Verbose: Native class hierarchy populated in 0.0086 seconds. Added 3836 classes and 944 folders.
[2022.02.04-09.18.32:416][  0]LogNativeClassHierarchy: Verbose: Native class hierarchy updated for 'WidgetCarousel' in 0.0003 seconds. Added 0 classes and 0 folders.
[2022.02.04-09.18.32:593][  0]LogPakFile: PakFile PrimaryIndexSize=187
[2022.02.04-09.18.32:593][  0]LogPakFile: PakFile PathHashIndexSize=101
[2022.02.04-09.18.32:593][  0]LogPakFile: PakFile FullDirectoryIndexSize=148
[2022.02.04-09.18.32:642][  0]LogShaderLibrary: Display: ShaderCodeLibraryPakFileMountedCallback: PakFile 'E:/UE_4.27/FeaturePacks/FP_FirstPerson.upack' (chunk index -1, root 'root:/') mounted
[2022.02.04-09.18.32:642][  0]LogShaderLibrary: Display: ShaderCodeLibraryPakFileMountedCallback: pending pak file info (ChunkID:-1 Root:root:/ File:E:/UE_4.27/FeaturePacks/FP_FirstPerson.upack)
[2022.02.04-09.18.32:654][  0]LogPakFile: OnPakFileMounted2Time == 0.060112
[2022.02.04-09.18.32:701][  0]LogPakFile: PakFile PrimaryIndexSize=189
[2022.02.04-09.18.32:701][  0]LogPakFile: PakFile PathHashIndexSize=101
[2022.02.04-09.18.32:701][  0]LogPakFile: PakFile FullDirectoryIndexSize=152
[2022.02.04-09.18.32:701][  0]LogShaderLibrary: Display: ShaderCodeLibraryPakFileMountedCallback: PakFile 'E:/UE_4.27/FeaturePacks/FP_FirstPersonBP.upack' (chunk index -1, root 'root:/') mounted
[2022.02.04-09.18.32:701][  0]LogShaderLibrary: Display: ShaderCodeLibraryPakFileMountedCallback: pending pak file info (ChunkID:-1 Root:root:/ File:E:/UE_4.27/FeaturePacks/FP_FirstPersonBP.upack)
[2022.02.04-09.18.32:701][  0]LogPakFile: OnPakFileMounted2Time == 0.000045
[2022.02.04-09.18.32:739][  0]LogPakFile: PakFile PrimaryIndexSize=191
[2022.02.04-09.18.32:739][  0]LogPakFile: PakFile PathHashIndexSize=101
[2022.02.04-09.18.32:739][  0]LogPakFile: PakFile FullDirectoryIndexSize=160
[2022.02.04-09.18.32:739][  0]LogShaderLibrary: Display: ShaderCodeLibraryPakFileMountedCallback: PakFile 'E:/UE_4.27/FeaturePacks/MobileStarterContent.upack' (chunk index -1, root 'root:/') mounted
[2022.02.04-09.18.32:739][  0]LogShaderLibrary: Display: ShaderCodeLibraryPakFileMountedCallback: pending pak file info (ChunkID:-1 Root:root:/ File:E:/UE_4.27/FeaturePacks/MobileStarterContent.upack)
[2022.02.04-09.18.32:739][  0]LogPakFile: OnPakFileMounted2Time == 0.000033
[2022.02.04-09.18.32:748][  0]LogPakFile: PakFile PrimaryIndexSize=185
[2022.02.04-09.18.32:748][  0]LogPakFile: PakFile PathHashIndexSize=101
[2022.02.04-09.18.32:748][  0]LogPakFile: PakFile FullDirectoryIndexSize=148
[2022.02.04-09.18.32:748][  0]LogShaderLibrary: Display: ShaderCodeLibraryPakFileMountedCallback: PakFile 'E:/UE_4.27/FeaturePacks/StarterContent.upack' (chunk index -1, root 'root:/') mounted
[2022.02.04-09.18.32:748][  0]LogShaderLibrary: Display: ShaderCodeLibraryPakFileMountedCallback: pending pak file info (ChunkID:-1 Root:root:/ File:E:/UE_4.27/FeaturePacks/StarterContent.upack)
[2022.02.04-09.18.32:748][  0]LogPakFile: OnPakFileMounted2Time == 0.000037
[2022.02.04-09.18.32:772][  0]LogPakFile: PakFile PrimaryIndexSize=190
[2022.02.04-09.18.32:772][  0]LogPakFile: PakFile PathHashIndexSize=101
[2022.02.04-09.18.32:772][  0]LogPakFile: PakFile FullDirectoryIndexSize=154
[2022.02.04-09.18.32:772][  0]LogShaderLibrary: Display: ShaderCodeLibraryPakFileMountedCallback: PakFile 'E:/UE_4.27/FeaturePacks/TP_2DSideScroller.upack' (chunk index -1, root 'root:/') mounted
[2022.02.04-09.18.32:772][  0]LogShaderLibrary: Display: ShaderCodeLibraryPakFileMountedCallback: pending pak file info (ChunkID:-1 Root:root:/ File:E:/UE_4.27/FeaturePacks/TP_2DSideScroller.upack)
[2022.02.04-09.18.32:772][  0]LogPakFile: OnPakFileMounted2Time == 0.000030
[2022.02.04-09.18.32:783][  0]LogPakFile: PakFile PrimaryIndexSize=192
[2022.02.04-09.18.32:783][  0]LogPakFile: PakFile PathHashIndexSize=101
[2022.02.04-09.18.32:783][  0]LogPakFile: PakFile FullDirectoryIndexSize=158
[2022.02.04-09.18.32:783][  0]LogShaderLibrary: Display: ShaderCodeLibraryPakFileMountedCallback: PakFile 'E:/UE_4.27/FeaturePacks/TP_2DSideScrollerBP.upack' (chunk index -1, root 'root:/') mounted
[2022.02.04-09.18.32:783][  0]LogShaderLibrary: Display: ShaderCodeLibraryPakFileMountedCallback: pending pak file info (ChunkID:-1 Root:root:/ File:E:/UE_4.27/FeaturePacks/TP_2DSideScrollerBP.upack)
[2022.02.04-09.18.32:783][  0]LogPakFile: OnPakFileMounted2Time == 0.000030
[2022.02.04-09.18.32:788][  0]LogPakFile: PakFile PrimaryIndexSize=182
[2022.02.04-09.18.32:788][  0]LogPakFile: PakFile PathHashIndexSize=101
[2022.02.04-09.18.32:788][  0]LogPakFile: PakFile FullDirectoryIndexSize=138
[2022.02.04-09.18.32:788][  0]LogShaderLibrary: Display: ShaderCodeLibraryPakFileMountedCallback: PakFile 'E:/UE_4.27/FeaturePacks/TP_Flying.upack' (chunk index -1, root 'root:/') mounted
[2022.02.04-09.18.32:788][  0]LogShaderLibrary: Display: ShaderCodeLibraryPakFileMountedCallback: pending pak file info (ChunkID:-1 Root:root:/ File:E:/UE_4.27/FeaturePacks/TP_Flying.upack)
[2022.02.04-09.18.32:788][  0]LogPakFile: OnPakFileMounted2Time == 0.000032
[2022.02.04-09.18.32:807][  0]LogPakFile: PakFile PrimaryIndexSize=184
[2022.02.04-09.18.32:807][  0]LogPakFile: PakFile PathHashIndexSize=101
[2022.02.04-09.18.32:807][  0]LogPakFile: PakFile FullDirectoryIndexSize=142
[2022.02.04-09.18.32:807][  0]LogShaderLibrary: Display: ShaderCodeLibraryPakFileMountedCallback: PakFile 'E:/UE_4.27/FeaturePacks/TP_FlyingBP.upack' (chunk index -1, root 'root:/') mounted
[2022.02.04-09.18.32:807][  0]LogShaderLibrary: Display: ShaderCodeLibraryPakFileMountedCallback: pending pak file info (ChunkID:-1 Root:root:/ File:E:/UE_4.27/FeaturePacks/TP_FlyingBP.upack)
[2022.02.04-09.18.32:807][  0]LogPakFile: OnPakFileMounted2Time == 0.000042
[2022.02.04-09.18.32:835][  0]LogPakFile: PakFile PrimaryIndexSize=188
[2022.02.04-09.18.32:835][  0]LogPakFile: PakFile PathHashIndexSize=101
[2022.02.04-09.18.32:835][  0]LogPakFile: PakFile FullDirectoryIndexSize=150
[2022.02.04-09.18.32:835][  0]LogShaderLibrary: Display: ShaderCodeLibraryPakFileMountedCallback: PakFile 'E:/UE_4.27/FeaturePacks/TP_HandheldARBP.upack' (chunk index -1, root 'root:/') mounted
[2022.02.04-09.18.32:835][  0]LogShaderLibrary: Display: ShaderCodeLibraryPakFileMountedCallback: pending pak file info (ChunkID:-1 Root:root:/ File:E:/UE_4.27/FeaturePacks/TP_HandheldARBP.upack)
[2022.02.04-09.18.32:835][  0]LogPakFile: OnPakFileMounted2Time == 0.000032
[2022.02.04-09.18.32:873][  0]LogPakFile: PakFile PrimaryIndexSize=182
[2022.02.04-09.18.32:873][  0]LogPakFile: PakFile PathHashIndexSize=101
[2022.02.04-09.18.32:873][  0]LogPakFile: PakFile FullDirectoryIndexSize=138
[2022.02.04-09.18.32:873][  0]LogShaderLibrary: Display: ShaderCodeLibraryPakFileMountedCallback: PakFile 'E:/UE_4.27/FeaturePacks/TP_Puzzle.upack' (chunk index -1, root 'root:/') mounted
[2022.02.04-09.18.32:873][  0]LogShaderLibrary: Display: ShaderCodeLibraryPakFileMountedCallback: pending pak file info (ChunkID:-1 Root:root:/ File:E:/UE_4.27/FeaturePacks/TP_Puzzle.upack)
[2022.02.04-09.18.32:873][  0]LogPakFile: OnPakFileMounted2Time == 0.000037
[2022.02.04-09.18.32:891][  0]LogPakFile: PakFile PrimaryIndexSize=184
[2022.02.04-09.18.32:891][  0]LogPakFile: PakFile PathHashIndexSize=101
[2022.02.04-09.18.32:891][  0]LogPakFile: PakFile FullDirectoryIndexSize=142
[2022.02.04-09.18.32:891][  0]LogShaderLibrary: Display: ShaderCodeLibraryPakFileMountedCallback: PakFile 'E:/UE_4.27/FeaturePacks/TP_PuzzleBP.upack' (chunk index -1, root 'root:/') mounted
[2022.02.04-09.18.32:891][  0]LogShaderLibrary: Display: ShaderCodeLibraryPakFileMountedCallback: pending pak file info (ChunkID:-1 Root:root:/ File:E:/UE_4.27/FeaturePacks/TP_PuzzleBP.upack)
[2022.02.04-09.18.32:891][  0]LogPakFile: OnPakFileMounted2Time == 0.000037
[2022.02.04-09.18.32:899][  0]LogPakFile: PakFile PrimaryIndexSize=183
[2022.02.04-09.18.32:899][  0]LogPakFile: PakFile PathHashIndexSize=101
[2022.02.04-09.18.32:899][  0]LogPakFile: PakFile FullDirectoryIndexSize=140
[2022.02.04-09.18.32:899][  0]LogShaderLibrary: Display: ShaderCodeLibraryPakFileMountedCallback: PakFile 'E:/UE_4.27/FeaturePacks/TP_Rolling.upack' (chunk index -1, root 'root:/') mounted
[2022.02.04-09.18.32:899][  0]LogShaderLibrary: Display: ShaderCodeLibraryPakFileMountedCallback: pending pak file info (ChunkID:-1 Root:root:/ File:E:/UE_4.27/FeaturePacks/TP_Rolling.upack)
[2022.02.04-09.18.32:899][  0]LogPakFile: OnPakFileMounted2Time == 0.000031
[2022.02.04-09.18.32:903][  0]LogPakFile: PakFile PrimaryIndexSize=185
[2022.02.04-09.18.32:903][  0]LogPakFile: PakFile PathHashIndexSize=101
[2022.02.04-09.18.32:903][  0]LogPakFile: PakFile FullDirectoryIndexSize=144
[2022.02.04-09.18.32:904][  0]LogShaderLibrary: Display: ShaderCodeLibraryPakFileMountedCallback: PakFile 'E:/UE_4.27/FeaturePacks/TP_RollingBP.upack' (chunk index -1, root 'root:/') mounted
[2022.02.04-09.18.32:904][  0]LogShaderLibrary: Display: ShaderCodeLibraryPakFileMountedCallback: pending pak file info (ChunkID:-1 Root:root:/ File:E:/UE_4.27/FeaturePacks/TP_RollingBP.upack)
[2022.02.04-09.18.32:904][  0]LogPakFile: OnPakFileMounted2Time == 0.000027
[2022.02.04-09.18.32:951][  0]LogPakFile: PakFile PrimaryIndexSize=188
[2022.02.04-09.18.32:951][  0]LogPakFile: PakFile PathHashIndexSize=101
[2022.02.04-09.18.32:951][  0]LogPakFile: PakFile FullDirectoryIndexSize=150
[2022.02.04-09.18.32:951][  0]LogShaderLibrary: Display: ShaderCodeLibraryPakFileMountedCallback: PakFile 'E:/UE_4.27/FeaturePacks/TP_SideScroller.upack' (chunk index -1, root 'root:/') mounted
[2022.02.04-09.18.32:951][  0]LogShaderLibrary: Display: ShaderCodeLibraryPakFileMountedCallback: pending pak file info (ChunkID:-1 Root:root:/ File:E:/UE_4.27/FeaturePacks/TP_SideScroller.upack)
[2022.02.04-09.18.32:951][  0]LogPakFile: OnPakFileMounted2Time == 0.000038
[2022.02.04-09.18.32:963][  0]LogPakFile: PakFile PrimaryIndexSize=190
[2022.02.04-09.18.32:963][  0]LogPakFile: PakFile PathHashIndexSize=101
[2022.02.04-09.18.32:963][  0]LogPakFile: PakFile FullDirectoryIndexSize=154
[2022.02.04-09.18.32:963][  0]LogShaderLibrary: Display: ShaderCodeLibraryPakFileMountedCallback: PakFile 'E:/UE_4.27/FeaturePacks/TP_SideScrollerBP.upack' (chunk index -1, root 'root:/') mounted
[2022.02.04-09.18.32:963][  0]LogShaderLibrary: Display: ShaderCodeLibraryPakFileMountedCallback: pending pak file info (ChunkID:-1 Root:root:/ File:E:/UE_4.27/FeaturePacks/TP_SideScrollerBP.upack)
[2022.02.04-09.18.32:963][  0]LogPakFile: OnPakFileMounted2Time == 0.000031
[2022.02.04-09.18.32:971][  0]LogPakFile: PakFile PrimaryIndexSize=187
[2022.02.04-09.18.32:971][  0]LogPakFile: PakFile PathHashIndexSize=101
[2022.02.04-09.18.32:971][  0]LogPakFile: PakFile FullDirectoryIndexSize=148
[2022.02.04-09.18.32:971][  0]LogShaderLibrary: Display: ShaderCodeLibraryPakFileMountedCallback: PakFile 'E:/UE_4.27/FeaturePacks/TP_ThirdPerson.upack' (chunk index -1, root 'root:/') mounted
[2022.02.04-09.18.32:971][  0]LogShaderLibrary: Display: ShaderCodeLibraryPakFileMountedCallback: pending pak file info (ChunkID:-1 Root:root:/ File:E:/UE_4.27/FeaturePacks/TP_ThirdPerson.upack)
[2022.02.04-09.18.32:971][  0]LogPakFile: OnPakFileMounted2Time == 0.000029
[2022.02.04-09.18.32:978][  0]LogPakFile: PakFile PrimaryIndexSize=189
[2022.02.04-09.18.32:978][  0]LogPakFile: PakFile PathHashIndexSize=101
[2022.02.04-09.18.32:978][  0]LogPakFile: PakFile FullDirectoryIndexSize=152
[2022.02.04-09.18.32:978][  0]LogShaderLibrary: Display: ShaderCodeLibraryPakFileMountedCallback: PakFile 'E:/UE_4.27/FeaturePacks/TP_ThirdPersonBP.upack' (chunk index -1, root 'root:/') mounted
[2022.02.04-09.18.32:978][  0]LogShaderLibrary: Display: ShaderCodeLibraryPakFileMountedCallback: pending pak file info (ChunkID:-1 Root:root:/ File:E:/UE_4.27/FeaturePacks/TP_ThirdPersonBP.upack)
[2022.02.04-09.18.32:978][  0]LogPakFile: OnPakFileMounted2Time == 0.000030
[2022.02.04-09.18.32:986][  0]LogPakFile: PakFile PrimaryIndexSize=183
[2022.02.04-09.18.32:986][  0]LogPakFile: PakFile PathHashIndexSize=101
[2022.02.04-09.18.32:986][  0]LogPakFile: PakFile FullDirectoryIndexSize=140
[2022.02.04-09.18.32:986][  0]LogShaderLibrary: Display: ShaderCodeLibraryPakFileMountedCallback: PakFile 'E:/UE_4.27/FeaturePacks/TP_TopDown.upack' (chunk index -1, root 'root:/') mounted
[2022.02.04-09.18.32:986][  0]LogShaderLibrary: Display: ShaderCodeLibraryPakFileMountedCallback: pending pak file info (ChunkID:-1 Root:root:/ File:E:/UE_4.27/FeaturePacks/TP_TopDown.upack)
[2022.02.04-09.18.32:986][  0]LogPakFile: OnPakFileMounted2Time == 0.000035
[2022.02.04-09.18.32:989][  0]LogPakFile: PakFile PrimaryIndexSize=185
[2022.02.04-09.18.32:989][  0]LogPakFile: PakFile PathHashIndexSize=101
[2022.02.04-09.18.32:989][  0]LogPakFile: PakFile FullDirectoryIndexSize=144
[2022.02.04-09.18.32:989][  0]LogShaderLibrary: Display: ShaderCodeLibraryPakFileMountedCallback: PakFile 'E:/UE_4.27/FeaturePacks/TP_TopDownBP.upack' (chunk index -1, root 'root:/') mounted
[2022.02.04-09.18.32:989][  0]LogShaderLibrary: Display: ShaderCodeLibraryPakFileMountedCallback: pending pak file info (ChunkID:-1 Root:root:/ File:E:/UE_4.27/FeaturePacks/TP_TopDownBP.upack)
[2022.02.04-09.18.32:989][  0]LogPakFile: OnPakFileMounted2Time == 0.000027
[2022.02.04-09.18.32:996][  0]LogPakFile: PakFile PrimaryIndexSize=185
[2022.02.04-09.18.32:996][  0]LogPakFile: PakFile PathHashIndexSize=101
[2022.02.04-09.18.32:996][  0]LogPakFile: PakFile FullDirectoryIndexSize=144
[2022.02.04-09.18.32:996][  0]LogShaderLibrary: Display: ShaderCodeLibraryPakFileMountedCallback: PakFile 'E:/UE_4.27/FeaturePacks/TP_TwinStick.upack' (chunk index -1, root 'root:/') mounted
[2022.02.04-09.18.32:996][  0]LogShaderLibrary: Display: ShaderCodeLibraryPakFileMountedCallback: pending pak file info (ChunkID:-1 Root:root:/ File:E:/UE_4.27/FeaturePacks/TP_TwinStick.upack)
[2022.02.04-09.18.32:996][  0]LogPakFile: OnPakFileMounted2Time == 0.000028
[2022.02.04-09.18.33:015][  0]LogPakFile: PakFile PrimaryIndexSize=187
[2022.02.04-09.18.33:015][  0]LogPakFile: PakFile PathHashIndexSize=101
[2022.02.04-09.18.33:015][  0]LogPakFile: PakFile FullDirectoryIndexSize=148
[2022.02.04-09.18.33:015][  0]LogShaderLibrary: Display: ShaderCodeLibraryPakFileMountedCallback: PakFile 'E:/UE_4.27/FeaturePacks/TP_TwinStickBP.upack' (chunk index -1, root 'root:/') mounted
[2022.02.04-09.18.33:015][  0]LogShaderLibrary: Display: ShaderCodeLibraryPakFileMountedCallback: pending pak file info (ChunkID:-1 Root:root:/ File:E:/UE_4.27/FeaturePacks/TP_TwinStickBP.upack)
[2022.02.04-09.18.33:015][  0]LogPakFile: OnPakFileMounted2Time == 0.000029
[2022.02.04-09.18.33:034][  0]LogPakFile: PakFile PrimaryIndexSize=183
[2022.02.04-09.18.33:034][  0]LogPakFile: PakFile PathHashIndexSize=101
[2022.02.04-09.18.33:034][  0]LogPakFile: PakFile FullDirectoryIndexSize=140
[2022.02.04-09.18.33:034][  0]LogShaderLibrary: Display: ShaderCodeLibraryPakFileMountedCallback: PakFile 'E:/UE_4.27/FeaturePacks/TP_Vehicle.upack' (chunk index -1, root 'root:/') mounted
[2022.02.04-09.18.33:034][  0]LogShaderLibrary: Display: ShaderCodeLibraryPakFileMountedCallback: pending pak file info (ChunkID:-1 Root:root:/ File:E:/UE_4.27/FeaturePacks/TP_Vehicle.upack)
[2022.02.04-09.18.33:034][  0]LogPakFile: OnPakFileMounted2Time == 0.000027
[2022.02.04-09.18.33:046][  0]LogPakFile: PakFile PrimaryIndexSize=186
[2022.02.04-09.18.33:046][  0]LogPakFile: PakFile PathHashIndexSize=101
[2022.02.04-09.18.33:047][  0]LogPakFile: PakFile FullDirectoryIndexSize=146
[2022.02.04-09.18.33:047][  0]LogShaderLibrary: Display: ShaderCodeLibraryPakFileMountedCallback: PakFile 'E:/UE_4.27/FeaturePacks/TP_VehicleAdv.upack' (chunk index -1, root 'root:/') mounted
[2022.02.04-09.18.33:047][  0]LogShaderLibrary: Display: ShaderCodeLibraryPakFileMountedCallback: pending pak file info (ChunkID:-1 Root:root:/ File:E:/UE_4.27/FeaturePacks/TP_VehicleAdv.upack)
[2022.02.04-09.18.33:047][  0]LogPakFile: OnPakFileMounted2Time == 0.000042
[2022.02.04-09.18.33:052][  0]LogPakFile: PakFile PrimaryIndexSize=188
[2022.02.04-09.18.33:052][  0]LogPakFile: PakFile PathHashIndexSize=101
[2022.02.04-09.18.33:052][  0]LogPakFile: PakFile FullDirectoryIndexSize=150
[2022.02.04-09.18.33:052][  0]LogShaderLibrary: Display: ShaderCodeLibraryPakFileMountedCallback: PakFile 'E:/UE_4.27/FeaturePacks/TP_VehicleAdvBP.upack' (chunk index -1, root 'root:/') mounted
[2022.02.04-09.18.33:052][  0]LogShaderLibrary: Display: ShaderCodeLibraryPakFileMountedCallback: pending pak file info (ChunkID:-1 Root:root:/ File:E:/UE_4.27/FeaturePacks/TP_VehicleAdvBP.upack)
[2022.02.04-09.18.33:052][  0]LogPakFile: OnPakFileMounted2Time == 0.000029
[2022.02.04-09.18.33:066][  0]LogPakFile: PakFile PrimaryIndexSize=185
[2022.02.04-09.18.33:066][  0]LogPakFile: PakFile PathHashIndexSize=101
[2022.02.04-09.18.33:066][  0]LogPakFile: PakFile FullDirectoryIndexSize=144
[2022.02.04-09.18.33:066][  0]LogShaderLibrary: Display: ShaderCodeLibraryPakFileMountedCallback: PakFile 'E:/UE_4.27/FeaturePacks/TP_VehicleBP.upack' (chunk index -1, root 'root:/') mounted
[2022.02.04-09.18.33:066][  0]LogShaderLibrary: Display: ShaderCodeLibraryPakFileMountedCallback: pending pak file info (ChunkID:-1 Root:root:/ File:E:/UE_4.27/FeaturePacks/TP_VehicleBP.upack)
[2022.02.04-09.18.33:066][  0]LogPakFile: OnPakFileMounted2Time == 0.000032
[2022.02.04-09.18.33:070][  0]LogPakFile: PakFile PrimaryIndexSize=192
[2022.02.04-09.18.33:070][  0]LogPakFile: PakFile PathHashIndexSize=101
[2022.02.04-09.18.33:070][  0]LogPakFile: PakFile FullDirectoryIndexSize=158
[2022.02.04-09.18.33:070][  0]LogShaderLibrary: Display: ShaderCodeLibraryPakFileMountedCallback: PakFile 'E:/UE_4.27/FeaturePacks/TP_VirtualRealityBP.upack' (chunk index -1, root 'root:/') mounted
[2022.02.04-09.18.33:070][  0]LogShaderLibrary: Display: ShaderCodeLibraryPakFileMountedCallback: pending pak file info (ChunkID:-1 Root:root:/ File:E:/UE_4.27/FeaturePacks/TP_VirtualRealityBP.upack)
[2022.02.04-09.18.33:071][  0]LogPakFile: OnPakFileMounted2Time == 0.000026
[2022.02.04-09.18.34:159][  0]LogNativeClassHierarchy: Verbose: Native class hierarchy updated for 'AddContentDialog' in 0.0004 seconds. Added 0 classes and 0 folders.
[2022.02.04-09.18.34:212][  0]LogNativeClassHierarchy: Verbose: Native class hierarchy updated for 'SceneOutliner' in 0.0003 seconds. Added 2 classes and 0 folders.
[2022.02.04-09.18.34:419][  0]LogNativeClassHierarchy: Verbose: Native class hierarchy updated for 'WorldBrowser' in 0.0003 seconds. Added 2 classes and 3 folders.
[2022.02.04-09.18.35:868][  0]LogSlate: Took 0.036819 seconds to synchronously load lazily loaded font '../../../Engine/Content/Slate/Fonts/Roboto-Regular.ttf' (155K)
[2022.02.04-09.18.35:927][  0]LogSlate: Took 0.055429 seconds to synchronously load lazily loaded font '../../../Engine/Content/Editor/Slate/Fonts/FontAwesome.ttf' (139K)
[2022.02.04-09.18.35:985][  0]LogSlate: Took 0.011586 seconds to synchronously load lazily loaded font '../../../Engine/Content/Slate/Fonts/Roboto-Bold.ttf' (160K)
[2022.02.04-09.18.36:772][  0]LogRenderer: Reallocating scene render targets to support 1004x572 Format 10 NumSamples 1 (Frame:1).
[2022.02.04-09.18.38:388][  0]LogSlate: Took 0.019042 seconds to synchronously load lazily loaded font '../../../Engine/Content/Slate/Fonts/Roboto-Light.ttf' (167K)
[2022.02.04-09.18.38:794][  0]LogNativeClassHierarchy: Verbose: Native class hierarchy updated for 'HierarchicalLODOutliner' in 0.0003 seconds. Added 0 classes and 0 folders.
[2022.02.04-09.18.38:794][  0]LogLoad: (Engine Initialization) Total time: 151.37 seconds
[2022.02.04-09.18.38:794][  0]LogLoad: (Engine Initialization) Total Blueprint compile time: 0.00 seconds
[2022.02.04-09.18.39:619][  0]LogContentStreaming: Texture pool size now 1000 MB
[2022.02.04-09.18.40:025][  1]LogRenderer: Reallocating scene render targets to support 1004x588 Format 10 NumSamples 1 (Frame:3).
[2022.02.04-09.18.40:334][  1]LogAssetRegistry: Asset discovery search completed in 94.0874 seconds
[2022.02.04-09.18.40:520][  1]LogCollectionManager: Fixed up redirectors for 0 collections in 0.009802 seconds (updated 0 objects)
