Log file open, 11/29/21 19:08:13
LogWindows: Failed to load 'aqProf.dll' (GetLastError=126)
LogWindows: File 'aqProf.dll' does not exist
LogWindows: Failed to load 'VtuneApi.dll' (GetLastError=126)
LogWindows: File 'VtuneApi.dll' does not exist
LogWindows: Failed to load 'VtuneApi32e.dll' (GetLastError=126)
LogWindows: File 'VtuneApi32e.dll' does not exist
LogConsoleResponse: Display: Failed to find resolution value strings in scalability ini. Falling back to default.
LogConsoleResponse: Display: Failed to find resolution value strings in scalability ini. Falling back to default.
LogInit: Display: Running engine for game: Stole_DaVInchy
LogPlatformFile: Not using cached read wrapper
LogTaskGraph: Started task graph with 5 named threads and 20 total threads with 3 sets of task threads.
LogStats: Stats thread started at 0.236040
LogICUInternationalization: ICU TimeZone Detection - Raw Offset: +3:00, Platform Override: ''
LogInit: Display: Loading text-based GConfig....
LogPluginManager: Mounting plugin MegascansPlugin
LogPluginManager: Mounting plugin MeshPainting
LogPluginManager: Mounting plugin XGEController
LogPluginManager: Mounting plugin Paper2D
LogPluginManager: Mounting plugin AISupport
LogPluginManager: Mounting plugin EnvironmentQueryEditor
LogPluginManager: Mounting plugin LightPropagationVolume
LogPluginManager: Mounting plugin GameplayCameras
LogPluginManager: Mounting plugin CameraShakePreviewer
LogPluginManager: Mounting plugin LiveLink
LogPluginManager: Mounting plugin OodleData
LogPluginManager: Mounting plugin OodleNetwork
LogPluginManager: Mounting plugin AnimationSharing
LogPluginManager: Mounting plugin CLionSourceCodeAccess
LogPluginManager: Mounting plugin CodeLiteSourceCodeAccess
LogPluginManager: Mounting plugin KDevelopSourceCodeAccess
LogPluginManager: Mounting plugin GitSourceControl
LogPluginManager: Mounting plugin NullSourceCodeAccess
LogPluginManager: Mounting plugin PerforceSourceControl
LogPluginManager: Mounting plugin PlasticSourceControl
LogPluginManager: Mounting plugin PluginUtils
LogPluginManager: Mounting plugin PropertyAccessNode
LogPluginManager: Mounting plugin RiderSourceCodeAccess
LogPluginManager: Mounting plugin TextureFormatOodle
LogPluginManager: Mounting plugin SubversionSourceControl
LogPluginManager: Mounting plugin PixWinPlugin
LogPluginManager: Mounting plugin UObjectPlugin
LogPluginManager: Mounting plugin VisualStudioSourceCodeAccess
LogPluginManager: Mounting plugin VisualStudioCodeSourceCodeAccess
LogPluginManager: Mounting plugin XCodeSourceCodeAccess
LogPluginManager: Mounting plugin AssetManagerEditor
LogPluginManager: Mounting plugin CurveEditorTools
LogPluginManager: Mounting plugin CryptoKeys
LogPluginManager: Mounting plugin DataValidation
LogPluginManager: Mounting plugin EditorScriptingUtilities
LogPluginManager: Mounting plugin GameplayTagsEditor
LogPluginManager: Mounting plugin FacialAnimation
LogPluginManager: Mounting plugin MacGraphicsSwitching
LogPluginManager: Mounting plugin MaterialAnalyzer
LogPluginManager: Mounting plugin MobileLauncherProfileWizard
LogPluginManager: Mounting plugin PluginBrowser
LogPluginManager: Mounting plugin SpeedTreeImporter
LogPluginManager: Mounting plugin AlembicImporter
LogPluginManager: Mounting plugin AutomationUtils
LogPluginManager: Mounting plugin BackChannel
LogPluginManager: Mounting plugin ChaosCloth
LogPluginManager: Mounting plugin ChaosEditor
LogPluginManager: Mounting plugin ChaosClothEditor
LogPluginManager: Mounting plugin ChaosNiagara
LogPluginManager: Mounting plugin ChaosSolverPlugin
LogPluginManager: Mounting plugin CharacterAI
LogPluginManager: Mounting plugin DatasmithContent
LogPluginManager: Mounting plugin VariantManagerContent
LogPluginManager: Mounting plugin GeometryMode
LogPluginManager: Mounting plugin Niagara
LogPluginManager: Mounting plugin GeometryCache
LogPluginManager: Mounting plugin GeometryCollectionPlugin
LogPluginManager: Mounting plugin GeometryProcessing
LogPluginManager: Mounting plugin MotoSynth
LogPluginManager: Mounting plugin OpenImageDenoise
LogPluginManager: Mounting plugin PlatformCrypto
LogPluginManager: Mounting plugin PlanarCut
LogPluginManager: Mounting plugin ProxyLODPlugin
LogPluginManager: Mounting plugin PythonScriptPlugin
LogPluginManager: Mounting plugin SkeletalReduction
LogPluginManager: Mounting plugin MagicLeap
LogPluginManager: Mounting plugin MagicLeapLightEstimation
LogPluginManager: Mounting plugin MagicLeapMedia
LogPluginManager: Mounting plugin LuminPlatformFeatures
LogPluginManager: Mounting plugin MLSDK
LogPluginManager: Mounting plugin AndroidMedia
LogPluginManager: Mounting plugin AvfMedia
LogPluginManager: Mounting plugin MagicLeapPassableWorld
LogPluginManager: Mounting plugin ImgMedia
LogPluginManager: Mounting plugin MediaPlayerEditor
LogPluginManager: Mounting plugin WebMMedia
LogPluginManager: Mounting plugin WmfMedia
LogPluginManager: Mounting plugin TcpMessaging
LogPluginManager: Mounting plugin UdpMessaging
LogPluginManager: Mounting plugin ActorSequence
LogPluginManager: Mounting plugin LevelSequenceEditor
LogPluginManager: Mounting plugin MatineeToLevelSequence
LogPluginManager: Mounting plugin TemplateSequence
LogPluginManager: Mounting plugin OnlineSubsystem
LogPluginManager: Mounting plugin OnlineSubsystemNull
LogPluginManager: Mounting plugin OnlineSubsystemUtils
LogPluginManager: Mounting plugin LauncherChunkInstaller
LogPluginManager: Mounting plugin ActorLayerUtilities
LogPluginManager: Mounting plugin AndroidDeviceProfileSelector
LogPluginManager: Mounting plugin AndroidMoviePlayer
LogPluginManager: Mounting plugin AndroidPermission
LogPluginManager: Mounting plugin AppleImageUtils
LogPluginManager: Mounting plugin AppleMoviePlayer
LogPluginManager: Mounting plugin ArchVisCharacter
LogPluginManager: Mounting plugin AssetTags
LogPluginManager: Mounting plugin AudioCapture
LogPluginManager: Mounting plugin AudioSynesthesia
LogPluginManager: Mounting plugin CableComponent
LogPluginManager: Mounting plugin CustomMeshComponent
LogPluginManager: Mounting plugin ChunkDownloader
LogPluginManager: Mounting plugin EditableMesh
LogPluginManager: Mounting plugin ExampleDeviceProfileSelector
LogPluginManager: Mounting plugin GoogleCloudMessaging
LogPluginManager: Mounting plugin GooglePAD
LogPluginManager: Mounting plugin IOSDeviceProfileSelector
LogPluginManager: Mounting plugin LinuxDeviceProfileSelector
LogPluginManager: Mounting plugin LocationServicesBPLibrary
LogPluginManager: Mounting plugin MobilePatchingUtils
LogPluginManager: Mounting plugin OpenXR
LogPluginManager: Mounting plugin OpenXREyeTracker
LogPluginManager: Mounting plugin OpenXRHandTracking
LogPluginManager: Mounting plugin MediaCompositing
LogPluginManager: Mounting plugin PhysXVehicles
LogPluginManager: Mounting plugin ScreenshotTools
LogPluginManager: Mounting plugin PostSplashScreen
LogPluginManager: Mounting plugin PropertyAccessEditor
LogPluginManager: Mounting plugin ProceduralMeshComponent
LogPluginManager: Mounting plugin SignificanceManager
LogPluginManager: Mounting plugin RuntimePhysXCooking
LogPluginManager: Mounting plugin SoundFields
LogPluginManager: Mounting plugin Synthesis
LogPluginManager: Mounting plugin WebMMoviePlayer
LogPluginManager: Mounting plugin WindowsMoviePlayer
LogPluginManager: Mounting plugin Takes
LogPluginManager: Mounting plugin ContentBrowserAssetDataSource
LogPluginManager: Mounting plugin ContentBrowserClassDataSource
LogPluginManager: Mounting plugin ContentBrowserFileDataSource
LogPluginManager: Mounting plugin OnlineSubsystemIOS
LogPluginManager: Mounting plugin OnlineSubsystemGooglePlay
LogPluginManager: Mounting plugin SQLiteCore
LogPluginManager: Mounting plugin DatabaseSupport
LogPluginManager: Mounting plugin SQLiteSupport
LogPluginManager: Mounting plugin OculusVR
LogPluginManager: Mounting plugin SteamVR
PixWinPlugin: PIX capture plugin failed to initialize! Check that the process is launched from PIX.
LogInit: Using libcurl 7.55.1-DEV
LogInit:  - built for x86_64-pc-win32
LogInit:  - supports SSL with OpenSSL/1.1.1
LogInit:  - supports HTTP deflate (compression) using libz 1.2.8
LogInit:  - other features:
LogInit:      CURL_VERSION_SSL
LogInit:      CURL_VERSION_LIBZ
LogInit:      CURL_VERSION_IPV6
LogInit:      CURL_VERSION_ASYNCHDNS
LogInit:      CURL_VERSION_LARGEFILE
LogInit:      CURL_VERSION_IDN
LogInit:  CurlRequestOptions (configurable via config and command line):
LogInit:  - bVerifyPeer = true  - Libcurl will verify peer certificate
LogInit:  - bUseHttpProxy = false  - Libcurl will NOT use HTTP proxy
LogInit:  - bDontReuseConnections = false  - Libcurl will reuse connections
LogInit:  - MaxHostConnections = 16  - Libcurl will limit the number of connections to a host
LogInit:  - LocalHostAddr = Default
LogInit:  - BufferSize = 65536
LogOnline: OSS: Creating online subsystem instance for: NULL
LogInit: WinSock: version 1.1 (2.2), MaxSocks=32767, MaxUdp=65467
LogOnline: OSS: TryLoadSubsystemAndSetDefault: Loaded subsystem for module [NULL]
LogOculusPluginWrapper: OculusPlugin initialized successfully
LogHMD: Failed initializing OVRPlugin 1.59.0
LogInit: Build: ++UE4+Release-4.27-CL-17735300
LogInit: Engine Version: 4.27.1-17735300+++UE4+Release-4.27
LogInit: Compatible Engine Version: 4.27.0-17155196+++UE4+Release-4.27
LogInit: Net CL: 17155196
LogInit: OS: Windows 10 (Release 2009) (), CPU: AMD Ryzen 5 3500X 6-Core Processor             , GPU: NVIDIA GeForce GTX 960
LogInit: Compiled (64-bit): Oct  6 2021 14:42:51
LogInit: Compiled with Visual C++: 19.24.28315.00
LogInit: Build Configuration: Development
LogInit: Branch Name: ++UE4+Release-4.27
LogInit: Command Line:  /Game/FirstPersonBP/Maps/mainMap -game -PIEVIACONSOLE -Multiprocess GameUserSettingsINI=E:/ASD/FlyProject/Stole_DaVInchy/Saved/Config/Windows/PIEGameUserSettings0.ini -MultiprocessSaveConfig -forcepassthrough -messaging -SessionName="Play in Standalone Game" -windowed -ResX=1280 -ResY=720
LogInit: Base Directory: E:/UE_4.27/Engine/Binaries/Win64/
LogInit: Allocator: TBB
LogInit: Installed Engine Build: 1
LogDevObjectVersion: Number of dev versions registered: 29
LogDevObjectVersion:   Dev-Blueprints (B0D832E4-1F89-4F0D-ACCF-7EB736FD4AA2): 10
LogDevObjectVersion:   Dev-Build (E1C64328-A22C-4D53-A36C-8E866417BD8C): 0
LogDevObjectVersion:   Dev-Core (375EC13C-06E4-48FB-B500-84F0262A717E): 4
LogDevObjectVersion:   Dev-Editor (E4B068ED-F494-42E9-A231-DA0B2E46BB41): 40
LogDevObjectVersion:   Dev-Framework (CFFC743F-43B0-4480-9391-14DF171D2073): 37
LogDevObjectVersion:   Dev-Mobile (B02B49B5-BB20-44E9-A304-32B752E40360): 3
LogDevObjectVersion:   Dev-Networking (A4E4105C-59A1-49B5-A7C5-40C4547EDFEE): 0
LogDevObjectVersion:   Dev-Online (39C831C9-5AE6-47DC-9A44-9C173E1C8E7C): 0
LogDevObjectVersion:   Dev-Physics (78F01B33-EBEA-4F98-B9B4-84EACCB95AA2): 14
LogDevObjectVersion:   Dev-Platform (6631380F-2D4D-43E0-8009-CF276956A95A): 0
LogDevObjectVersion:   Dev-Rendering (12F88B9F-8875-4AFC-A67C-D90C383ABD29): 45
LogDevObjectVersion:   Dev-Sequencer (7B5AE74C-D270-4C10-A958-57980B212A5A): 13
LogDevObjectVersion:   Dev-VR (D7296918-1DD6-4BDD-9DE2-64A83CC13884): 3
LogDevObjectVersion:   Dev-LoadTimes (C2A15278-BFE7-4AFE-6C17-90FF531DF755): 1
LogDevObjectVersion:   Private-Geometry (6EACA3D4-40EC-4CC1-B786-8BED09428FC5): 3
LogDevObjectVersion:   Dev-AnimPhys (29E575DD-E0A3-4627-9D10-D276232CDCEA): 17
LogDevObjectVersion:   Dev-Anim (AF43A65D-7FD3-4947-9873-3E8ED9C1BB05): 15
LogDevObjectVersion:   Dev-ReflectionCapture (6B266CEC-1EC7-4B8F-A30B-E4D90942FC07): 1
LogDevObjectVersion:   Dev-Automation (0DF73D61-A23F-47EA-B727-89E90C41499A): 1
LogDevObjectVersion:   FortniteMain (601D1886-AC64-4F84-AA16-D3DE0DEAC7D6): 47
LogDevObjectVersion:   FortniteRelease (E7086368-6B23-4C58-8439-1B7016265E91): 1
LogDevObjectVersion:   Dev-Enterprise (9DFFBCD6-494F-0158-E221-12823C92A888): 10
LogDevObjectVersion:   Dev-Niagara (F2AED0AC-9AFE-416F-8664-AA7FFA26D6FC): 1
LogDevObjectVersion:   Dev-Destruction (174F1F0B-B4C6-45A5-B13F-2EE8D0FB917D): 10
LogDevObjectVersion:   Dev-Physics-Ext (35F94A83-E258-406C-A318-09F59610247C): 41
LogDevObjectVersion:   Dev-PhysicsMaterial-Chaos (B68FC16E-8B1B-42E2-B453-215C058844FE): 1
LogDevObjectVersion:   Dev-CineCamera (B2E18506-4273-CFC2-A54E-F4BB758BBA07): 1
LogDevObjectVersion:   Dev-VirtualProduction (64F58936-FD1B-42BA-BA96-7289D5D0FA4E): 1
LogDevObjectVersion:   Dev-MediaFramework (6F0ED827-A609-4895-9C91-998D90180EA4): 2
LogInit: Presizing for max 25165824 objects, including 0 objects not considered by GC, pre-allocating 0 bytes for permanent pool.
LogConfig: Applying CVar settings from Section [/Script/Engine.StreamingSettings] File [E:/ASD/FlyProject/Stole_DaVInchy/Saved/Config/Windows/Engine.ini]
LogConfig: Setting CVar [[s.MinBulkDataSizeForAsyncLoading:131072]]
LogConfig: Setting CVar [[s.AsyncLoadingThreadEnabled:0]]
LogConfig: Setting CVar [[s.EventDrivenLoaderEnabled:1]]
LogConfig: Setting CVar [[s.WarnIfTimeLimitExceeded:0]]
LogConfig: Setting CVar [[s.TimeLimitExceededMultiplier:1.5]]
LogConfig: Setting CVar [[s.TimeLimitExceededMinTime:0.005]]
LogConfig: Setting CVar [[s.UseBackgroundLevelStreaming:1]]
LogConfig: Setting CVar [[s.PriorityAsyncLoadingExtraTime:15.0]]
LogConfig: Setting CVar [[s.LevelStreamingActorsUpdateTimeLimit:5.0]]
LogConfig: Setting CVar [[s.PriorityLevelStreamingActorsUpdateExtraTime:5.0]]
LogConfig: Setting CVar [[s.LevelStreamingComponentsRegistrationGranularity:10]]
LogConfig: Setting CVar [[s.UnregisterComponentsTimeLimit:1.0]]
LogConfig: Setting CVar [[s.LevelStreamingComponentsUnregistrationGranularity:5]]
LogConfig: Setting CVar [[s.FlushStreamingOnExit:1]]
LogInit: Object subsystem initialized
LogConfig: Setting CVar [[con.DebugEarlyDefault:1]]
LogConfig: Setting CVar [[r.setres:1280x720]]
[2021.11.29-16.08.17:346][  0]LogConfig: Setting CVar [[con.DebugEarlyDefault:1]]
[2021.11.29-16.08.17:346][  0]LogConfig: Setting CVar [[r.setres:1280x720]]
[2021.11.29-16.08.17:347][  0]LogConfig: Applying CVar settings from Section [/Script/Engine.RendererSettings] File [E:/ASD/FlyProject/Stole_DaVInchy/Saved/Config/Windows/Engine.ini]
[2021.11.29-16.08.17:347][  0]LogConfig: Setting CVar [[r.GPUCrashDebugging:0]]
[2021.11.29-16.08.17:347][  0]LogConfig: Applying CVar settings from Section [/Script/Engine.RendererOverrideSettings] File [E:/ASD/FlyProject/Stole_DaVInchy/Saved/Config/Windows/Engine.ini]
[2021.11.29-16.08.17:347][  0]LogConfig: Applying CVar settings from Section [/Script/Engine.StreamingSettings] File [E:/ASD/FlyProject/Stole_DaVInchy/Saved/Config/Windows/Engine.ini]
[2021.11.29-16.08.17:347][  0]LogConfig: Setting CVar [[s.MinBulkDataSizeForAsyncLoading:131072]]
[2021.11.29-16.08.17:347][  0]LogConfig: Setting CVar [[s.AsyncLoadingThreadEnabled:0]]
[2021.11.29-16.08.17:347][  0]LogConfig: Setting CVar [[s.EventDrivenLoaderEnabled:1]]
[2021.11.29-16.08.17:347][  0]LogConfig: Setting CVar [[s.WarnIfTimeLimitExceeded:0]]
[2021.11.29-16.08.17:347][  0]LogConfig: Setting CVar [[s.TimeLimitExceededMultiplier:1.5]]
[2021.11.29-16.08.17:347][  0]LogConfig: Setting CVar [[s.TimeLimitExceededMinTime:0.005]]
[2021.11.29-16.08.17:347][  0]LogConfig: Setting CVar [[s.UseBackgroundLevelStreaming:1]]
[2021.11.29-16.08.17:347][  0]LogConfig: Setting CVar [[s.PriorityAsyncLoadingExtraTime:15.0]]
[2021.11.29-16.08.17:347][  0]LogConfig: Setting CVar [[s.LevelStreamingActorsUpdateTimeLimit:5.0]]
[2021.11.29-16.08.17:347][  0]LogConfig: Setting CVar [[s.PriorityLevelStreamingActorsUpdateExtraTime:5.0]]
[2021.11.29-16.08.17:347][  0]LogConfig: Setting CVar [[s.LevelStreamingComponentsRegistrationGranularity:10]]
[2021.11.29-16.08.17:347][  0]LogConfig: Setting CVar [[s.UnregisterComponentsTimeLimit:1.0]]
[2021.11.29-16.08.17:347][  0]LogConfig: Setting CVar [[s.LevelStreamingComponentsUnregistrationGranularity:5]]
[2021.11.29-16.08.17:347][  0]LogConfig: Setting CVar [[s.FlushStreamingOnExit:1]]
[2021.11.29-16.08.17:347][  0]LogConfig: Applying CVar settings from Section [/Script/Engine.GarbageCollectionSettings] File [E:/ASD/FlyProject/Stole_DaVInchy/Saved/Config/Windows/Engine.ini]
[2021.11.29-16.08.17:347][  0]LogConfig: Setting CVar [[gc.MaxObjectsNotConsideredByGC:1]]
[2021.11.29-16.08.17:347][  0]LogConfig: Setting CVar [[gc.SizeOfPermanentObjectPool:0]]
[2021.11.29-16.08.17:347][  0]LogConfig: Setting CVar [[gc.FlushStreamingOnGC:0]]
[2021.11.29-16.08.17:347][  0]LogConfig: Setting CVar [[gc.NumRetriesBeforeForcingGC:10]]
[2021.11.29-16.08.17:347][  0]LogConfig: Setting CVar [[gc.AllowParallelGC:1]]
[2021.11.29-16.08.17:347][  0]LogConfig: Setting CVar [[gc.TimeBetweenPurgingPendingKillObjects:61.1]]
[2021.11.29-16.08.17:347][  0]LogConfig: Setting CVar [[gc.MaxObjectsInEditor:25165824]]
[2021.11.29-16.08.17:347][  0]LogConfig: Setting CVar [[gc.IncrementalBeginDestroyEnabled:1]]
[2021.11.29-16.08.17:347][  0]LogConfig: Setting CVar [[gc.CreateGCClusters:1]]
[2021.11.29-16.08.17:347][  0]LogConfig: Setting CVar [[gc.MinGCClusterSize:5]]
[2021.11.29-16.08.17:347][  0]LogConfig: Setting CVar [[gc.ActorClusteringEnabled:0]]
[2021.11.29-16.08.17:347][  0]LogConfig: Setting CVar [[gc.BlueprintClusteringEnabled:0]]
[2021.11.29-16.08.17:347][  0]LogConfig: Setting CVar [[gc.UseDisregardForGCOnDedicatedServers:0]]
[2021.11.29-16.08.17:347][  0]LogConfig: Setting CVar [[gc.MultithreadedDestructionEnabled:1]]
[2021.11.29-16.08.17:347][  0]LogConfig: Applying CVar settings from Section [/Script/Engine.NetworkSettings] File [E:/ASD/FlyProject/Stole_DaVInchy/Saved/Config/Windows/Engine.ini]
[2021.11.29-16.08.17:347][  0]LogConfig: Applying CVar settings from Section [/Script/UnrealEd.CookerSettings] File [E:/ASD/FlyProject/Stole_DaVInchy/Saved/Config/Windows/Engine.ini]
[2021.11.29-16.08.17:356][  0]LogConfig: Applying CVar settings from Section [ViewDistanceQuality@3] File [E:/ASD/FlyProject/Stole_DaVInchy/Saved/Config/Windows/Scalability.ini]
[2021.11.29-16.08.17:356][  0]LogConfig: Setting CVar [[r.SkeletalMeshLODBias:0]]
[2021.11.29-16.08.17:356][  0]LogConfig: Setting CVar [[r.ViewDistanceScale:1.0]]
[2021.11.29-16.08.17:356][  0]LogConfig: Applying CVar settings from Section [AntiAliasingQuality@3] File [E:/ASD/FlyProject/Stole_DaVInchy/Saved/Config/Windows/Scalability.ini]
[2021.11.29-16.08.17:356][  0]LogConfig: Setting CVar [[r.PostProcessAAQuality:4]]
[2021.11.29-16.08.17:356][  0]LogConfig: Applying CVar settings from Section [ShadowQuality@3] File [E:/ASD/FlyProject/Stole_DaVInchy/Saved/Config/Windows/Scalability.ini]
[2021.11.29-16.08.17:356][  0]LogConfig: Setting CVar [[r.LightFunctionQuality:1]]
[2021.11.29-16.08.17:356][  0]LogConfig: Setting CVar [[r.ShadowQuality:5]]
[2021.11.29-16.08.17:356][  0]LogConfig: Setting CVar [[r.Shadow.CSM.MaxCascades:10]]
[2021.11.29-16.08.17:357][  0]LogConfig: Setting CVar [[r.Shadow.MaxResolution:2048]]
[2021.11.29-16.08.17:357][  0]LogConfig: Setting CVar [[r.Shadow.MaxCSMResolution:2048]]
[2021.11.29-16.08.17:357][  0]LogConfig: Setting CVar [[r.Shadow.RadiusThreshold:0.01]]
[2021.11.29-16.08.17:357][  0]LogConfig: Setting CVar [[r.Shadow.DistanceScale:1.0]]
[2021.11.29-16.08.17:357][  0]LogConfig: Setting CVar [[r.Shadow.CSM.TransitionScale:1.0]]
[2021.11.29-16.08.17:357][  0]LogConfig: Setting CVar [[r.Shadow.PreShadowResolutionFactor:1.0]]
[2021.11.29-16.08.17:357][  0]LogConfig: Setting CVar [[r.DistanceFieldShadowing:1]]
[2021.11.29-16.08.17:357][  0]LogConfig: Setting CVar [[r.DistanceFieldAO:1]]
[2021.11.29-16.08.17:357][  0]LogConfig: Setting CVar [[r.AOQuality:2]]
[2021.11.29-16.08.17:357][  0]LogConfig: Setting CVar [[r.VolumetricFog:1]]
[2021.11.29-16.08.17:357][  0]LogConfig: Setting CVar [[r.VolumetricFog.GridPixelSize:8]]
[2021.11.29-16.08.17:357][  0]LogConfig: Setting CVar [[r.VolumetricFog.GridSizeZ:128]]
[2021.11.29-16.08.17:357][  0]LogConfig: Setting CVar [[r.VolumetricFog.HistoryMissSupersampleCount:4]]
[2021.11.29-16.08.17:357][  0]LogConfig: Setting CVar [[r.LightMaxDrawDistanceScale:1]]
[2021.11.29-16.08.17:357][  0]LogConfig: Setting CVar [[r.CapsuleShadows:1]]
[2021.11.29-16.08.17:357][  0]LogConfig: Applying CVar settings from Section [PostProcessQuality@3] File [E:/ASD/FlyProject/Stole_DaVInchy/Saved/Config/Windows/Scalability.ini]
[2021.11.29-16.08.17:357][  0]LogConfig: Setting CVar [[r.MotionBlurQuality:4]]
[2021.11.29-16.08.17:357][  0]LogConfig: Setting CVar [[r.AmbientOcclusionMipLevelFactor:0.4]]
[2021.11.29-16.08.17:357][  0]LogConfig: Setting CVar [[r.AmbientOcclusionMaxQuality:100]]
[2021.11.29-16.08.17:357][  0]LogConfig: Setting CVar [[r.AmbientOcclusionLevels:-1]]
[2021.11.29-16.08.17:357][  0]LogConfig: Setting CVar [[r.AmbientOcclusionRadiusScale:1.0]]
[2021.11.29-16.08.17:357][  0]LogConfig: Setting CVar [[r.DepthOfFieldQuality:2]]
[2021.11.29-16.08.17:357][  0]LogConfig: Setting CVar [[r.RenderTargetPoolMin:400]]
[2021.11.29-16.08.17:357][  0]LogConfig: Setting CVar [[r.LensFlareQuality:2]]
[2021.11.29-16.08.17:357][  0]LogConfig: Setting CVar [[r.SceneColorFringeQuality:1]]
[2021.11.29-16.08.17:357][  0]LogConfig: Setting CVar [[r.EyeAdaptationQuality:2]]
[2021.11.29-16.08.17:357][  0]LogConfig: Setting CVar [[r.BloomQuality:5]]
[2021.11.29-16.08.17:357][  0]LogConfig: Setting CVar [[r.FastBlurThreshold:100]]
[2021.11.29-16.08.17:357][  0]LogConfig: Setting CVar [[r.Upscale.Quality:3]]
[2021.11.29-16.08.17:357][  0]LogConfig: Setting CVar [[r.Tonemapper.GrainQuantization:1]]
[2021.11.29-16.08.17:357][  0]LogConfig: Setting CVar [[r.LightShaftQuality:1]]
[2021.11.29-16.08.17:357][  0]LogConfig: Setting CVar [[r.Filter.SizeScale:1]]
[2021.11.29-16.08.17:357][  0]LogConfig: Setting CVar [[r.Tonemapper.Quality:5]]
[2021.11.29-16.08.17:357][  0]LogConfig: Setting CVar [[r.DOF.Gather.AccumulatorQuality:1        ; higher gathering accumulator quality]]
[2021.11.29-16.08.17:357][  0]LogConfig: Setting CVar [[r.DOF.Gather.PostfilterMethod:1          ; Median3x3 postfilering method]]
[2021.11.29-16.08.17:357][  0]LogConfig: Setting CVar [[r.DOF.Gather.EnableBokehSettings:0       ; no bokeh simulation when gathering]]
[2021.11.29-16.08.17:357][  0]LogConfig: Setting CVar [[r.DOF.Gather.RingCount:4                 ; medium number of samples when gathering]]
[2021.11.29-16.08.17:357][  0]LogConfig: Setting CVar [[r.DOF.Scatter.ForegroundCompositing:1    ; additive foreground scattering]]
[2021.11.29-16.08.17:357][  0]LogConfig: Setting CVar [[r.DOF.Scatter.BackgroundCompositing:2    ; additive background scattering]]
[2021.11.29-16.08.17:357][  0]LogConfig: Setting CVar [[r.DOF.Scatter.EnableBokehSettings:1      ; bokeh simulation when scattering]]
[2021.11.29-16.08.17:357][  0]LogConfig: Setting CVar [[r.DOF.Scatter.MaxSpriteRatio:0.1         ; only a maximum of 10% of scattered bokeh]]
[2021.11.29-16.08.17:357][  0]LogConfig: Setting CVar [[r.DOF.Recombine.Quality:1                ; cheap slight out of focus]]
[2021.11.29-16.08.17:357][  0]LogConfig: Setting CVar [[r.DOF.Recombine.EnableBokehSettings:0    ; no bokeh simulation on slight out of focus]]
[2021.11.29-16.08.17:357][  0]LogConfig: Setting CVar [[r.DOF.TemporalAAQuality:1                ; more stable temporal accumulation]]
[2021.11.29-16.08.17:357][  0]LogConfig: Setting CVar [[r.DOF.Kernel.MaxForegroundRadius:0.025]]
[2021.11.29-16.08.17:357][  0]LogConfig: Setting CVar [[r.DOF.Kernel.MaxBackgroundRadius:0.025]]
[2021.11.29-16.08.17:357][  0]LogConfig: Applying CVar settings from Section [TextureQuality@3] File [E:/ASD/FlyProject/Stole_DaVInchy/Saved/Config/Windows/Scalability.ini]
[2021.11.29-16.08.17:357][  0]LogConfig: Setting CVar [[r.Streaming.MipBias:0]]
[2021.11.29-16.08.17:357][  0]LogConfig: Setting CVar [[r.Streaming.AmortizeCPUToGPUCopy:0]]
[2021.11.29-16.08.17:357][  0]LogConfig: Setting CVar [[r.Streaming.MaxNumTexturesToStreamPerFrame:0]]
[2021.11.29-16.08.17:357][  0]LogConfig: Setting CVar [[r.Streaming.Boost:1]]
[2021.11.29-16.08.17:357][  0]LogConfig: Setting CVar [[r.MaxAnisotropy:8]]
[2021.11.29-16.08.17:357][  0]LogConfig: Setting CVar [[r.VT.MaxAnisotropy:8]]
[2021.11.29-16.08.17:357][  0]LogConfig: Setting CVar [[r.Streaming.LimitPoolSizeToVRAM:0]]
[2021.11.29-16.08.17:357][  0]LogConfig: Setting CVar [[r.Streaming.PoolSize:1000]]
[2021.11.29-16.08.17:357][  0]LogConfig: Setting CVar [[r.Streaming.MaxEffectiveScreenSize:0]]
[2021.11.29-16.08.17:357][  0]LogConfig: Applying CVar settings from Section [EffectsQuality@3] File [E:/ASD/FlyProject/Stole_DaVInchy/Saved/Config/Windows/Scalability.ini]
[2021.11.29-16.08.17:357][  0]LogConfig: Setting CVar [[r.TranslucencyLightingVolumeDim:64]]
[2021.11.29-16.08.17:357][  0]LogConfig: Setting CVar [[r.RefractionQuality:2]]
[2021.11.29-16.08.17:357][  0]LogConfig: Setting CVar [[r.SSR.Quality:3]]
[2021.11.29-16.08.17:357][  0]LogConfig: Setting CVar [[r.SSR.HalfResSceneColor:0]]
[2021.11.29-16.08.17:357][  0]LogConfig: Setting CVar [[r.SceneColorFormat:4]]
[2021.11.29-16.08.17:357][  0]LogConfig: Setting CVar [[r.DetailMode:2]]
[2021.11.29-16.08.17:357][  0]LogConfig: Setting CVar [[r.TranslucencyVolumeBlur:1]]
[2021.11.29-16.08.17:357][  0]LogConfig: Setting CVar [[r.MaterialQualityLevel:1 ; High quality]]
[2021.11.29-16.08.17:357][  0]LogConfig: Setting CVar [[r.AnisotropicMaterials:1]]
[2021.11.29-16.08.17:357][  0]LogConfig: Setting CVar [[r.SSS.Scale:1]]
[2021.11.29-16.08.17:357][  0]LogConfig: Setting CVar [[r.SSS.SampleSet:2]]
[2021.11.29-16.08.17:357][  0]LogConfig: Setting CVar [[r.SSS.Quality:1]]
[2021.11.29-16.08.17:357][  0]LogConfig: Setting CVar [[r.SSS.HalfRes:0]]
[2021.11.29-16.08.17:357][  0]LogConfig: Setting CVar [[r.SSGI.Quality:3]]
[2021.11.29-16.08.17:357][  0]LogConfig: Setting CVar [[r.EmitterSpawnRateScale:1.0]]
[2021.11.29-16.08.17:357][  0]LogConfig: Setting CVar [[r.ParticleLightQuality:2]]
[2021.11.29-16.08.17:357][  0]LogConfig: Setting CVar [[r.SkyAtmosphere.AerialPerspectiveLUT.FastApplyOnOpaque:1 ; Always have FastSkyLUT 1 in this case to avoid wrong sky]]
[2021.11.29-16.08.17:357][  0]LogConfig: Setting CVar [[r.SkyAtmosphere.AerialPerspectiveLUT.SampleCountMaxPerSlice:4]]
[2021.11.29-16.08.17:357][  0]LogConfig: Setting CVar [[r.SkyAtmosphere.AerialPerspectiveLUT.DepthResolution:16.0]]
[2021.11.29-16.08.17:357][  0]LogConfig: Setting CVar [[r.SkyAtmosphere.FastSkyLUT:1]]
[2021.11.29-16.08.17:357][  0]LogConfig: Setting CVar [[r.SkyAtmosphere.FastSkyLUT.SampleCountMin:4.0]]
[2021.11.29-16.08.17:357][  0]LogConfig: Setting CVar [[r.SkyAtmosphere.FastSkyLUT.SampleCountMax:128.0]]
[2021.11.29-16.08.17:357][  0]LogConfig: Setting CVar [[r.SkyAtmosphere.SampleCountMin:4.0]]
[2021.11.29-16.08.17:357][  0]LogConfig: Setting CVar [[r.SkyAtmosphere.SampleCountMax:128.0]]
[2021.11.29-16.08.17:357][  0]LogConfig: Setting CVar [[r.SkyAtmosphere.TransmittanceLUT.UseSmallFormat:0]]
[2021.11.29-16.08.17:357][  0]LogConfig: Setting CVar [[r.SkyAtmosphere.TransmittanceLUT.SampleCount:10.0]]
[2021.11.29-16.08.17:357][  0]LogConfig: Setting CVar [[r.SkyAtmosphere.MultiScatteringLUT.SampleCount:15.0]]
[2021.11.29-16.08.17:357][  0]LogConfig: Setting CVar [[r.SkyLight.RealTimeReflectionCapture:1]]
[2021.11.29-16.08.17:357][  0]LogConfig: Applying CVar settings from Section [FoliageQuality@3] File [E:/ASD/FlyProject/Stole_DaVInchy/Saved/Config/Windows/Scalability.ini]
[2021.11.29-16.08.17:357][  0]LogConfig: Setting CVar [[foliage.DensityScale:1.0]]
[2021.11.29-16.08.17:358][  0]LogConfig: Setting CVar [[grass.DensityScale:1.0]]
[2021.11.29-16.08.17:358][  0]LogConfig: Applying CVar settings from Section [ShadingQuality@3] File [E:/ASD/FlyProject/Stole_DaVInchy/Saved/Config/Windows/Scalability.ini]
[2021.11.29-16.08.17:358][  0]LogConfig: Setting CVar [[r.HairStrands.SkyLighting.IntegrationType:2]]
[2021.11.29-16.08.17:358][  0]LogConfig: Setting CVar [[r.HairStrands.SkyAO.SampleCount:4]]
[2021.11.29-16.08.17:358][  0]LogConfig: Setting CVar [[r.HairStrands.Visibility.MSAA.SamplePerPixel:4]]
[2021.11.29-16.08.17:358][  0]LogInit: Selected Device Profile: [Windows]
[2021.11.29-16.08.17:358][  0]LogInit: Applying CVar settings loaded from the selected device profile: [Windows]
[2021.11.29-16.08.17:358][  0]LogHAL: Display: Platform has ~ 16 GB [17126137856 / 17179869184 / 16], which maps to Larger [LargestMinGB=32, LargerMinGB=12, DefaultMinGB=8, SmallerMinGB=6, SmallestMinGB=0)
[2021.11.29-16.08.17:358][  0]LogInit: Going up to parent DeviceProfile []
[2021.11.29-16.08.17:358][  0]LogConfig: Applying CVar settings from Section [ViewDistanceQuality@3] File [E:/ASD/FlyProject/Stole_DaVInchy/Saved/Config/Windows/Scalability.ini]
[2021.11.29-16.08.17:358][  0]LogConfig: Setting CVar [[r.SkeletalMeshLODBias:0]]
[2021.11.29-16.08.17:358][  0]LogConfig: Setting CVar [[r.ViewDistanceScale:1.0]]
[2021.11.29-16.08.17:358][  0]LogConfig: Applying CVar settings from Section [AntiAliasingQuality@3] File [E:/ASD/FlyProject/Stole_DaVInchy/Saved/Config/Windows/Scalability.ini]
[2021.11.29-16.08.17:358][  0]LogConfig: Setting CVar [[r.PostProcessAAQuality:4]]
[2021.11.29-16.08.17:358][  0]LogConfig: Applying CVar settings from Section [ShadowQuality@3] File [E:/ASD/FlyProject/Stole_DaVInchy/Saved/Config/Windows/Scalability.ini]
[2021.11.29-16.08.17:358][  0]LogConfig: Setting CVar [[r.LightFunctionQuality:1]]
[2021.11.29-16.08.17:358][  0]LogConfig: Setting CVar [[r.ShadowQuality:5]]
[2021.11.29-16.08.17:358][  0]LogConfig: Setting CVar [[r.Shadow.CSM.MaxCascades:10]]
[2021.11.29-16.08.17:358][  0]LogConfig: Setting CVar [[r.Shadow.MaxResolution:2048]]
[2021.11.29-16.08.17:358][  0]LogConfig: Setting CVar [[r.Shadow.MaxCSMResolution:2048]]
[2021.11.29-16.08.17:358][  0]LogConfig: Setting CVar [[r.Shadow.RadiusThreshold:0.01]]
[2021.11.29-16.08.17:358][  0]LogConfig: Setting CVar [[r.Shadow.DistanceScale:1.0]]
[2021.11.29-16.08.17:358][  0]LogConfig: Setting CVar [[r.Shadow.CSM.TransitionScale:1.0]]
[2021.11.29-16.08.17:358][  0]LogConfig: Setting CVar [[r.Shadow.PreShadowResolutionFactor:1.0]]
[2021.11.29-16.08.17:358][  0]LogConfig: Setting CVar [[r.DistanceFieldShadowing:1]]
[2021.11.29-16.08.17:358][  0]LogConfig: Setting CVar [[r.DistanceFieldAO:1]]
[2021.11.29-16.08.17:358][  0]LogConfig: Setting CVar [[r.AOQuality:2]]
[2021.11.29-16.08.17:358][  0]LogConfig: Setting CVar [[r.VolumetricFog:1]]
[2021.11.29-16.08.17:358][  0]LogConfig: Setting CVar [[r.VolumetricFog.GridPixelSize:8]]
[2021.11.29-16.08.17:358][  0]LogConfig: Setting CVar [[r.VolumetricFog.GridSizeZ:128]]
[2021.11.29-16.08.17:358][  0]LogConfig: Setting CVar [[r.VolumetricFog.HistoryMissSupersampleCount:4]]
[2021.11.29-16.08.17:358][  0]LogConfig: Setting CVar [[r.LightMaxDrawDistanceScale:1]]
[2021.11.29-16.08.17:358][  0]LogConfig: Setting CVar [[r.CapsuleShadows:1]]
[2021.11.29-16.08.17:358][  0]LogConfig: Applying CVar settings from Section [PostProcessQuality@3] File [E:/ASD/FlyProject/Stole_DaVInchy/Saved/Config/Windows/Scalability.ini]
[2021.11.29-16.08.17:358][  0]LogConfig: Setting CVar [[r.MotionBlurQuality:4]]
[2021.11.29-16.08.17:358][  0]LogConfig: Setting CVar [[r.AmbientOcclusionMipLevelFactor:0.4]]
[2021.11.29-16.08.17:358][  0]LogConfig: Setting CVar [[r.AmbientOcclusionMaxQuality:100]]
[2021.11.29-16.08.17:358][  0]LogConfig: Setting CVar [[r.AmbientOcclusionLevels:-1]]
[2021.11.29-16.08.17:358][  0]LogConfig: Setting CVar [[r.AmbientOcclusionRadiusScale:1.0]]
[2021.11.29-16.08.17:358][  0]LogConfig: Setting CVar [[r.DepthOfFieldQuality:2]]
[2021.11.29-16.08.17:358][  0]LogConfig: Setting CVar [[r.RenderTargetPoolMin:400]]
[2021.11.29-16.08.17:358][  0]LogConfig: Setting CVar [[r.LensFlareQuality:2]]
[2021.11.29-16.08.17:358][  0]LogConfig: Setting CVar [[r.SceneColorFringeQuality:1]]
[2021.11.29-16.08.17:358][  0]LogConfig: Setting CVar [[r.EyeAdaptationQuality:2]]
[2021.11.29-16.08.17:358][  0]LogConfig: Setting CVar [[r.BloomQuality:5]]
[2021.11.29-16.08.17:358][  0]LogConfig: Setting CVar [[r.FastBlurThreshold:100]]
[2021.11.29-16.08.17:358][  0]LogConfig: Setting CVar [[r.Upscale.Quality:3]]
[2021.11.29-16.08.17:358][  0]LogConfig: Setting CVar [[r.Tonemapper.GrainQuantization:1]]
[2021.11.29-16.08.17:358][  0]LogConfig: Setting CVar [[r.LightShaftQuality:1]]
[2021.11.29-16.08.17:358][  0]LogConfig: Setting CVar [[r.Filter.SizeScale:1]]
[2021.11.29-16.08.17:358][  0]LogConfig: Setting CVar [[r.Tonemapper.Quality:5]]
[2021.11.29-16.08.17:358][  0]LogConfig: Setting CVar [[r.DOF.Gather.AccumulatorQuality:1        ; higher gathering accumulator quality]]
[2021.11.29-16.08.17:358][  0]LogConfig: Setting CVar [[r.DOF.Gather.PostfilterMethod:1          ; Median3x3 postfilering method]]
[2021.11.29-16.08.17:358][  0]LogConfig: Setting CVar [[r.DOF.Gather.EnableBokehSettings:0       ; no bokeh simulation when gathering]]
[2021.11.29-16.08.17:358][  0]LogConfig: Setting CVar [[r.DOF.Gather.RingCount:4                 ; medium number of samples when gathering]]
[2021.11.29-16.08.17:358][  0]LogConfig: Setting CVar [[r.DOF.Scatter.ForegroundCompositing:1    ; additive foreground scattering]]
[2021.11.29-16.08.17:358][  0]LogConfig: Setting CVar [[r.DOF.Scatter.BackgroundCompositing:2    ; additive background scattering]]
[2021.11.29-16.08.17:358][  0]LogConfig: Setting CVar [[r.DOF.Scatter.EnableBokehSettings:1      ; bokeh simulation when scattering]]
[2021.11.29-16.08.17:358][  0]LogConfig: Setting CVar [[r.DOF.Scatter.MaxSpriteRatio:0.1         ; only a maximum of 10% of scattered bokeh]]
[2021.11.29-16.08.17:358][  0]LogConfig: Setting CVar [[r.DOF.Recombine.Quality:1                ; cheap slight out of focus]]
[2021.11.29-16.08.17:358][  0]LogConfig: Setting CVar [[r.DOF.Recombine.EnableBokehSettings:0    ; no bokeh simulation on slight out of focus]]
[2021.11.29-16.08.17:358][  0]LogConfig: Setting CVar [[r.DOF.TemporalAAQuality:1                ; more stable temporal accumulation]]
[2021.11.29-16.08.17:358][  0]LogConfig: Setting CVar [[r.DOF.Kernel.MaxForegroundRadius:0.025]]
[2021.11.29-16.08.17:358][  0]LogConfig: Setting CVar [[r.DOF.Kernel.MaxBackgroundRadius:0.025]]
[2021.11.29-16.08.17:358][  0]LogConfig: Applying CVar settings from Section [TextureQuality@3] File [E:/ASD/FlyProject/Stole_DaVInchy/Saved/Config/Windows/Scalability.ini]
[2021.11.29-16.08.17:358][  0]LogConfig: Setting CVar [[r.Streaming.MipBias:0]]
[2021.11.29-16.08.17:358][  0]LogConfig: Setting CVar [[r.Streaming.AmortizeCPUToGPUCopy:0]]
[2021.11.29-16.08.17:358][  0]LogConfig: Setting CVar [[r.Streaming.MaxNumTexturesToStreamPerFrame:0]]
[2021.11.29-16.08.17:358][  0]LogConfig: Setting CVar [[r.Streaming.Boost:1]]
[2021.11.29-16.08.17:358][  0]LogConfig: Setting CVar [[r.MaxAnisotropy:8]]
[2021.11.29-16.08.17:358][  0]LogConfig: Setting CVar [[r.VT.MaxAnisotropy:8]]
[2021.11.29-16.08.17:359][  0]LogConfig: Setting CVar [[r.Streaming.LimitPoolSizeToVRAM:0]]
[2021.11.29-16.08.17:359][  0]LogConfig: Setting CVar [[r.Streaming.PoolSize:1000]]
[2021.11.29-16.08.17:359][  0]LogConfig: Setting CVar [[r.Streaming.MaxEffectiveScreenSize:0]]
[2021.11.29-16.08.17:359][  0]LogConfig: Applying CVar settings from Section [EffectsQuality@3] File [E:/ASD/FlyProject/Stole_DaVInchy/Saved/Config/Windows/Scalability.ini]
[2021.11.29-16.08.17:359][  0]LogConfig: Setting CVar [[r.TranslucencyLightingVolumeDim:64]]
[2021.11.29-16.08.17:359][  0]LogConfig: Setting CVar [[r.RefractionQuality:2]]
[2021.11.29-16.08.17:359][  0]LogConfig: Setting CVar [[r.SSR.Quality:3]]
[2021.11.29-16.08.17:359][  0]LogConfig: Setting CVar [[r.SSR.HalfResSceneColor:0]]
[2021.11.29-16.08.17:359][  0]LogConfig: Setting CVar [[r.SceneColorFormat:4]]
[2021.11.29-16.08.17:359][  0]LogConfig: Setting CVar [[r.DetailMode:2]]
[2021.11.29-16.08.17:359][  0]LogConfig: Setting CVar [[r.TranslucencyVolumeBlur:1]]
[2021.11.29-16.08.17:359][  0]LogConfig: Setting CVar [[r.MaterialQualityLevel:1 ; High quality]]
[2021.11.29-16.08.17:359][  0]LogConfig: Setting CVar [[r.AnisotropicMaterials:1]]
[2021.11.29-16.08.17:359][  0]LogConfig: Setting CVar [[r.SSS.Scale:1]]
[2021.11.29-16.08.17:359][  0]LogConfig: Setting CVar [[r.SSS.SampleSet:2]]
[2021.11.29-16.08.17:359][  0]LogConfig: Setting CVar [[r.SSS.Quality:1]]
[2021.11.29-16.08.17:359][  0]LogConfig: Setting CVar [[r.SSS.HalfRes:0]]
[2021.11.29-16.08.17:359][  0]LogConfig: Setting CVar [[r.SSGI.Quality:3]]
[2021.11.29-16.08.17:359][  0]LogConfig: Setting CVar [[r.EmitterSpawnRateScale:1.0]]
[2021.11.29-16.08.17:359][  0]LogConfig: Setting CVar [[r.ParticleLightQuality:2]]
[2021.11.29-16.08.17:359][  0]LogConfig: Setting CVar [[r.SkyAtmosphere.AerialPerspectiveLUT.FastApplyOnOpaque:1 ; Always have FastSkyLUT 1 in this case to avoid wrong sky]]
[2021.11.29-16.08.17:359][  0]LogConfig: Setting CVar [[r.SkyAtmosphere.AerialPerspectiveLUT.SampleCountMaxPerSlice:4]]
[2021.11.29-16.08.17:359][  0]LogConfig: Setting CVar [[r.SkyAtmosphere.AerialPerspectiveLUT.DepthResolution:16.0]]
[2021.11.29-16.08.17:359][  0]LogConfig: Setting CVar [[r.SkyAtmosphere.FastSkyLUT:1]]
[2021.11.29-16.08.17:359][  0]LogConfig: Setting CVar [[r.SkyAtmosphere.FastSkyLUT.SampleCountMin:4.0]]
[2021.11.29-16.08.17:359][  0]LogConfig: Setting CVar [[r.SkyAtmosphere.FastSkyLUT.SampleCountMax:128.0]]
[2021.11.29-16.08.17:359][  0]LogConfig: Setting CVar [[r.SkyAtmosphere.SampleCountMin:4.0]]
[2021.11.29-16.08.17:359][  0]LogConfig: Setting CVar [[r.SkyAtmosphere.SampleCountMax:128.0]]
[2021.11.29-16.08.17:359][  0]LogConfig: Setting CVar [[r.SkyAtmosphere.TransmittanceLUT.UseSmallFormat:0]]
[2021.11.29-16.08.17:359][  0]LogConfig: Setting CVar [[r.SkyAtmosphere.TransmittanceLUT.SampleCount:10.0]]
[2021.11.29-16.08.17:359][  0]LogConfig: Setting CVar [[r.SkyAtmosphere.MultiScatteringLUT.SampleCount:15.0]]
[2021.11.29-16.08.17:359][  0]LogConfig: Setting CVar [[r.SkyLight.RealTimeReflectionCapture:1]]
[2021.11.29-16.08.17:359][  0]LogConfig: Applying CVar settings from Section [FoliageQuality@3] File [E:/ASD/FlyProject/Stole_DaVInchy/Saved/Config/Windows/Scalability.ini]
[2021.11.29-16.08.17:359][  0]LogConfig: Setting CVar [[foliage.DensityScale:1.0]]
[2021.11.29-16.08.17:359][  0]LogConfig: Setting CVar [[grass.DensityScale:1.0]]
[2021.11.29-16.08.17:359][  0]LogConfig: Applying CVar settings from Section [ShadingQuality@3] File [E:/ASD/FlyProject/Stole_DaVInchy/Saved/Config/Windows/Scalability.ini]
[2021.11.29-16.08.17:359][  0]LogConfig: Setting CVar [[r.HairStrands.SkyLighting.IntegrationType:2]]
[2021.11.29-16.08.17:359][  0]LogConfig: Setting CVar [[r.HairStrands.SkyAO.SampleCount:4]]
[2021.11.29-16.08.17:359][  0]LogConfig: Setting CVar [[r.HairStrands.Visibility.MSAA.SamplePerPixel:4]]
[2021.11.29-16.08.17:359][  0]LogConfig: Applying CVar settings from Section [Startup] File [../../../Engine/Config/ConsoleVariables.ini]
[2021.11.29-16.08.17:359][  0]LogConfig: Setting CVar [[net.UseAdaptiveNetUpdateFrequency:0]]
[2021.11.29-16.08.17:359][  0]LogConfig: Setting CVar [[p.chaos.AllowCreatePhysxBodies:1]]
[2021.11.29-16.08.17:359][  0]LogConfig: Setting CVar [[fx.SkipVectorVMBackendOptimizations:1]]
[2021.11.29-16.08.17:359][  0]LogConfig: Applying CVar settings from Section [ConsoleVariables] File [E:/ASD/FlyProject/Stole_DaVInchy/Saved/Config/Windows/Engine.ini]
[2021.11.29-16.08.17:359][  0]LogConfig: Applying CVar settings from Section [ConsoleVariables] File [E:/ASD/FlyProject/Stole_DaVInchy/Saved/Config/Windows/Editor.ini]
[2021.11.29-16.08.17:359][  0]LogInit: Computer: DESKTOP-QARVD59
[2021.11.29-16.08.17:359][  0]LogInit: User: игорь
[2021.11.29-16.08.17:359][  0]LogInit: CPU Page size=4096, Cores=6
[2021.11.29-16.08.17:359][  0]LogInit: High frequency timer resolution =10.000000 MHz
[2021.11.29-16.08.17:359][  0]LogMemory: Memory total: Physical=15.9GB (16GB approx)
[2021.11.29-16.08.17:359][  0]LogMemory: Platform Memory Stats for Windows
[2021.11.29-16.08.17:359][  0]LogMemory: Process Physical Memory: 143.95 MB used, 143.95 MB peak
[2021.11.29-16.08.17:359][  0]LogMemory: Process Virtual Memory: 117.16 MB used, 117.16 MB peak
[2021.11.29-16.08.17:359][  0]LogMemory: Physical Memory: 11064.14 MB used,  5268.62 MB free, 16332.76 MB total
[2021.11.29-16.08.17:359][  0]LogMemory: Virtual Memory: 134214272.00 MB used,  3452.41 MB free, 134217728.00 MB total
[2021.11.29-16.08.17:366][  0]LogWindows: WindowsPlatformFeatures enabled
[2021.11.29-16.08.17:619][  0]LogInit: Physics initialised using underlying interface: PhysX
[2021.11.29-16.08.17:619][  0]LogInit: Using OS detected language (en-US).
[2021.11.29-16.08.17:619][  0]LogInit: Using OS detected locale (en-US).
[2021.11.29-16.08.17:642][  0]LogTextLocalizationManager: No specific localization for 'en-US' exists, so the 'en' localization will be used.
[2021.11.29-16.08.18:254][  0]LogWindowsTextInputMethodSystem: Display: IME system deactivated.
[2021.11.29-16.08.18:391][  0]LogSlate: New Slate User Created.  User Index 0, Is Virtual User: 0
[2021.11.29-16.08.18:391][  0]LogSlate: Slate User Registered.  User Index 0, Is Virtual User: 0
[2021.11.29-16.08.18:445][  0]LogD3D11RHI: Loaded GFSDK_Aftermath_Lib.x64.dll
[2021.11.29-16.08.18:454][  0]LogHMD: Failed to initialize OpenVR with code 110
[2021.11.29-16.08.18:455][  0]LogD3D11RHI: D3D11 min allowed feature level: 11_0
[2021.11.29-16.08.18:455][  0]LogD3D11RHI: D3D11 max allowed feature level: 11_0
[2021.11.29-16.08.18:455][  0]LogD3D11RHI: D3D11 adapters:
[2021.11.29-16.08.18:573][  0]LogD3D11RHI:    0. 'NVIDIA GeForce GTX 960' (Feature Level 11_0)
[2021.11.29-16.08.18:573][  0]LogD3D11RHI:       4053/0/8166 MB DedicatedVideo/DedicatedSystem/SharedSystem, Outputs:1, VendorId:0x10de
[2021.11.29-16.08.18:576][  0]LogD3D11RHI:    1. 'Microsoft Basic Render Driver' (Feature Level 11_0)
[2021.11.29-16.08.18:576][  0]LogD3D11RHI:       0/0/8166 MB DedicatedVideo/DedicatedSystem/SharedSystem, Outputs:0, VendorId:0x1414
[2021.11.29-16.08.18:576][  0]LogD3D11RHI: Chosen D3D11 Adapter:
[2021.11.29-16.08.18:576][  0]LogD3D11RHI:     Description : NVIDIA GeForce GTX 960
[2021.11.29-16.08.18:576][  0]LogD3D11RHI:     VendorId    : 10de
[2021.11.29-16.08.18:576][  0]LogD3D11RHI:     DeviceId    : 1401
[2021.11.29-16.08.18:576][  0]LogD3D11RHI:     SubSysId    : 10de
[2021.11.29-16.08.18:576][  0]LogD3D11RHI:     Revision    : 00a1
[2021.11.29-16.08.18:576][  0]LogD3D11RHI:     DedicatedVideoMemory : 4250271744 bytes
[2021.11.29-16.08.18:576][  0]LogD3D11RHI:     DedicatedSystemMemory : 0 bytes
[2021.11.29-16.08.18:576][  0]LogD3D11RHI:     SharedSystemMemory : 8563068928 bytes
[2021.11.29-16.08.18:576][  0]LogD3D11RHI:     AdapterLuid : 0 62706
[2021.11.29-16.08.18:585][  0]LogD3D11RHI: Creating new Direct3DDevice
[2021.11.29-16.08.18:585][  0]LogD3D11RHI:     GPU DeviceId: 0x1401 (for the marketing name, search the web for "GPU Device Id")
[2021.11.29-16.08.18:585][  0]LogWindows: EnumDisplayDevices:
[2021.11.29-16.08.18:586][  0]LogWindows:    0. 'NVIDIA GeForce GTX 960' (P:1 D:1)
[2021.11.29-16.08.18:586][  0]LogWindows:    1. 'NVIDIA GeForce GTX 960' (P:0 D:0)
[2021.11.29-16.08.18:586][  0]LogWindows:    2. 'NVIDIA GeForce GTX 960' (P:0 D:0)
[2021.11.29-16.08.18:587][  0]LogWindows:    3. 'NVIDIA GeForce GTX 960' (P:0 D:0)
[2021.11.29-16.08.18:587][  0]LogWindows: DebugString: FoundDriverCount:4 
[2021.11.29-16.08.18:587][  0]LogD3D11RHI:     Adapter Name: NVIDIA GeForce GTX 960
[2021.11.29-16.08.18:587][  0]LogD3D11RHI:   Driver Version: 496.49 (internal:30.0.14.9649, unified:496.49)
[2021.11.29-16.08.18:587][  0]LogD3D11RHI:      Driver Date: 10-20-2021
[2021.11.29-16.08.18:587][  0]LogRHI: Texture pool is 2837 MB (70% of 4053 MB)
[2021.11.29-16.08.18:587][  0]LogD3D11RHI: Creating D3DDevice using adapter:
[2021.11.29-16.08.18:587][  0]LogD3D11RHI:     Description : NVIDIA GeForce GTX 960
[2021.11.29-16.08.18:587][  0]LogD3D11RHI:     VendorId    : 10de
[2021.11.29-16.08.18:587][  0]LogD3D11RHI:     DeviceId    : 1401
[2021.11.29-16.08.18:587][  0]LogD3D11RHI:     SubSysId    : 10de
[2021.11.29-16.08.18:587][  0]LogD3D11RHI:     Revision    : 00a1
[2021.11.29-16.08.18:587][  0]LogD3D11RHI:     DedicatedVideoMemory : 4250271744 bytes
[2021.11.29-16.08.18:587][  0]LogD3D11RHI:     DedicatedSystemMemory : 0 bytes
[2021.11.29-16.08.18:587][  0]LogD3D11RHI:     SharedSystemMemory : 8563068928 bytes
[2021.11.29-16.08.18:587][  0]LogD3D11RHI:     AdapterLuid : 0 62706
[2021.11.29-16.08.18:656][  0]LogD3D11RHI: RHI has support for 64 bit atomics
[2021.11.29-16.08.18:656][  0]LogD3D11RHI: Async texture creation enabled
[2021.11.29-16.08.18:656][  0]LogD3D11RHI: Array index from any shader is supported
[2021.11.29-16.08.18:681][  0]LogD3D11RHI: GPU Timing Frequency: 1000.000000 (Debug: 2 1)
[2021.11.29-16.08.18:771][  0]LogRHI: GeForceNow SDK initialized: 1
[2021.11.29-16.08.19:434][  0]LogTargetPlatformManager: Display: Loaded TargetPlatform 'WindowsNoEditor'
[2021.11.29-16.08.19:459][  0]LogTargetPlatformManager: Display: Loaded TargetPlatform 'Windows'
[2021.11.29-16.08.19:477][  0]LogTargetPlatformManager: Display: Loaded TargetPlatform 'WindowsClient'
[2021.11.29-16.08.19:506][  0]LogTargetPlatformManager: Display: Loaded TargetPlatform 'WindowsServer'
[2021.11.29-16.08.19:506][  0]LogTargetPlatformManager: Display: Building Assets For Windows
[2021.11.29-16.08.19:680][  0]LogAudioDebug: Display: Lib vorbis DLL was dynamically loaded.
[2021.11.29-16.08.19:939][  0]LogTextureFormatOodle: Display: Oodle Texture 2.9.0 init RDO Off
[2021.11.29-16.08.20:146][  0]LogRendererCore: Ray tracing is disabled. Reason: r.RayTracing=0.
[2021.11.29-16.08.20:146][  0]LogShaderCompilers: Guid format shader working directory is 4 characters bigger than the processId version (../../../../ASD/FlyProject/Stole_DaVInchy/Intermediate/Shaders/WorkingDirectory/23560/).
[2021.11.29-16.08.20:146][  0]LogShaderCompilers: Cleaned the shader compiler working directory 'C:/Users/игорь/AppData/Local/Temp/UnrealShaderWorkingDir/0270B7AD45914D46C6D6319B4D24DDA3/'.
[2021.11.29-16.08.20:146][  0]LogXGEController: Cannot use XGE Controller as Incredibuild is not installed on this machine.
[2021.11.29-16.08.20:146][  0]LogShaderCompilers: Cannot use XGE Shader Compiler as Incredibuild is not installed on this machine.
[2021.11.29-16.08.20:146][  0]LogShaderCompilers: Display: Using Local Shader Compiler.
[2021.11.29-16.08.20:958][  0]LogDerivedDataCache: Display: Max Cache Size: 512 MB
[2021.11.29-16.08.21:226][  0]LogDerivedDataCache: Loaded boot cache 0.27s 94MB C:/Users/игорь/AppData/Local/UnrealEngine/4.27/DerivedDataCache/Boot.ddc.
[2021.11.29-16.08.21:226][  0]LogDerivedDataCache: Display: Loaded Boot cache: C:/Users/игорь/AppData/Local/UnrealEngine/4.27/DerivedDataCache/Boot.ddc
[2021.11.29-16.08.21:226][  0]LogDerivedDataCache: FDerivedDataBackendGraph:  Pak pak cache file ../../../../ASD/FlyProject/Stole_DaVInchy/DerivedDataCache/DDC.ddp not found, will not use a pak cache.
[2021.11.29-16.08.21:227][  0]LogDerivedDataCache: Unable to find inner node Pak for hierarchical cache Hierarchy.
[2021.11.29-16.08.21:227][  0]LogDerivedDataCache: FDerivedDataBackendGraph:  CompressedPak pak cache file ../../../../ASD/FlyProject/Stole_DaVInchy/DerivedDataCache/Compressed.ddp not found, will not use a pak cache.
[2021.11.29-16.08.21:227][  0]LogDerivedDataCache: Unable to find inner node CompressedPak for hierarchical cache Hierarchy.
[2021.11.29-16.08.21:314][  0]LogDerivedDataCache: Display: Pak cache opened for reading ../../../Engine/DerivedDataCache/Compressed.ddp.
[2021.11.29-16.08.21:314][  0]LogDerivedDataCache: FDerivedDataBackendGraph:  EnterprisePak pak cache file ../../../Enterprise/DerivedDataCache/Compressed.ddp not found, will not use a pak cache.
[2021.11.29-16.08.21:314][  0]LogDerivedDataCache: Unable to find inner node EnterprisePak for hierarchical cache Hierarchy.
[2021.11.29-16.08.21:381][  0]LogDerivedDataCache: Speed tests for C:/Users/игорь/AppData/Local/UnrealEngine/Common/DerivedDataCache took 0.07 seconds
[2021.11.29-16.08.21:381][  0]LogDerivedDataCache: Display: Performance to C:/Users/игорь/AppData/Local/UnrealEngine/Common/DerivedDataCache: Latency=0.05ms. RandomReadSpeed=15.06MBs, RandomWriteSpeed=184.36MBs. Assigned SpeedClass 'Local'
[2021.11.29-16.08.21:388][  0]LogDerivedDataCache: Using Local data cache path C:/Users/игорь/AppData/Local/UnrealEngine/Common/DerivedDataCache: Writable
[2021.11.29-16.08.21:388][  0]LogDerivedDataCache: Shared data cache path not found in *engine.ini, will not use an Shared cache.
[2021.11.29-16.08.21:388][  0]LogDerivedDataCache: Unable to find inner node Shared for hierarchical cache Hierarchy.
[2021.11.29-16.08.21:468][  0]LogSlate: Using FreeType 2.10.0
[2021.11.29-16.08.21:519][  0]LogSlate: SlateFontServices - WITH_FREETYPE: 1, WITH_HARFBUZZ: 1
[2021.11.29-16.08.22:003][  0]LogInit: Using OS detected language (en-US).
[2021.11.29-16.08.22:003][  0]LogInit: Using OS detected locale (en-US).
[2021.11.29-16.08.22:003][  0]LogTextLocalizationManager: No localization for 'en-US' exists, so 'en' will be used for the language.
[2021.11.29-16.08.22:003][  0]LogTextLocalizationManager: No localization for 'en-US' exists, so 'en' will be used for the locale.
[2021.11.29-16.08.22:003][  0]LogSlate: FontCache flush requested. Reason: Culture for localization was changed
[2021.11.29-16.08.22:003][  0]LogSlate: FontCache flush requested. Reason: Culture for localization was changed
[2021.11.29-16.08.22:034][  0]LogTextLocalizationManager: Compacting localization data took   0.00ms
[2021.11.29-16.08.22:034][  0]LogAssetRegistry: FAssetRegistry took 0.0019 seconds to start up
[2021.11.29-16.08.22:235][  0]LogPackageLocalizationCache: Processed 28 localized package path(s) for 1 prioritized culture(s) in 0.001101 seconds
[2021.11.29-16.08.22:357][  0]LogInit: Selected Device Profile: [Windows]
[2021.11.29-16.08.22:357][  0]LogInit: Active device profile: [000002255C17FD00][0000022556E60340 49] Windows
[2021.11.29-16.08.22:357][  0]LogInit: Profiles: [000002255C17FD00][0000022556E60340 49] Windows, [000002255C188400][0000022556EF04C0 49] WindowsNoEditor, [000002255C17C400][0000022556EF4640 49] WindowsServer, [000002255C189D00][0000022556EF87C0 49] WindowsClient, [000002255C17F400][0000022556EFC940 49] IOS, [000002255C188E00][0000022556F00AC0 49] iPadAir, [000002255C17CD00][0000022556F04C40 49] iPadAir2, [000002255C13C400][0000022556F0CF00 49] IPadPro, [000002255C13C500][0000022556F08F40 49] iPadAir3, [000002255C17F500][0000022556F110C0 49] iPadAir4, [000002255C13F900][0000022556F15240 49] iPadMini2, [000002255C17D200][0000022556F193C0 49] iPadMini3, [000002255C13D400][0000022556DB1540 49] iPadMini4, [000002255C17E700][0000022556DB56C0 49] iPadMini5, [000002255C13BC00][0000022556DB9900 49] iPhone6, [000002255C13BD00][0000022556EED940 49] iPodTouch6, [000002255C13F300][0000022556DC5BC0 49] iPhone7, [000002255C13F200][0000022556DBDC00 49] iPodTouch7, [000002255C138900][0000022556DC8200 49] iPhone5S, [000002255C13E800][0000022556DCC380 49] iPhone6Plus, [000002255C13B000][0000022556DD0500 49] iPhone6S, [000002255C13FD00][0000022556DD4680 49] iPhone6SPlus, [000002255C139100][0000022556DD8800 49] iPhone7Plus, [000002255C13E400][0000022556DDC980 49] iPhoneSE, [000002255C13A800][0000022556DE0B00 49] iPhone8, [000002255C13D900][0000022556DE4C80 49] iPhone8Plus, [000002255C139900][0000022556DE8E00 49] iPhoneX, [000002255C13FB00][0000022556DECF80 49] iPhoneXS, [000002255C13A000][0000022556DF1100 49] iPhoneXSMax, [000002255C13EE00][0000022556DF5280 49] iPhoneXR, [000002255C139D00][0000022557153400 49] iPhone11, [000002255C13D300][0000022557157580 49] iPhone11Pro, [000002255C13BF00][000002255715B700 49] iPhone11ProMax, [000002255C13C600][000002255715F880 49] iPhoneSE2, [000002255C138200][0000022556DC19C0 49] iPhone12Mini, [000002255C13D600][0000022557163B00 49] iPhone12, [000002255C139000][00000225571660C0 49] iPhone12Pro, [000002255C13DF00][000002255716E240 49] iPhone12ProMax, [000002255C139400][00000225571723C0 49] iPadPro105, [000002255C13F000][0000022557176540 49] iPadPro129, [000002255C139600][000002255717A6C0 49] iPadPro97, [000002255C13CC00][000002255717E840 49] iPadPro2_129, [000002255C13A700][00000225571829C0 49] iPad5, [000002255C13FE00][0000022557186B40 49] iPad6, [000002255C13B800][000002255718ACC0 49] iPad7, [000002255C13EC00][000002255718EE40 49] iPad8, [000002255C139800][0000022557192FC0 49] iPadPro11, [000002255C13E100][0000022557197140 49] iPadPro2_11, [000002255C13B900][000002255719B2C0 49] iPadPro3_129, [000002255C13F400][000002255762D440 49] iPadPro4_129, [000002255C13AC00][00000225576315C0 49] AppleTV, [000002255C13F700][0000022557635740 49] AppleTV4K, [000002255C139C00][00000225576398C0 49] TVOS, [000002255C13E700][000002255763DA40 49] Mac, [000002255C139B00][000002255716BB80 49] MacClient, [000002255C13ED00][0000022557640140 49] MacNoEditor, [000002255C13B400][0000022557644280 49] MacServer, [000002255C13CF00][00000225576483C0 49] Linux, [000002255C13B600][0000022557650540 49] LinuxAArch64, [000002255C13C100][00000225576546C0 49] LinuxNoEditor, [000002255C13A600][0000022557658840 49] LinuxAArch64NoEditor, [000002255C13DD00][000002255765C9C0 49] LinuxClient, [000002255C13BE00][0000022557660B40 49] LinuxAArch64Client, [000002255C13DC00][0000022557664CC0 49] LinuxServer, [000002255C138B00][0000022557668E40 49] LinuxAArch64Server, [000002255C13C700][000002255766CFC0 49] Android, [000002255C189E00][0000022557671140 49] Android_Low, [000002255C21C100][00000225576752C0 49] Android_Mid, [000002255C188200][0000022557679440 49] Android_High, [000002255C21CB00][000002255767D5C0 49] Android_Default, [000002255C18B300][0000022557681740 49] Android_Adreno4xx, [000002255C21DC00][00000225576858C0 49] Android_Adreno5xx_Low, [000002255C18A900][0000022557689A40 49] Android_Adreno5xx, [000002255C21E300][000002255768DBC0 49] Android_Adreno6xx, [000002255C188100][000002255764C180 49] Android_Adreno6xx_Vulkan, [000002255C21D000][00000225576902C0 49] Android_Mali_T6xx, [000002255C18B800][0000022557694400 49] Android_Mali_T7xx, [000002255C21D400][0000022557698540 49] Android_Mali_T8xx, [000002255C18BB00][00000225576A06C0 49] Android_Mali_G71, [000002255C21CF00][00000225576A4840 49] Android_Mali_G72, [000002255C189700][00000225576A89C0 49] Android_Mali_G72_Vulkan, [000002255C21D800][00000225576ACB40 49] Android_Mali_G76, [000002255C188900][00000225576B0CC0 49] Android_Mali_G76_Vulkan, [000002255C21C600][00000225576B4E40 49] Android_Mali_G77, [000002255C18A500][00000225576B8FC0 49] Android_Mali_G77_Vulkan, [000002255C21EA00][00000225576BD140 49] Android_Mali_G78, [000002255C188700][00000225576C12C0 49] Android_Mali_G78_Vulkan, [000002255C21E700][00000225576C5440 49] Android_Mali_G710, [000002255C188C00][00000225576C95C0 49] Android_Mali_G710_Vulkan, [000002255C21DF00][00000225576CD740 49] Android_Vulkan_SM5, [000002255C188F00][000002255A6E38C0 49] Android_PowerVR_G6xxx, [000002255C21C700][000002255A6E7A40 49] Android_PowerVR_GT7xxx, [000002255C18AB00][000002255A6EBBC0 49] Android_PowerVR_GE8xxx, [000002255C21C400][000002255A6EE1C0 49] Android_PowerVR_GM9xxx, [000002255C13D200][000002255A6F2340 49] Android_PowerVR_GM9xxx_Vulkan, [000002255C21CD00][000002255769C480 49] Android_TegraK1, [000002255C13E900][000002255A6F65C0 49] Android_Unknown_Vulkan, [000002255C21C500][000002255A6FA700 49] Lumin, [000002255C13F800][000002255A702880 49] Lumin_Desktop, [000002255C21CA00][000002255A706A00 49] HoloLens, 
[2021.11.29-16.08.22:790][  0]LogMeshReduction: Using QuadricMeshReduction for automatic static mesh reduction
[2021.11.29-16.08.22:790][  0]LogMeshReduction: Using SimplygonMeshReduction for automatic skeletal mesh reduction
[2021.11.29-16.08.22:790][  0]LogMeshReduction: Using ProxyLODMeshReduction for automatic mesh merging
[2021.11.29-16.08.22:790][  0]LogMeshReduction: No distributed automatic mesh merging module available
[2021.11.29-16.08.22:790][  0]LogMeshMerging: No distributed automatic mesh merging module available
[2021.11.29-16.08.22:978][  0]LogNetVersion: Stole_DaVInchy 1.0.0, NetCL: 17155196, EngineNetVer: 17, GameNetVer: 0 (Checksum: 1287528301)
[2021.11.29-16.08.25:735][  0]LogTexture: Default maximum texture size for cubemaps generated from long-lat sources has been changed from 512 to unlimited. In order to preserve old behaiour for '/Engine/MapTemplates/Sky/DaylightAmbientCubemap.DaylightAmbientCubemap', its maximum texture size has been explicitly set to 512.
[2021.11.29-16.08.25:935][  0]LogHMD: PokeAHoleMaterial loaded successfully
[2021.11.29-16.08.26:948][  0]LogMoviePlayer: Initializing movie player
[2021.11.29-16.08.27:388][  0]LogNiagaraDebuggerClient: Niagara Debugger Client Initialized | Session: B87C453248FEB1600933B096098E105A | Instance: 74523CF84ADD8DFDB5EDE19406B51BA8 (DESKTOP-QARVD59-23560).
[2021.11.29-16.08.27:504][  0]LogCollectionManager: Loaded 0 collections in 0.000744 seconds
[2021.11.29-16.08.27:513][  0]LogFileCache: Scanning file cache for directory 'E:/ASD/FlyProject/Stole_DaVInchy/Saved/Collections/' took 0.00s
[2021.11.29-16.08.27:513][  0]LogFileCache: Scanning file cache for directory 'E:/ASD/FlyProject/Stole_DaVInchy/Content/Developers/игорь/Collections/' took 0.00s
[2021.11.29-16.08.27:513][  0]LogFileCache: Scanning file cache for directory 'E:/ASD/FlyProject/Stole_DaVInchy/Content/Collections/' took 0.00s
[2021.11.29-16.08.27:513][  0]LogCollectionManager: Fixed up redirectors for 0 collections in 0.000002 seconds (updated 0 objects)
[2021.11.29-16.08.27:771][  0]LogImageWrapper: Warning: PNG Warning: Duplicate iCCP chunk
[2021.11.29-16.08.27:771][  0]LogImageWrapper: Warning: PNG Warning: Duplicate iCCP chunk
[2021.11.29-16.08.27:771][  0]LogPython: Using Python 3.7.7
[2021.11.29-16.08.29:092][  0]LogTcpMessaging: Initializing TcpMessaging bridge
[2021.11.29-16.08.29:105][  0]LogUdpMessaging: Initializing bridge on interface 0.0.0.0:0 to multicast group 230.0.0.1:6666.
[2021.11.29-16.08.29:603][  0]SourceControl: Source control is disabled
[2021.11.29-16.08.29:603][  0]SourceControl: Source control is disabled
[2021.11.29-16.08.29:624][  0]SourceControl: Source control is disabled
[2021.11.29-16.08.29:672][  0]LogUProjectInfo: Found projects:
[2021.11.29-16.08.32:721][  0]LogOpenImageDenoise: OIDN starting up
[2021.11.29-16.08.32:884][  0]LogAndroidPermission: UAndroidPermissionCallbackProxy::GetInstance
[2021.11.29-16.08.33:051][  0]LogAudioCaptureCore: Display: No Audio Capture implementations found. Audio input will be silent.
[2021.11.29-16.08.33:051][  0]LogAudioCaptureCore: Display: No Audio Capture implementations found. Audio input will be silent.
[2021.11.29-16.08.33:373][  0]LogOcInput: OculusInput pre-init called
[2021.11.29-16.08.33:386][  0]LogUObjectArray: 22121 objects as part of root set at end of initial load.
[2021.11.29-16.08.33:386][  0]LogUObjectAllocator: 5975440 out of 0 bytes used by permanent object pool.
[2021.11.29-16.08.33:386][  0]LogUObjectArray: CloseDisregardForGC: 0/0 objects in disregard for GC pool
[2021.11.29-16.08.33:579][  0]LogEngine: Initializing Engine...
[2021.11.29-16.08.33:607][  0]LogHMD: Failed to enumerate extensions. Please check that you have a valid OpenXR runtime installed.
[2021.11.29-16.08.33:607][  0]LogHMD: Failed to initialize OpenVR with code 110
[2021.11.29-16.08.33:607][  0]LogMagicLeap: Warning: VR disabled because ZI is not enabled.  To enable, in the editor, Edit -> Project Settings -> Plugins -> Magic Leap Plugin -> Enable Zero Iteration
[2021.11.29-16.08.33:610][  0]LogStats: UGameplayTagsManager::InitializeManager -  0.000 s
[2021.11.29-16.08.34:013][  0]LogInit: Initializing FReadOnlyCVARCache
[2021.11.29-16.08.34:013][  0]LogAudio: Display: Initializing Audio Device Manager...
[2021.11.29-16.08.34:043][  0]LogAudio: Display: Loading Default Audio Settings Objects...
[2021.11.29-16.08.34:054][  0]LogAudio: Display: No default SoundConcurrencyObject specified (or failed to load).
[2021.11.29-16.08.34:055][  0]LogAudio: Display: Audio Device Manager Initialized
[2021.11.29-16.08.34:055][  0]LogAudio: Display: Creating Audio Device:                 Id: 1, Scope: Shared, Realtime: True
[2021.11.29-16.08.34:055][  0]LogAudioMixer: Display: Audio Mixer Platform Settings:
[2021.11.29-16.08.34:055][  0]LogAudioMixer: Display: 	Sample Rate:						  48000
[2021.11.29-16.08.34:055][  0]LogAudioMixer: Display: 	Callback Buffer Frame Size Requested: 1024
[2021.11.29-16.08.34:055][  0]LogAudioMixer: Display: 	Callback Buffer Frame Size To Use:	  1024
[2021.11.29-16.08.34:055][  0]LogAudioMixer: Display: 	Number of buffers to queue:			  2
[2021.11.29-16.08.34:055][  0]LogAudioMixer: Display: 	Max Channels (voices):				  32
[2021.11.29-16.08.34:055][  0]LogAudioMixer: Display: 	Number of Async Source Workers:		  0
[2021.11.29-16.08.34:055][  0]LogAudio: Display: AudioDevice MaxSources: 32
[2021.11.29-16.08.34:055][  0]LogAudio: Display: Audio Spatialization Plugin: None (built-in).
[2021.11.29-16.08.34:055][  0]LogAudio: Display: Audio Reverb Plugin: None (built-in).
[2021.11.29-16.08.34:055][  0]LogAudio: Display: Audio Occlusion Plugin: None (built-in).
[2021.11.29-16.08.34:055][  0]LogAudioMixer: Display: Initializing audio mixer.
[2021.11.29-16.08.34:091][  0]LogAudioMixer: Display: 0: FrontLeft
[2021.11.29-16.08.34:091][  0]LogAudioMixer: Display: 1: FrontRight
[2021.11.29-16.08.34:114][  0]LogAudioMixer: Display: Using Audio Device Динамики (2- Realtek(R) Audio)
[2021.11.29-16.08.34:120][  0]LogAudioMixer: Display: Initializing Sound Submixes...
[2021.11.29-16.08.34:174][  0]LogAudioMixer: Display: Creating Master Submix 'MasterSubmixDefault'
[2021.11.29-16.08.34:175][  0]LogAudioMixer: Display: Creating Master Submix 'MasterReverbSubmixDefault'
[2021.11.29-16.08.34:176][  0]LogAudioMixer: Display: Creating Master Submix 'MasterEQSubmixDefault'
[2021.11.29-16.08.34:176][  0]LogAudioMixer: FMixerPlatformXAudio2::StartAudioStream() called
[2021.11.29-16.08.34:176][  0]LogAudioMixer: Display: Output buffers initialized: Frames=1024, Channels=2, Samples=2048
[2021.11.29-16.08.34:177][  0]LogAudioMixer: Display: Starting AudioMixerPlatformInterface::RunInternal()
[2021.11.29-16.08.34:177][  0]LogAudioMixer: Display: FMixerPlatformXAudio2::SubmitBuffer() called for the first time
[2021.11.29-16.08.34:177][  0]LogInit: FAudioDevice initialized.
[2021.11.29-16.08.34:181][  0]LogNetVersion: Set ProjectVersion to 1.0.0.0. Version Checksum will be recalculated on next use.
[2021.11.29-16.08.34:183][  0]LogInit: Texture streaming: Enabled
[2021.11.29-16.08.34:917][  0]LogAudio: Display: Audio Device (ID: 1) registered with world 'Untitled'.
[2021.11.29-16.08.34:924][  0]LogSlate: Updating window title bar state: overlay mode, drag disabled, window buttons hidden, title bar hidden
[2021.11.29-16.08.34:926][  0]LogInit: Display: Game Engine Initialized.
[2021.11.29-16.08.34:932][  0]LogNiagaraEditor: GEditor isn't valid! Particle reset commands will not work for Niagara components!
[2021.11.29-16.08.35:333][  0]LogImageWrapper: Warning: PNG Warning: Duplicate iCCP chunk
[2021.11.29-16.08.35:333][  0]LogImageWrapper: Warning: PNG Warning: Duplicate iCCP chunk
[2021.11.29-16.08.35:333][  0]LogInit: Display: Starting Game.
[2021.11.29-16.08.35:353][  0]LogNet: Browse: /Game/FirstPersonBP/Maps/mainMap?Name=Player
[2021.11.29-16.08.35:373][  0]LogLoad: LoadMap: /Game/FirstPersonBP/Maps/mainMap?Name=Player
[2021.11.29-16.08.35:373][  0]LogWorld: BeginTearingDown for /Temp/Untitled_0
[2021.11.29-16.08.35:374][  0]LogWorld: UWorld::CleanupWorld for Untitled, bSessionEnded=true, bCleanupResources=true
[2021.11.29-16.08.35:375][  0]LogSlate: InvalidateAllWidgets triggered.  All widgets were invalidated
[2021.11.29-16.08.35:380][  0]LogAudio: Display: Audio Device unregistered from world 'None'.
[2021.11.29-16.08.35:398][  0]LogUObjectHash: Compacting FUObjectHashTables data took   0.86ms
[2021.11.29-16.08.35:886][  0]LogAudio: Display: Audio Device (ID: 1) registered with world 'mainMap'.
[2021.11.29-16.08.35:948][  0]LogAIModule: Creating AISystem for world mainMap
[2021.11.29-16.08.38:669][  0]LogLoad: Game class is 'FirstPersonGameMode_C'
[2021.11.29-16.08.38:695][  0]LogMaterial: Had to pass SMU back to game thread. Please ensure correct material usage flags.
[2021.11.29-16.08.38:695][  0]LogMaterial: Warning: Material /Game/Map/Models/woodBark.woodBark missing bUsedWithInstancedStaticMeshes=True! Default Material will be used in game.
[2021.11.29-16.08.38:695][  0]LogMaterial: Had to pass SMU back to game thread. Please ensure correct material usage flags.
[2021.11.29-16.08.38:695][  0]LogMaterial: Had to pass SMU back to game thread. Please ensure correct material usage flags.
[2021.11.29-16.08.38:695][  0]LogMaterial: Had to pass SMU back to game thread. Please ensure correct material usage flags.
[2021.11.29-16.08.38:695][  0]LogMaterial: Warning:      The material will recompile every editor launch until resaved.
[2021.11.29-16.08.38:695][  0]LogMaterial: Had to pass SMU back to game thread. Please ensure correct material usage flags.
[2021.11.29-16.08.38:695][  0]LogMaterial: Had to pass SMU back to game thread. Please ensure correct material usage flags.
[2021.11.29-16.08.38:695][  0]LogMaterial: Had to pass SMU back to game thread. Please ensure correct material usage flags.
[2021.11.29-16.08.38:695][  0]LogMaterial: Had to pass SMU back to game thread. Please ensure correct material usage flags.
[2021.11.29-16.08.38:695][  0]LogMaterial: Had to pass SMU back to game thread. Please ensure correct material usage flags.
[2021.11.29-16.08.38:695][  0]LogMaterial: Warning: Material /Game/Map/Models/leafsGreen.leafsGreen missing bUsedWithInstancedStaticMeshes=True! Default Material will be used in game.
[2021.11.29-16.08.38:695][  0]LogMaterial: Warning:      The material will recompile every editor launch until resaved.
[2021.11.29-16.08.38:696][  0]LogWorld: Bringing World /Game/FirstPersonBP/Maps/mainMap.mainMap up for play (max tick rate 0) at 2021.11.29-19.08.38
[2021.11.29-16.08.38:697][  0]LogWorld: Bringing up level for play took: 0.003550
[2021.11.29-16.08.38:697][  0]LogGameMode: FindPlayerStart: PATHS NOT DEFINED or NO PLAYERSTART with positive rating
[2021.11.29-16.08.38:700][  0]PIE: Warning: Constraint in '/Game/FirstPersonBP/Maps/mainMap.mainMap:PersistentLevel.FirstPersonCharacter_C_0.Fixer' attempting to create a joint to the same body CollisionCylinder
[2021.11.29-16.08.38:700][  0]PIE: Warning: Constraint in '/Game/FirstPersonBP/Maps/mainMap.mainMap:PersistentLevel.FirstPersonCharacter_C_0.Fixer' attempting to create a joint to the same body CollisionCylinder
[2021.11.29-16.08.38:732][  0]LogSpawn: Warning: SpawnActor failed because of collision at the spawn location [X=0.000 Y=0.000 Z=0.000] for [FirstPersonCharacter_C]
[2021.11.29-16.08.38:733][  0]LogGameMode: Warning: SpawnDefaultPawnAtTransform: Couldn't spawn Pawn of type FirstPersonCharacter_C at Rotation: Pitch 0.000000 Yaw 0.000000 Roll 0.000000
Translation: 0.000000 0.000000 0.000000
Scale3D: 1.000000 1.000000 1.000000

[2021.11.29-16.08.38:746][  0]LogLoad: Took 3.372350 seconds to LoadMap(/Game/FirstPersonBP/Maps/mainMap)
[2021.11.29-16.08.38:804][  0]LogRenderer: Reallocating scene render targets to support 1280x720 Format 10 NumSamples 1 (Frame:1).
[2021.11.29-16.08.38:804][  0]LogSlate: Took 0.019117 seconds to synchronously load lazily loaded font '../../../Engine/Content/Slate/Fonts/Roboto-Regular.ttf' (155K)
[2021.11.29-16.08.38:897][  0]LogInit: Display: Engine is initialized. Leaving FEngineLoop::Init()
[2021.11.29-16.08.38:898][  0]LogLoad: (Engine Initialization) Total time: 29.48 seconds
[2021.11.29-16.08.38:898][  0]LogLoad: (Engine Initialization) Total Blueprint compile time: 0.00 seconds
[2021.11.29-16.08.38:926][  0]LogContentStreaming: Texture pool size now 1000 MB
[2021.11.29-16.08.38:943][  0]LogSlate: InvalidateAllWidgets triggered.  All widgets were invalidated
[2021.11.29-16.08.39:119][  1]LogSlate: Took 0.000159 seconds to synchronously load lazily loaded font '../../../Engine/Content/Slate/Fonts/Roboto-Regular.ttf' (155K)
