Log file open, 11/29/21 20:56:47
LogWindows: Failed to load 'aqProf.dll' (GetLastError=126)
LogWindows: File 'aqProf.dll' does not exist
LogWindows: Failed to load 'VtuneApi.dll' (GetLastError=126)
LogWindows: File 'VtuneApi.dll' does not exist
LogWindows: Failed to load 'VtuneApi32e.dll' (GetLastError=126)
LogWindows: File 'VtuneApi32e.dll' does not exist
LogConsoleResponse: Display: Failed to find resolution value strings in scalability ini. Falling back to default.
LogConsoleResponse: Display: Failed to find resolution value strings in scalability ini. Falling back to default.
LogInit: Display: Running engine for game: Stole_DaVInchy
LogPlatformFile: Not using cached read wrapper
LogTaskGraph: Started task graph with 5 named threads and 20 total threads with 3 sets of task threads.
LogStats: Stats thread started at 2.193057
LogICUInternationalization: ICU TimeZone Detection - Raw Offset: +3:00, Platform Override: ''
LogInit: Display: Loading text-based GConfig....
LogPluginManager: Mounting plugin MegascansPlugin
LogPluginManager: Mounting plugin MeshPainting
LogPluginManager: Mounting plugin XGEController
LogPluginManager: Mounting plugin Paper2D
LogPluginManager: Mounting plugin AISupport
LogPluginManager: Mounting plugin EnvironmentQueryEditor
LogPluginManager: Mounting plugin LightPropagationVolume
LogPluginManager: Mounting plugin CameraShakePreviewer
LogPluginManager: Mounting plugin GameplayCameras
LogPluginManager: Mounting plugin OodleData
LogPluginManager: Mounting plugin OodleNetwork
LogPluginManager: Mounting plugin AnimationSharing
LogPluginManager: Mounting plugin CLionSourceCodeAccess
LogPluginManager: Mounting plugin CodeLiteSourceCodeAccess
LogPluginManager: Mounting plugin GitSourceControl
LogPluginManager: Mounting plugin KDevelopSourceCodeAccess
LogPluginManager: Mounting plugin NullSourceCodeAccess
LogPluginManager: Mounting plugin PerforceSourceControl
LogPluginManager: Mounting plugin PixWinPlugin
LogPluginManager: Mounting plugin PlasticSourceControl
LogPluginManager: Mounting plugin PluginUtils
LogPluginManager: Mounting plugin PropertyAccessNode
LogPluginManager: Mounting plugin RiderSourceCodeAccess
LogPluginManager: Mounting plugin TextureFormatOodle
LogPluginManager: Mounting plugin SubversionSourceControl
LogPluginManager: Mounting plugin UObjectPlugin
LogPluginManager: Mounting plugin VisualStudioCodeSourceCodeAccess
LogPluginManager: Mounting plugin VisualStudioSourceCodeAccess
LogPluginManager: Mounting plugin XCodeSourceCodeAccess
LogPluginManager: Mounting plugin AssetManagerEditor
LogPluginManager: Mounting plugin CryptoKeys
LogPluginManager: Mounting plugin CurveEditorTools
LogPluginManager: Mounting plugin DataValidation
LogPluginManager: Mounting plugin EditorScriptingUtilities
LogPluginManager: Mounting plugin FacialAnimation
LogPluginManager: Mounting plugin GameplayTagsEditor
LogPluginManager: Mounting plugin GeometryMode
LogPluginManager: Mounting plugin MacGraphicsSwitching
LogPluginManager: Mounting plugin MaterialAnalyzer
LogPluginManager: Mounting plugin MobileLauncherProfileWizard
LogPluginManager: Mounting plugin PluginBrowser
LogPluginManager: Mounting plugin SpeedTreeImporter
LogPluginManager: Mounting plugin DatasmithContent
LogPluginManager: Mounting plugin VariantManagerContent
LogPluginManager: Mounting plugin AlembicImporter
LogPluginManager: Mounting plugin AutomationUtils
LogPluginManager: Mounting plugin BackChannel
LogPluginManager: Mounting plugin ChaosCloth
LogPluginManager: Mounting plugin ChaosClothEditor
LogPluginManager: Mounting plugin ChaosEditor
LogPluginManager: Mounting plugin ChaosNiagara
LogPluginManager: Mounting plugin ChaosSolverPlugin
LogPluginManager: Mounting plugin CharacterAI
LogPluginManager: Mounting plugin GeometryCache
LogPluginManager: Mounting plugin GeometryCollectionPlugin
LogPluginManager: Mounting plugin GeometryProcessing
LogPluginManager: Mounting plugin MotoSynth
LogPluginManager: Mounting plugin OpenImageDenoise
LogPluginManager: Mounting plugin PlanarCut
LogPluginManager: Mounting plugin PlatformCrypto
LogPluginManager: Mounting plugin ProxyLODPlugin
LogPluginManager: Mounting plugin PythonScriptPlugin
LogPluginManager: Mounting plugin SkeletalReduction
LogPluginManager: Mounting plugin Niagara
LogPluginManager: Mounting plugin LuminPlatformFeatures
LogPluginManager: Mounting plugin MagicLeap
LogPluginManager: Mounting plugin MagicLeapLightEstimation
LogPluginManager: Mounting plugin MagicLeapMedia
LogPluginManager: Mounting plugin MagicLeapPassableWorld
LogPluginManager: Mounting plugin MLSDK
LogPluginManager: Mounting plugin AndroidMedia
LogPluginManager: Mounting plugin AvfMedia
LogPluginManager: Mounting plugin MediaCompositing
LogPluginManager: Mounting plugin MediaPlayerEditor
LogPluginManager: Mounting plugin WebMMedia
LogPluginManager: Mounting plugin WmfMedia
LogPluginManager: Mounting plugin TcpMessaging
LogPluginManager: Mounting plugin ActorSequence
LogPluginManager: Mounting plugin UdpMessaging
LogPluginManager: Mounting plugin LevelSequenceEditor
LogPluginManager: Mounting plugin MatineeToLevelSequence
LogPluginManager: Mounting plugin TemplateSequence
LogPluginManager: Mounting plugin OnlineSubsystem
LogPluginManager: Mounting plugin OnlineSubsystemNull
LogPluginManager: Mounting plugin OnlineSubsystemUtils
LogPluginManager: Mounting plugin LauncherChunkInstaller
LogPluginManager: Mounting plugin ActorLayerUtilities
LogPluginManager: Mounting plugin AndroidMoviePlayer
LogPluginManager: Mounting plugin AndroidDeviceProfileSelector
LogPluginManager: Mounting plugin AndroidPermission
LogPluginManager: Mounting plugin AppleImageUtils
LogPluginManager: Mounting plugin AppleMoviePlayer
LogPluginManager: Mounting plugin ArchVisCharacter
LogPluginManager: Mounting plugin AssetTags
LogPluginManager: Mounting plugin AudioCapture
LogPluginManager: Mounting plugin ImgMedia
LogPluginManager: Mounting plugin AudioSynesthesia
LogPluginManager: Mounting plugin CableComponent
LogPluginManager: Mounting plugin ChunkDownloader
LogPluginManager: Mounting plugin CustomMeshComponent
LogPluginManager: Mounting plugin EditableMesh
LogPluginManager: Mounting plugin ExampleDeviceProfileSelector
LogPluginManager: Mounting plugin GoogleCloudMessaging
LogPluginManager: Mounting plugin GooglePAD
LogPluginManager: Mounting plugin IOSDeviceProfileSelector
LogPluginManager: Mounting plugin LocationServicesBPLibrary
LogPluginManager: Mounting plugin LinuxDeviceProfileSelector
LogPluginManager: Mounting plugin MobilePatchingUtils
LogPluginManager: Mounting plugin OpenXRHandTracking
LogPluginManager: Mounting plugin OpenXREyeTracker
LogPluginManager: Mounting plugin OpenXR
LogPluginManager: Mounting plugin PhysXVehicles
LogPluginManager: Mounting plugin PostSplashScreen
LogPluginManager: Mounting plugin ProceduralMeshComponent
LogPluginManager: Mounting plugin PropertyAccessEditor
LogPluginManager: Mounting plugin RuntimePhysXCooking
LogPluginManager: Mounting plugin SignificanceManager
LogPluginManager: Mounting plugin SoundFields
LogPluginManager: Mounting plugin Synthesis
LogPluginManager: Mounting plugin WebMMoviePlayer
LogPluginManager: Mounting plugin WindowsMoviePlayer
LogPluginManager: Mounting plugin ScreenshotTools
LogPluginManager: Mounting plugin LiveLink
LogPluginManager: Mounting plugin Takes
LogPluginManager: Mounting plugin ContentBrowserClassDataSource
LogPluginManager: Mounting plugin ContentBrowserFileDataSource
LogPluginManager: Mounting plugin ContentBrowserAssetDataSource
LogPluginManager: Mounting plugin OnlineSubsystemGooglePlay
LogPluginManager: Mounting plugin OnlineSubsystemIOS
LogPluginManager: Mounting plugin DatabaseSupport
LogPluginManager: Mounting plugin SQLiteCore
LogPluginManager: Mounting plugin SQLiteSupport
LogPluginManager: Mounting plugin OculusVR
LogPluginManager: Mounting plugin SteamVR
PixWinPlugin: PIX capture plugin failed to initialize! Check that the process is launched from PIX.
LogInit: Using libcurl 7.55.1-DEV
LogInit:  - built for x86_64-pc-win32
LogInit:  - supports SSL with OpenSSL/1.1.1
LogInit:  - supports HTTP deflate (compression) using libz 1.2.8
LogInit:  - other features:
LogInit:      CURL_VERSION_SSL
LogInit:      CURL_VERSION_LIBZ
LogInit:      CURL_VERSION_IPV6
LogInit:      CURL_VERSION_ASYNCHDNS
LogInit:      CURL_VERSION_LARGEFILE
LogInit:      CURL_VERSION_IDN
LogInit:  CurlRequestOptions (configurable via config and command line):
LogInit:  - bVerifyPeer = true  - Libcurl will verify peer certificate
LogInit:  - bUseHttpProxy = false  - Libcurl will NOT use HTTP proxy
LogInit:  - bDontReuseConnections = false  - Libcurl will reuse connections
LogInit:  - MaxHostConnections = 16  - Libcurl will limit the number of connections to a host
LogInit:  - LocalHostAddr = Default
LogInit:  - BufferSize = 65536
LogOnline: OSS: Creating online subsystem instance for: NULL
LogInit: WinSock: version 1.1 (2.2), MaxSocks=32767, MaxUdp=65467
LogOnline: OSS: TryLoadSubsystemAndSetDefault: Loaded subsystem for module [NULL]
LogOculusPluginWrapper: OculusPlugin initialized successfully
LogHMD: Failed initializing OVRPlugin 1.59.0
LogInit: Build: ++UE4+Release-4.27-CL-17735300
LogInit: Engine Version: 4.27.1-17735300+++UE4+Release-4.27
LogInit: Compatible Engine Version: 4.27.0-17155196+++UE4+Release-4.27
LogInit: Net CL: 17155196
LogInit: OS: Windows 10 (Release 2009) (), CPU: AMD Ryzen 5 3500X 6-Core Processor             , GPU: NVIDIA GeForce GTX 960
LogInit: Compiled (64-bit): Oct  6 2021 14:42:51
LogInit: Compiled with Visual C++: 19.24.28315.00
LogInit: Build Configuration: Development
LogInit: Branch Name: ++UE4+Release-4.27
LogInit: Command Line:  /Game/FirstPersonBP/Maps/mainMap -game -PIEVIACONSOLE -Multiprocess GameUserSettingsINI=E:/ASD/FlyProject/Stole_DaVInchy/Saved/Config/Windows/PIEGameUserSettings0.ini -MultiprocessSaveConfig -forcepassthrough -messaging -SessionName="Play in Standalone Game" -windowed -ResX=1280 -ResY=720
LogInit: Base Directory: E:/UE_4.27/Engine/Binaries/Win64/
LogInit: Allocator: TBB
LogInit: Installed Engine Build: 1
LogDevObjectVersion: Number of dev versions registered: 29
LogDevObjectVersion:   Dev-Blueprints (B0D832E4-1F89-4F0D-ACCF-7EB736FD4AA2): 10
LogDevObjectVersion:   Dev-Build (E1C64328-A22C-4D53-A36C-8E866417BD8C): 0
LogDevObjectVersion:   Dev-Core (375EC13C-06E4-48FB-B500-84F0262A717E): 4
LogDevObjectVersion:   Dev-Editor (E4B068ED-F494-42E9-A231-DA0B2E46BB41): 40
LogDevObjectVersion:   Dev-Framework (CFFC743F-43B0-4480-9391-14DF171D2073): 37
LogDevObjectVersion:   Dev-Mobile (B02B49B5-BB20-44E9-A304-32B752E40360): 3
LogDevObjectVersion:   Dev-Networking (A4E4105C-59A1-49B5-A7C5-40C4547EDFEE): 0
LogDevObjectVersion:   Dev-Online (39C831C9-5AE6-47DC-9A44-9C173E1C8E7C): 0
LogDevObjectVersion:   Dev-Physics (78F01B33-EBEA-4F98-B9B4-84EACCB95AA2): 14
LogDevObjectVersion:   Dev-Platform (6631380F-2D4D-43E0-8009-CF276956A95A): 0
LogDevObjectVersion:   Dev-Rendering (12F88B9F-8875-4AFC-A67C-D90C383ABD29): 45
LogDevObjectVersion:   Dev-Sequencer (7B5AE74C-D270-4C10-A958-57980B212A5A): 13
LogDevObjectVersion:   Dev-VR (D7296918-1DD6-4BDD-9DE2-64A83CC13884): 3
LogDevObjectVersion:   Dev-LoadTimes (C2A15278-BFE7-4AFE-6C17-90FF531DF755): 1
LogDevObjectVersion:   Private-Geometry (6EACA3D4-40EC-4CC1-B786-8BED09428FC5): 3
LogDevObjectVersion:   Dev-AnimPhys (29E575DD-E0A3-4627-9D10-D276232CDCEA): 17
LogDevObjectVersion:   Dev-Anim (AF43A65D-7FD3-4947-9873-3E8ED9C1BB05): 15
LogDevObjectVersion:   Dev-ReflectionCapture (6B266CEC-1EC7-4B8F-A30B-E4D90942FC07): 1
LogDevObjectVersion:   Dev-Automation (0DF73D61-A23F-47EA-B727-89E90C41499A): 1
LogDevObjectVersion:   FortniteMain (601D1886-AC64-4F84-AA16-D3DE0DEAC7D6): 47
LogDevObjectVersion:   FortniteRelease (E7086368-6B23-4C58-8439-1B7016265E91): 1
LogDevObjectVersion:   Dev-Enterprise (9DFFBCD6-494F-0158-E221-12823C92A888): 10
LogDevObjectVersion:   Dev-Niagara (F2AED0AC-9AFE-416F-8664-AA7FFA26D6FC): 1
LogDevObjectVersion:   Dev-Destruction (174F1F0B-B4C6-45A5-B13F-2EE8D0FB917D): 10
LogDevObjectVersion:   Dev-Physics-Ext (35F94A83-E258-406C-A318-09F59610247C): 41
LogDevObjectVersion:   Dev-PhysicsMaterial-Chaos (B68FC16E-8B1B-42E2-B453-215C058844FE): 1
LogDevObjectVersion:   Dev-CineCamera (B2E18506-4273-CFC2-A54E-F4BB758BBA07): 1
LogDevObjectVersion:   Dev-VirtualProduction (64F58936-FD1B-42BA-BA96-7289D5D0FA4E): 1
LogDevObjectVersion:   Dev-MediaFramework (6F0ED827-A609-4895-9C91-998D90180EA4): 2
LogInit: Presizing for max 25165824 objects, including 0 objects not considered by GC, pre-allocating 0 bytes for permanent pool.
LogConfig: Applying CVar settings from Section [/Script/Engine.StreamingSettings] File [E:/ASD/FlyProject/Stole_DaVInchy/Saved/Config/Windows/Engine.ini]
LogConfig: Setting CVar [[s.MinBulkDataSizeForAsyncLoading:131072]]
LogConfig: Setting CVar [[s.AsyncLoadingThreadEnabled:0]]
LogConfig: Setting CVar [[s.EventDrivenLoaderEnabled:1]]
LogConfig: Setting CVar [[s.WarnIfTimeLimitExceeded:0]]
LogConfig: Setting CVar [[s.TimeLimitExceededMultiplier:1.5]]
LogConfig: Setting CVar [[s.TimeLimitExceededMinTime:0.005]]
LogConfig: Setting CVar [[s.UseBackgroundLevelStreaming:1]]
LogConfig: Setting CVar [[s.PriorityAsyncLoadingExtraTime:15.0]]
LogConfig: Setting CVar [[s.LevelStreamingActorsUpdateTimeLimit:5.0]]
LogConfig: Setting CVar [[s.PriorityLevelStreamingActorsUpdateExtraTime:5.0]]
LogConfig: Setting CVar [[s.LevelStreamingComponentsRegistrationGranularity:10]]
LogConfig: Setting CVar [[s.UnregisterComponentsTimeLimit:1.0]]
LogConfig: Setting CVar [[s.LevelStreamingComponentsUnregistrationGranularity:5]]
LogConfig: Setting CVar [[s.FlushStreamingOnExit:1]]
LogInit: Object subsystem initialized
LogConfig: Setting CVar [[con.DebugEarlyDefault:1]]
LogConfig: Setting CVar [[r.setres:1280x720]]
[2021.11.29-17.56.47:562][  0]LogConfig: Setting CVar [[con.DebugEarlyDefault:1]]
[2021.11.29-17.56.47:562][  0]LogConfig: Setting CVar [[r.setres:1280x720]]
[2021.11.29-17.56.47:562][  0]LogConfig: Applying CVar settings from Section [/Script/Engine.RendererSettings] File [E:/ASD/FlyProject/Stole_DaVInchy/Saved/Config/Windows/Engine.ini]
[2021.11.29-17.56.47:562][  0]LogConfig: Setting CVar [[r.GPUCrashDebugging:0]]
[2021.11.29-17.56.47:562][  0]LogConfig: Applying CVar settings from Section [/Script/Engine.RendererOverrideSettings] File [E:/ASD/FlyProject/Stole_DaVInchy/Saved/Config/Windows/Engine.ini]
[2021.11.29-17.56.47:562][  0]LogConfig: Applying CVar settings from Section [/Script/Engine.StreamingSettings] File [E:/ASD/FlyProject/Stole_DaVInchy/Saved/Config/Windows/Engine.ini]
[2021.11.29-17.56.47:562][  0]LogConfig: Setting CVar [[s.MinBulkDataSizeForAsyncLoading:131072]]
[2021.11.29-17.56.47:562][  0]LogConfig: Setting CVar [[s.AsyncLoadingThreadEnabled:0]]
[2021.11.29-17.56.47:562][  0]LogConfig: Setting CVar [[s.EventDrivenLoaderEnabled:1]]
[2021.11.29-17.56.47:562][  0]LogConfig: Setting CVar [[s.WarnIfTimeLimitExceeded:0]]
[2021.11.29-17.56.47:562][  0]LogConfig: Setting CVar [[s.TimeLimitExceededMultiplier:1.5]]
[2021.11.29-17.56.47:562][  0]LogConfig: Setting CVar [[s.TimeLimitExceededMinTime:0.005]]
[2021.11.29-17.56.47:562][  0]LogConfig: Setting CVar [[s.UseBackgroundLevelStreaming:1]]
[2021.11.29-17.56.47:562][  0]LogConfig: Setting CVar [[s.PriorityAsyncLoadingExtraTime:15.0]]
[2021.11.29-17.56.47:562][  0]LogConfig: Setting CVar [[s.LevelStreamingActorsUpdateTimeLimit:5.0]]
[2021.11.29-17.56.47:562][  0]LogConfig: Setting CVar [[s.PriorityLevelStreamingActorsUpdateExtraTime:5.0]]
[2021.11.29-17.56.47:562][  0]LogConfig: Setting CVar [[s.LevelStreamingComponentsRegistrationGranularity:10]]
[2021.11.29-17.56.47:562][  0]LogConfig: Setting CVar [[s.UnregisterComponentsTimeLimit:1.0]]
[2021.11.29-17.56.47:562][  0]LogConfig: Setting CVar [[s.LevelStreamingComponentsUnregistrationGranularity:5]]
[2021.11.29-17.56.47:562][  0]LogConfig: Setting CVar [[s.FlushStreamingOnExit:1]]
[2021.11.29-17.56.47:562][  0]LogConfig: Applying CVar settings from Section [/Script/Engine.GarbageCollectionSettings] File [E:/ASD/FlyProject/Stole_DaVInchy/Saved/Config/Windows/Engine.ini]
[2021.11.29-17.56.47:562][  0]LogConfig: Setting CVar [[gc.MaxObjectsNotConsideredByGC:1]]
[2021.11.29-17.56.47:562][  0]LogConfig: Setting CVar [[gc.SizeOfPermanentObjectPool:0]]
[2021.11.29-17.56.47:562][  0]LogConfig: Setting CVar [[gc.FlushStreamingOnGC:0]]
[2021.11.29-17.56.47:562][  0]LogConfig: Setting CVar [[gc.NumRetriesBeforeForcingGC:10]]
[2021.11.29-17.56.47:562][  0]LogConfig: Setting CVar [[gc.AllowParallelGC:1]]
[2021.11.29-17.56.47:562][  0]LogConfig: Setting CVar [[gc.TimeBetweenPurgingPendingKillObjects:61.1]]
[2021.11.29-17.56.47:562][  0]LogConfig: Setting CVar [[gc.MaxObjectsInEditor:25165824]]
[2021.11.29-17.56.47:562][  0]LogConfig: Setting CVar [[gc.IncrementalBeginDestroyEnabled:1]]
[2021.11.29-17.56.47:562][  0]LogConfig: Setting CVar [[gc.CreateGCClusters:1]]
[2021.11.29-17.56.47:562][  0]LogConfig: Setting CVar [[gc.MinGCClusterSize:5]]
[2021.11.29-17.56.47:562][  0]LogConfig: Setting CVar [[gc.ActorClusteringEnabled:0]]
[2021.11.29-17.56.47:562][  0]LogConfig: Setting CVar [[gc.BlueprintClusteringEnabled:0]]
[2021.11.29-17.56.47:562][  0]LogConfig: Setting CVar [[gc.UseDisregardForGCOnDedicatedServers:0]]
[2021.11.29-17.56.47:562][  0]LogConfig: Setting CVar [[gc.MultithreadedDestructionEnabled:1]]
[2021.11.29-17.56.47:562][  0]LogConfig: Applying CVar settings from Section [/Script/Engine.NetworkSettings] File [E:/ASD/FlyProject/Stole_DaVInchy/Saved/Config/Windows/Engine.ini]
[2021.11.29-17.56.47:562][  0]LogConfig: Applying CVar settings from Section [/Script/UnrealEd.CookerSettings] File [E:/ASD/FlyProject/Stole_DaVInchy/Saved/Config/Windows/Engine.ini]
[2021.11.29-17.56.47:570][  0]LogConfig: Applying CVar settings from Section [ViewDistanceQuality@3] File [E:/ASD/FlyProject/Stole_DaVInchy/Saved/Config/Windows/Scalability.ini]
[2021.11.29-17.56.47:570][  0]LogConfig: Setting CVar [[r.SkeletalMeshLODBias:0]]
[2021.11.29-17.56.47:570][  0]LogConfig: Setting CVar [[r.ViewDistanceScale:1.0]]
[2021.11.29-17.56.47:570][  0]LogConfig: Applying CVar settings from Section [AntiAliasingQuality@3] File [E:/ASD/FlyProject/Stole_DaVInchy/Saved/Config/Windows/Scalability.ini]
[2021.11.29-17.56.47:570][  0]LogConfig: Setting CVar [[r.PostProcessAAQuality:4]]
[2021.11.29-17.56.47:570][  0]LogConfig: Applying CVar settings from Section [ShadowQuality@3] File [E:/ASD/FlyProject/Stole_DaVInchy/Saved/Config/Windows/Scalability.ini]
[2021.11.29-17.56.47:570][  0]LogConfig: Setting CVar [[r.LightFunctionQuality:1]]
[2021.11.29-17.56.47:570][  0]LogConfig: Setting CVar [[r.ShadowQuality:5]]
[2021.11.29-17.56.47:570][  0]LogConfig: Setting CVar [[r.Shadow.CSM.MaxCascades:10]]
[2021.11.29-17.56.47:570][  0]LogConfig: Setting CVar [[r.Shadow.MaxResolution:2048]]
[2021.11.29-17.56.47:570][  0]LogConfig: Setting CVar [[r.Shadow.MaxCSMResolution:2048]]
[2021.11.29-17.56.47:570][  0]LogConfig: Setting CVar [[r.Shadow.RadiusThreshold:0.01]]
[2021.11.29-17.56.47:570][  0]LogConfig: Setting CVar [[r.Shadow.DistanceScale:1.0]]
[2021.11.29-17.56.47:570][  0]LogConfig: Setting CVar [[r.Shadow.CSM.TransitionScale:1.0]]
[2021.11.29-17.56.47:570][  0]LogConfig: Setting CVar [[r.Shadow.PreShadowResolutionFactor:1.0]]
[2021.11.29-17.56.47:570][  0]LogConfig: Setting CVar [[r.DistanceFieldShadowing:1]]
[2021.11.29-17.56.47:570][  0]LogConfig: Setting CVar [[r.DistanceFieldAO:1]]
[2021.11.29-17.56.47:570][  0]LogConfig: Setting CVar [[r.AOQuality:2]]
[2021.11.29-17.56.47:570][  0]LogConfig: Setting CVar [[r.VolumetricFog:1]]
[2021.11.29-17.56.47:570][  0]LogConfig: Setting CVar [[r.VolumetricFog.GridPixelSize:8]]
[2021.11.29-17.56.47:570][  0]LogConfig: Setting CVar [[r.VolumetricFog.GridSizeZ:128]]
[2021.11.29-17.56.47:570][  0]LogConfig: Setting CVar [[r.VolumetricFog.HistoryMissSupersampleCount:4]]
[2021.11.29-17.56.47:571][  0]LogConfig: Setting CVar [[r.LightMaxDrawDistanceScale:1]]
[2021.11.29-17.56.47:571][  0]LogConfig: Setting CVar [[r.CapsuleShadows:1]]
[2021.11.29-17.56.47:571][  0]LogConfig: Applying CVar settings from Section [PostProcessQuality@3] File [E:/ASD/FlyProject/Stole_DaVInchy/Saved/Config/Windows/Scalability.ini]
[2021.11.29-17.56.47:571][  0]LogConfig: Setting CVar [[r.MotionBlurQuality:4]]
[2021.11.29-17.56.47:571][  0]LogConfig: Setting CVar [[r.AmbientOcclusionMipLevelFactor:0.4]]
[2021.11.29-17.56.47:571][  0]LogConfig: Setting CVar [[r.AmbientOcclusionMaxQuality:100]]
[2021.11.29-17.56.47:571][  0]LogConfig: Setting CVar [[r.AmbientOcclusionLevels:-1]]
[2021.11.29-17.56.47:571][  0]LogConfig: Setting CVar [[r.AmbientOcclusionRadiusScale:1.0]]
[2021.11.29-17.56.47:571][  0]LogConfig: Setting CVar [[r.DepthOfFieldQuality:2]]
[2021.11.29-17.56.47:571][  0]LogConfig: Setting CVar [[r.RenderTargetPoolMin:400]]
[2021.11.29-17.56.47:571][  0]LogConfig: Setting CVar [[r.LensFlareQuality:2]]
[2021.11.29-17.56.47:571][  0]LogConfig: Setting CVar [[r.SceneColorFringeQuality:1]]
[2021.11.29-17.56.47:571][  0]LogConfig: Setting CVar [[r.EyeAdaptationQuality:2]]
[2021.11.29-17.56.47:571][  0]LogConfig: Setting CVar [[r.BloomQuality:5]]
[2021.11.29-17.56.47:571][  0]LogConfig: Setting CVar [[r.FastBlurThreshold:100]]
[2021.11.29-17.56.47:571][  0]LogConfig: Setting CVar [[r.Upscale.Quality:3]]
[2021.11.29-17.56.47:571][  0]LogConfig: Setting CVar [[r.Tonemapper.GrainQuantization:1]]
[2021.11.29-17.56.47:571][  0]LogConfig: Setting CVar [[r.LightShaftQuality:1]]
[2021.11.29-17.56.47:571][  0]LogConfig: Setting CVar [[r.Filter.SizeScale:1]]
[2021.11.29-17.56.47:571][  0]LogConfig: Setting CVar [[r.Tonemapper.Quality:5]]
[2021.11.29-17.56.47:571][  0]LogConfig: Setting CVar [[r.DOF.Gather.AccumulatorQuality:1        ; higher gathering accumulator quality]]
[2021.11.29-17.56.47:571][  0]LogConfig: Setting CVar [[r.DOF.Gather.PostfilterMethod:1          ; Median3x3 postfilering method]]
[2021.11.29-17.56.47:571][  0]LogConfig: Setting CVar [[r.DOF.Gather.EnableBokehSettings:0       ; no bokeh simulation when gathering]]
[2021.11.29-17.56.47:571][  0]LogConfig: Setting CVar [[r.DOF.Gather.RingCount:4                 ; medium number of samples when gathering]]
[2021.11.29-17.56.47:571][  0]LogConfig: Setting CVar [[r.DOF.Scatter.ForegroundCompositing:1    ; additive foreground scattering]]
[2021.11.29-17.56.47:571][  0]LogConfig: Setting CVar [[r.DOF.Scatter.BackgroundCompositing:2    ; additive background scattering]]
[2021.11.29-17.56.47:571][  0]LogConfig: Setting CVar [[r.DOF.Scatter.EnableBokehSettings:1      ; bokeh simulation when scattering]]
[2021.11.29-17.56.47:571][  0]LogConfig: Setting CVar [[r.DOF.Scatter.MaxSpriteRatio:0.1         ; only a maximum of 10% of scattered bokeh]]
[2021.11.29-17.56.47:571][  0]LogConfig: Setting CVar [[r.DOF.Recombine.Quality:1                ; cheap slight out of focus]]
[2021.11.29-17.56.47:571][  0]LogConfig: Setting CVar [[r.DOF.Recombine.EnableBokehSettings:0    ; no bokeh simulation on slight out of focus]]
[2021.11.29-17.56.47:571][  0]LogConfig: Setting CVar [[r.DOF.TemporalAAQuality:1                ; more stable temporal accumulation]]
[2021.11.29-17.56.47:571][  0]LogConfig: Setting CVar [[r.DOF.Kernel.MaxForegroundRadius:0.025]]
[2021.11.29-17.56.47:571][  0]LogConfig: Setting CVar [[r.DOF.Kernel.MaxBackgroundRadius:0.025]]
[2021.11.29-17.56.47:571][  0]LogConfig: Applying CVar settings from Section [TextureQuality@3] File [E:/ASD/FlyProject/Stole_DaVInchy/Saved/Config/Windows/Scalability.ini]
[2021.11.29-17.56.47:571][  0]LogConfig: Setting CVar [[r.Streaming.MipBias:0]]
[2021.11.29-17.56.47:571][  0]LogConfig: Setting CVar [[r.Streaming.AmortizeCPUToGPUCopy:0]]
[2021.11.29-17.56.47:571][  0]LogConfig: Setting CVar [[r.Streaming.MaxNumTexturesToStreamPerFrame:0]]
[2021.11.29-17.56.47:571][  0]LogConfig: Setting CVar [[r.Streaming.Boost:1]]
[2021.11.29-17.56.47:571][  0]LogConfig: Setting CVar [[r.MaxAnisotropy:8]]
[2021.11.29-17.56.47:571][  0]LogConfig: Setting CVar [[r.VT.MaxAnisotropy:8]]
[2021.11.29-17.56.47:571][  0]LogConfig: Setting CVar [[r.Streaming.LimitPoolSizeToVRAM:0]]
[2021.11.29-17.56.47:571][  0]LogConfig: Setting CVar [[r.Streaming.PoolSize:1000]]
[2021.11.29-17.56.47:571][  0]LogConfig: Setting CVar [[r.Streaming.MaxEffectiveScreenSize:0]]
[2021.11.29-17.56.47:571][  0]LogConfig: Applying CVar settings from Section [EffectsQuality@3] File [E:/ASD/FlyProject/Stole_DaVInchy/Saved/Config/Windows/Scalability.ini]
[2021.11.29-17.56.47:571][  0]LogConfig: Setting CVar [[r.TranslucencyLightingVolumeDim:64]]
[2021.11.29-17.56.47:571][  0]LogConfig: Setting CVar [[r.RefractionQuality:2]]
[2021.11.29-17.56.47:571][  0]LogConfig: Setting CVar [[r.SSR.Quality:3]]
[2021.11.29-17.56.47:571][  0]LogConfig: Setting CVar [[r.SSR.HalfResSceneColor:0]]
[2021.11.29-17.56.47:571][  0]LogConfig: Setting CVar [[r.SceneColorFormat:4]]
[2021.11.29-17.56.47:571][  0]LogConfig: Setting CVar [[r.DetailMode:2]]
[2021.11.29-17.56.47:571][  0]LogConfig: Setting CVar [[r.TranslucencyVolumeBlur:1]]
[2021.11.29-17.56.47:571][  0]LogConfig: Setting CVar [[r.MaterialQualityLevel:1 ; High quality]]
[2021.11.29-17.56.47:571][  0]LogConfig: Setting CVar [[r.AnisotropicMaterials:1]]
[2021.11.29-17.56.47:571][  0]LogConfig: Setting CVar [[r.SSS.Scale:1]]
[2021.11.29-17.56.47:571][  0]LogConfig: Setting CVar [[r.SSS.SampleSet:2]]
[2021.11.29-17.56.47:571][  0]LogConfig: Setting CVar [[r.SSS.Quality:1]]
[2021.11.29-17.56.47:571][  0]LogConfig: Setting CVar [[r.SSS.HalfRes:0]]
[2021.11.29-17.56.47:571][  0]LogConfig: Setting CVar [[r.SSGI.Quality:3]]
[2021.11.29-17.56.47:571][  0]LogConfig: Setting CVar [[r.EmitterSpawnRateScale:1.0]]
[2021.11.29-17.56.47:571][  0]LogConfig: Setting CVar [[r.ParticleLightQuality:2]]
[2021.11.29-17.56.47:571][  0]LogConfig: Setting CVar [[r.SkyAtmosphere.AerialPerspectiveLUT.FastApplyOnOpaque:1 ; Always have FastSkyLUT 1 in this case to avoid wrong sky]]
[2021.11.29-17.56.47:571][  0]LogConfig: Setting CVar [[r.SkyAtmosphere.AerialPerspectiveLUT.SampleCountMaxPerSlice:4]]
[2021.11.29-17.56.47:571][  0]LogConfig: Setting CVar [[r.SkyAtmosphere.AerialPerspectiveLUT.DepthResolution:16.0]]
[2021.11.29-17.56.47:571][  0]LogConfig: Setting CVar [[r.SkyAtmosphere.FastSkyLUT:1]]
[2021.11.29-17.56.47:571][  0]LogConfig: Setting CVar [[r.SkyAtmosphere.FastSkyLUT.SampleCountMin:4.0]]
[2021.11.29-17.56.47:571][  0]LogConfig: Setting CVar [[r.SkyAtmosphere.FastSkyLUT.SampleCountMax:128.0]]
[2021.11.29-17.56.47:571][  0]LogConfig: Setting CVar [[r.SkyAtmosphere.SampleCountMin:4.0]]
[2021.11.29-17.56.47:571][  0]LogConfig: Setting CVar [[r.SkyAtmosphere.SampleCountMax:128.0]]
[2021.11.29-17.56.47:571][  0]LogConfig: Setting CVar [[r.SkyAtmosphere.TransmittanceLUT.UseSmallFormat:0]]
[2021.11.29-17.56.47:571][  0]LogConfig: Setting CVar [[r.SkyAtmosphere.TransmittanceLUT.SampleCount:10.0]]
[2021.11.29-17.56.47:571][  0]LogConfig: Setting CVar [[r.SkyAtmosphere.MultiScatteringLUT.SampleCount:15.0]]
[2021.11.29-17.56.47:571][  0]LogConfig: Setting CVar [[r.SkyLight.RealTimeReflectionCapture:1]]
[2021.11.29-17.56.47:571][  0]LogConfig: Applying CVar settings from Section [FoliageQuality@3] File [E:/ASD/FlyProject/Stole_DaVInchy/Saved/Config/Windows/Scalability.ini]
[2021.11.29-17.56.47:571][  0]LogConfig: Setting CVar [[foliage.DensityScale:1.0]]
[2021.11.29-17.56.47:571][  0]LogConfig: Setting CVar [[grass.DensityScale:1.0]]
[2021.11.29-17.56.47:571][  0]LogConfig: Applying CVar settings from Section [ShadingQuality@3] File [E:/ASD/FlyProject/Stole_DaVInchy/Saved/Config/Windows/Scalability.ini]
[2021.11.29-17.56.47:571][  0]LogConfig: Setting CVar [[r.HairStrands.SkyLighting.IntegrationType:2]]
[2021.11.29-17.56.47:571][  0]LogConfig: Setting CVar [[r.HairStrands.SkyAO.SampleCount:4]]
[2021.11.29-17.56.47:571][  0]LogConfig: Setting CVar [[r.HairStrands.Visibility.MSAA.SamplePerPixel:4]]
[2021.11.29-17.56.47:571][  0]LogInit: Selected Device Profile: [Windows]
[2021.11.29-17.56.47:571][  0]LogInit: Applying CVar settings loaded from the selected device profile: [Windows]
[2021.11.29-17.56.47:571][  0]LogHAL: Display: Platform has ~ 16 GB [17126137856 / 17179869184 / 16], which maps to Larger [LargestMinGB=32, LargerMinGB=12, DefaultMinGB=8, SmallerMinGB=6, SmallestMinGB=0)
[2021.11.29-17.56.47:572][  0]LogInit: Going up to parent DeviceProfile []
[2021.11.29-17.56.47:572][  0]LogConfig: Applying CVar settings from Section [ViewDistanceQuality@3] File [E:/ASD/FlyProject/Stole_DaVInchy/Saved/Config/Windows/Scalability.ini]
[2021.11.29-17.56.47:572][  0]LogConfig: Setting CVar [[r.SkeletalMeshLODBias:0]]
[2021.11.29-17.56.47:572][  0]LogConfig: Setting CVar [[r.ViewDistanceScale:1.0]]
[2021.11.29-17.56.47:572][  0]LogConfig: Applying CVar settings from Section [AntiAliasingQuality@3] File [E:/ASD/FlyProject/Stole_DaVInchy/Saved/Config/Windows/Scalability.ini]
[2021.11.29-17.56.47:572][  0]LogConfig: Setting CVar [[r.PostProcessAAQuality:4]]
[2021.11.29-17.56.47:572][  0]LogConfig: Applying CVar settings from Section [ShadowQuality@3] File [E:/ASD/FlyProject/Stole_DaVInchy/Saved/Config/Windows/Scalability.ini]
[2021.11.29-17.56.47:572][  0]LogConfig: Setting CVar [[r.LightFunctionQuality:1]]
[2021.11.29-17.56.47:572][  0]LogConfig: Setting CVar [[r.ShadowQuality:5]]
[2021.11.29-17.56.47:572][  0]LogConfig: Setting CVar [[r.Shadow.CSM.MaxCascades:10]]
[2021.11.29-17.56.47:572][  0]LogConfig: Setting CVar [[r.Shadow.MaxResolution:2048]]
[2021.11.29-17.56.47:572][  0]LogConfig: Setting CVar [[r.Shadow.MaxCSMResolution:2048]]
[2021.11.29-17.56.47:572][  0]LogConfig: Setting CVar [[r.Shadow.RadiusThreshold:0.01]]
[2021.11.29-17.56.47:572][  0]LogConfig: Setting CVar [[r.Shadow.DistanceScale:1.0]]
[2021.11.29-17.56.47:572][  0]LogConfig: Setting CVar [[r.Shadow.CSM.TransitionScale:1.0]]
[2021.11.29-17.56.47:572][  0]LogConfig: Setting CVar [[r.Shadow.PreShadowResolutionFactor:1.0]]
[2021.11.29-17.56.47:572][  0]LogConfig: Setting CVar [[r.DistanceFieldShadowing:1]]
[2021.11.29-17.56.47:572][  0]LogConfig: Setting CVar [[r.DistanceFieldAO:1]]
[2021.11.29-17.56.47:572][  0]LogConfig: Setting CVar [[r.AOQuality:2]]
[2021.11.29-17.56.47:572][  0]LogConfig: Setting CVar [[r.VolumetricFog:1]]
[2021.11.29-17.56.47:572][  0]LogConfig: Setting CVar [[r.VolumetricFog.GridPixelSize:8]]
[2021.11.29-17.56.47:572][  0]LogConfig: Setting CVar [[r.VolumetricFog.GridSizeZ:128]]
[2021.11.29-17.56.47:572][  0]LogConfig: Setting CVar [[r.VolumetricFog.HistoryMissSupersampleCount:4]]
[2021.11.29-17.56.47:572][  0]LogConfig: Setting CVar [[r.LightMaxDrawDistanceScale:1]]
[2021.11.29-17.56.47:572][  0]LogConfig: Setting CVar [[r.CapsuleShadows:1]]
[2021.11.29-17.56.47:572][  0]LogConfig: Applying CVar settings from Section [PostProcessQuality@3] File [E:/ASD/FlyProject/Stole_DaVInchy/Saved/Config/Windows/Scalability.ini]
[2021.11.29-17.56.47:572][  0]LogConfig: Setting CVar [[r.MotionBlurQuality:4]]
[2021.11.29-17.56.47:572][  0]LogConfig: Setting CVar [[r.AmbientOcclusionMipLevelFactor:0.4]]
[2021.11.29-17.56.47:572][  0]LogConfig: Setting CVar [[r.AmbientOcclusionMaxQuality:100]]
[2021.11.29-17.56.47:572][  0]LogConfig: Setting CVar [[r.AmbientOcclusionLevels:-1]]
[2021.11.29-17.56.47:572][  0]LogConfig: Setting CVar [[r.AmbientOcclusionRadiusScale:1.0]]
[2021.11.29-17.56.47:572][  0]LogConfig: Setting CVar [[r.DepthOfFieldQuality:2]]
[2021.11.29-17.56.47:572][  0]LogConfig: Setting CVar [[r.RenderTargetPoolMin:400]]
[2021.11.29-17.56.47:572][  0]LogConfig: Setting CVar [[r.LensFlareQuality:2]]
[2021.11.29-17.56.47:572][  0]LogConfig: Setting CVar [[r.SceneColorFringeQuality:1]]
[2021.11.29-17.56.47:572][  0]LogConfig: Setting CVar [[r.EyeAdaptationQuality:2]]
[2021.11.29-17.56.47:572][  0]LogConfig: Setting CVar [[r.BloomQuality:5]]
[2021.11.29-17.56.47:572][  0]LogConfig: Setting CVar [[r.FastBlurThreshold:100]]
[2021.11.29-17.56.47:572][  0]LogConfig: Setting CVar [[r.Upscale.Quality:3]]
[2021.11.29-17.56.47:572][  0]LogConfig: Setting CVar [[r.Tonemapper.GrainQuantization:1]]
[2021.11.29-17.56.47:572][  0]LogConfig: Setting CVar [[r.LightShaftQuality:1]]
[2021.11.29-17.56.47:572][  0]LogConfig: Setting CVar [[r.Filter.SizeScale:1]]
[2021.11.29-17.56.47:572][  0]LogConfig: Setting CVar [[r.Tonemapper.Quality:5]]
[2021.11.29-17.56.47:572][  0]LogConfig: Setting CVar [[r.DOF.Gather.AccumulatorQuality:1        ; higher gathering accumulator quality]]
[2021.11.29-17.56.47:572][  0]LogConfig: Setting CVar [[r.DOF.Gather.PostfilterMethod:1          ; Median3x3 postfilering method]]
[2021.11.29-17.56.47:572][  0]LogConfig: Setting CVar [[r.DOF.Gather.EnableBokehSettings:0       ; no bokeh simulation when gathering]]
[2021.11.29-17.56.47:572][  0]LogConfig: Setting CVar [[r.DOF.Gather.RingCount:4                 ; medium number of samples when gathering]]
[2021.11.29-17.56.47:572][  0]LogConfig: Setting CVar [[r.DOF.Scatter.ForegroundCompositing:1    ; additive foreground scattering]]
[2021.11.29-17.56.47:572][  0]LogConfig: Setting CVar [[r.DOF.Scatter.BackgroundCompositing:2    ; additive background scattering]]
[2021.11.29-17.56.47:572][  0]LogConfig: Setting CVar [[r.DOF.Scatter.EnableBokehSettings:1      ; bokeh simulation when scattering]]
[2021.11.29-17.56.47:572][  0]LogConfig: Setting CVar [[r.DOF.Scatter.MaxSpriteRatio:0.1         ; only a maximum of 10% of scattered bokeh]]
[2021.11.29-17.56.47:572][  0]LogConfig: Setting CVar [[r.DOF.Recombine.Quality:1                ; cheap slight out of focus]]
[2021.11.29-17.56.47:572][  0]LogConfig: Setting CVar [[r.DOF.Recombine.EnableBokehSettings:0    ; no bokeh simulation on slight out of focus]]
[2021.11.29-17.56.47:572][  0]LogConfig: Setting CVar [[r.DOF.TemporalAAQuality:1                ; more stable temporal accumulation]]
[2021.11.29-17.56.47:572][  0]LogConfig: Setting CVar [[r.DOF.Kernel.MaxForegroundRadius:0.025]]
[2021.11.29-17.56.47:572][  0]LogConfig: Setting CVar [[r.DOF.Kernel.MaxBackgroundRadius:0.025]]
[2021.11.29-17.56.47:572][  0]LogConfig: Applying CVar settings from Section [TextureQuality@3] File [E:/ASD/FlyProject/Stole_DaVInchy/Saved/Config/Windows/Scalability.ini]
[2021.11.29-17.56.47:572][  0]LogConfig: Setting CVar [[r.Streaming.MipBias:0]]
[2021.11.29-17.56.47:572][  0]LogConfig: Setting CVar [[r.Streaming.AmortizeCPUToGPUCopy:0]]
[2021.11.29-17.56.47:572][  0]LogConfig: Setting CVar [[r.Streaming.MaxNumTexturesToStreamPerFrame:0]]
[2021.11.29-17.56.47:572][  0]LogConfig: Setting CVar [[r.Streaming.Boost:1]]
[2021.11.29-17.56.47:572][  0]LogConfig: Setting CVar [[r.MaxAnisotropy:8]]
[2021.11.29-17.56.47:572][  0]LogConfig: Setting CVar [[r.VT.MaxAnisotropy:8]]
[2021.11.29-17.56.47:572][  0]LogConfig: Setting CVar [[r.Streaming.LimitPoolSizeToVRAM:0]]
[2021.11.29-17.56.47:572][  0]LogConfig: Setting CVar [[r.Streaming.PoolSize:1000]]
[2021.11.29-17.56.47:572][  0]LogConfig: Setting CVar [[r.Streaming.MaxEffectiveScreenSize:0]]
[2021.11.29-17.56.47:572][  0]LogConfig: Applying CVar settings from Section [EffectsQuality@3] File [E:/ASD/FlyProject/Stole_DaVInchy/Saved/Config/Windows/Scalability.ini]
[2021.11.29-17.56.47:572][  0]LogConfig: Setting CVar [[r.TranslucencyLightingVolumeDim:64]]
[2021.11.29-17.56.47:572][  0]LogConfig: Setting CVar [[r.RefractionQuality:2]]
[2021.11.29-17.56.47:572][  0]LogConfig: Setting CVar [[r.SSR.Quality:3]]
[2021.11.29-17.56.47:572][  0]LogConfig: Setting CVar [[r.SSR.HalfResSceneColor:0]]
[2021.11.29-17.56.47:572][  0]LogConfig: Setting CVar [[r.SceneColorFormat:4]]
[2021.11.29-17.56.47:572][  0]LogConfig: Setting CVar [[r.DetailMode:2]]
[2021.11.29-17.56.47:573][  0]LogConfig: Setting CVar [[r.TranslucencyVolumeBlur:1]]
[2021.11.29-17.56.47:573][  0]LogConfig: Setting CVar [[r.MaterialQualityLevel:1 ; High quality]]
[2021.11.29-17.56.47:573][  0]LogConfig: Setting CVar [[r.AnisotropicMaterials:1]]
[2021.11.29-17.56.47:573][  0]LogConfig: Setting CVar [[r.SSS.Scale:1]]
[2021.11.29-17.56.47:573][  0]LogConfig: Setting CVar [[r.SSS.SampleSet:2]]
[2021.11.29-17.56.47:573][  0]LogConfig: Setting CVar [[r.SSS.Quality:1]]
[2021.11.29-17.56.47:573][  0]LogConfig: Setting CVar [[r.SSS.HalfRes:0]]
[2021.11.29-17.56.47:573][  0]LogConfig: Setting CVar [[r.SSGI.Quality:3]]
[2021.11.29-17.56.47:573][  0]LogConfig: Setting CVar [[r.EmitterSpawnRateScale:1.0]]
[2021.11.29-17.56.47:573][  0]LogConfig: Setting CVar [[r.ParticleLightQuality:2]]
[2021.11.29-17.56.47:573][  0]LogConfig: Setting CVar [[r.SkyAtmosphere.AerialPerspectiveLUT.FastApplyOnOpaque:1 ; Always have FastSkyLUT 1 in this case to avoid wrong sky]]
[2021.11.29-17.56.47:573][  0]LogConfig: Setting CVar [[r.SkyAtmosphere.AerialPerspectiveLUT.SampleCountMaxPerSlice:4]]
[2021.11.29-17.56.47:573][  0]LogConfig: Setting CVar [[r.SkyAtmosphere.AerialPerspectiveLUT.DepthResolution:16.0]]
[2021.11.29-17.56.47:573][  0]LogConfig: Setting CVar [[r.SkyAtmosphere.FastSkyLUT:1]]
[2021.11.29-17.56.47:573][  0]LogConfig: Setting CVar [[r.SkyAtmosphere.FastSkyLUT.SampleCountMin:4.0]]
[2021.11.29-17.56.47:573][  0]LogConfig: Setting CVar [[r.SkyAtmosphere.FastSkyLUT.SampleCountMax:128.0]]
[2021.11.29-17.56.47:573][  0]LogConfig: Setting CVar [[r.SkyAtmosphere.SampleCountMin:4.0]]
[2021.11.29-17.56.47:573][  0]LogConfig: Setting CVar [[r.SkyAtmosphere.SampleCountMax:128.0]]
[2021.11.29-17.56.47:573][  0]LogConfig: Setting CVar [[r.SkyAtmosphere.TransmittanceLUT.UseSmallFormat:0]]
[2021.11.29-17.56.47:573][  0]LogConfig: Setting CVar [[r.SkyAtmosphere.TransmittanceLUT.SampleCount:10.0]]
[2021.11.29-17.56.47:573][  0]LogConfig: Setting CVar [[r.SkyAtmosphere.MultiScatteringLUT.SampleCount:15.0]]
[2021.11.29-17.56.47:573][  0]LogConfig: Setting CVar [[r.SkyLight.RealTimeReflectionCapture:1]]
[2021.11.29-17.56.47:573][  0]LogConfig: Applying CVar settings from Section [FoliageQuality@3] File [E:/ASD/FlyProject/Stole_DaVInchy/Saved/Config/Windows/Scalability.ini]
[2021.11.29-17.56.47:573][  0]LogConfig: Setting CVar [[foliage.DensityScale:1.0]]
[2021.11.29-17.56.47:573][  0]LogConfig: Setting CVar [[grass.DensityScale:1.0]]
[2021.11.29-17.56.47:573][  0]LogConfig: Applying CVar settings from Section [ShadingQuality@3] File [E:/ASD/FlyProject/Stole_DaVInchy/Saved/Config/Windows/Scalability.ini]
[2021.11.29-17.56.47:573][  0]LogConfig: Setting CVar [[r.HairStrands.SkyLighting.IntegrationType:2]]
[2021.11.29-17.56.47:573][  0]LogConfig: Setting CVar [[r.HairStrands.SkyAO.SampleCount:4]]
[2021.11.29-17.56.47:573][  0]LogConfig: Setting CVar [[r.HairStrands.Visibility.MSAA.SamplePerPixel:4]]
[2021.11.29-17.56.47:573][  0]LogConfig: Applying CVar settings from Section [Startup] File [../../../Engine/Config/ConsoleVariables.ini]
[2021.11.29-17.56.47:573][  0]LogConfig: Setting CVar [[net.UseAdaptiveNetUpdateFrequency:0]]
[2021.11.29-17.56.47:573][  0]LogConfig: Setting CVar [[p.chaos.AllowCreatePhysxBodies:1]]
[2021.11.29-17.56.47:573][  0]LogConfig: Setting CVar [[fx.SkipVectorVMBackendOptimizations:1]]
[2021.11.29-17.56.47:573][  0]LogConfig: Applying CVar settings from Section [ConsoleVariables] File [E:/ASD/FlyProject/Stole_DaVInchy/Saved/Config/Windows/Engine.ini]
[2021.11.29-17.56.47:573][  0]LogConfig: Applying CVar settings from Section [ConsoleVariables] File [E:/ASD/FlyProject/Stole_DaVInchy/Saved/Config/Windows/Editor.ini]
[2021.11.29-17.56.47:573][  0]LogInit: Computer: DESKTOP-QARVD59
[2021.11.29-17.56.47:573][  0]LogInit: User: игорь
[2021.11.29-17.56.47:573][  0]LogInit: CPU Page size=4096, Cores=6
[2021.11.29-17.56.47:573][  0]LogInit: High frequency timer resolution =10.000000 MHz
[2021.11.29-17.56.47:573][  0]LogMemory: Memory total: Physical=15.9GB (16GB approx)
[2021.11.29-17.56.47:573][  0]LogMemory: Platform Memory Stats for Windows
[2021.11.29-17.56.47:573][  0]LogMemory: Process Physical Memory: 145.46 MB used, 145.46 MB peak
[2021.11.29-17.56.47:573][  0]LogMemory: Process Virtual Memory: 119.16 MB used, 119.16 MB peak
[2021.11.29-17.56.47:573][  0]LogMemory: Physical Memory: 11776.78 MB used,  4555.98 MB free, 16332.76 MB total
[2021.11.29-17.56.47:573][  0]LogMemory: Virtual Memory: 134215264.00 MB used,  2461.91 MB free, 134217728.00 MB total
[2021.11.29-17.56.47:576][  0]LogWindows: WindowsPlatformFeatures enabled
[2021.11.29-17.56.47:603][  0]LogInit: Physics initialised using underlying interface: PhysX
[2021.11.29-17.56.47:603][  0]LogInit: Using OS detected language (en-US).
[2021.11.29-17.56.47:603][  0]LogInit: Using OS detected locale (en-US).
[2021.11.29-17.56.47:605][  0]LogTextLocalizationManager: No specific localization for 'en-US' exists, so the 'en' localization will be used.
[2021.11.29-17.56.47:829][  0]LogWindowsTextInputMethodSystem: Display: IME system deactivated.
[2021.11.29-17.56.47:852][  0]LogSlate: New Slate User Created.  User Index 0, Is Virtual User: 0
[2021.11.29-17.56.47:852][  0]LogSlate: Slate User Registered.  User Index 0, Is Virtual User: 0
[2021.11.29-17.56.47:865][  0]LogD3D11RHI: Loaded GFSDK_Aftermath_Lib.x64.dll
[2021.11.29-17.56.47:868][  0]LogHMD: Failed to initialize OpenVR with code 110
[2021.11.29-17.56.47:868][  0]LogD3D11RHI: D3D11 min allowed feature level: 11_0
[2021.11.29-17.56.47:868][  0]LogD3D11RHI: D3D11 max allowed feature level: 11_0
[2021.11.29-17.56.47:868][  0]LogD3D11RHI: D3D11 adapters:
[2021.11.29-17.56.47:972][  0]LogD3D11RHI:    0. 'NVIDIA GeForce GTX 960' (Feature Level 11_0)
[2021.11.29-17.56.47:972][  0]LogD3D11RHI:       4053/0/8166 MB DedicatedVideo/DedicatedSystem/SharedSystem, Outputs:1, VendorId:0x10de
[2021.11.29-17.56.47:975][  0]LogD3D11RHI:    1. 'Microsoft Basic Render Driver' (Feature Level 11_0)
[2021.11.29-17.56.47:975][  0]LogD3D11RHI:       0/0/8166 MB DedicatedVideo/DedicatedSystem/SharedSystem, Outputs:0, VendorId:0x1414
[2021.11.29-17.56.47:975][  0]LogD3D11RHI: Chosen D3D11 Adapter:
[2021.11.29-17.56.47:975][  0]LogD3D11RHI:     Description : NVIDIA GeForce GTX 960
[2021.11.29-17.56.47:975][  0]LogD3D11RHI:     VendorId    : 10de
[2021.11.29-17.56.47:975][  0]LogD3D11RHI:     DeviceId    : 1401
[2021.11.29-17.56.47:975][  0]LogD3D11RHI:     SubSysId    : 10de
[2021.11.29-17.56.47:975][  0]LogD3D11RHI:     Revision    : 00a1
[2021.11.29-17.56.47:975][  0]LogD3D11RHI:     DedicatedVideoMemory : 4250271744 bytes
[2021.11.29-17.56.47:975][  0]LogD3D11RHI:     DedicatedSystemMemory : 0 bytes
[2021.11.29-17.56.47:975][  0]LogD3D11RHI:     SharedSystemMemory : 8563068928 bytes
[2021.11.29-17.56.47:975][  0]LogD3D11RHI:     AdapterLuid : 0 62706
[2021.11.29-17.56.47:985][  0]LogD3D11RHI: Creating new Direct3DDevice
[2021.11.29-17.56.47:986][  0]LogD3D11RHI:     GPU DeviceId: 0x1401 (for the marketing name, search the web for "GPU Device Id")
[2021.11.29-17.56.47:986][  0]LogWindows: EnumDisplayDevices:
[2021.11.29-17.56.47:986][  0]LogWindows:    0. 'NVIDIA GeForce GTX 960' (P:1 D:1)
[2021.11.29-17.56.47:986][  0]LogWindows:    1. 'NVIDIA GeForce GTX 960' (P:0 D:0)
[2021.11.29-17.56.47:986][  0]LogWindows:    2. 'NVIDIA GeForce GTX 960' (P:0 D:0)
[2021.11.29-17.56.47:986][  0]LogWindows:    3. 'NVIDIA GeForce GTX 960' (P:0 D:0)
[2021.11.29-17.56.47:986][  0]LogWindows: DebugString: FoundDriverCount:4 
[2021.11.29-17.56.47:986][  0]LogD3D11RHI:     Adapter Name: NVIDIA GeForce GTX 960
[2021.11.29-17.56.47:986][  0]LogD3D11RHI:   Driver Version: 496.49 (internal:30.0.14.9649, unified:496.49)
[2021.11.29-17.56.47:986][  0]LogD3D11RHI:      Driver Date: 10-20-2021
[2021.11.29-17.56.47:986][  0]LogRHI: Texture pool is 2837 MB (70% of 4053 MB)
[2021.11.29-17.56.47:986][  0]LogD3D11RHI: Creating D3DDevice using adapter:
[2021.11.29-17.56.47:986][  0]LogD3D11RHI:     Description : NVIDIA GeForce GTX 960
[2021.11.29-17.56.47:986][  0]LogD3D11RHI:     VendorId    : 10de
[2021.11.29-17.56.47:987][  0]LogD3D11RHI:     DeviceId    : 1401
[2021.11.29-17.56.47:987][  0]LogD3D11RHI:     SubSysId    : 10de
[2021.11.29-17.56.47:987][  0]LogD3D11RHI:     Revision    : 00a1
[2021.11.29-17.56.47:987][  0]LogD3D11RHI:     DedicatedVideoMemory : 4250271744 bytes
[2021.11.29-17.56.47:987][  0]LogD3D11RHI:     DedicatedSystemMemory : 0 bytes
[2021.11.29-17.56.47:987][  0]LogD3D11RHI:     SharedSystemMemory : 8563068928 bytes
[2021.11.29-17.56.47:987][  0]LogD3D11RHI:     AdapterLuid : 0 62706
[2021.11.29-17.56.48:051][  0]LogD3D11RHI: RHI has support for 64 bit atomics
[2021.11.29-17.56.48:051][  0]LogD3D11RHI: Async texture creation enabled
[2021.11.29-17.56.48:051][  0]LogD3D11RHI: Array index from any shader is supported
[2021.11.29-17.56.48:075][  0]LogD3D11RHI: GPU Timing Frequency: 1000.000000 (Debug: 2 1)
[2021.11.29-17.56.48:102][  0]LogRHI: GeForceNow SDK initialized: 1
[2021.11.29-17.56.48:482][  0]LogTargetPlatformManager: Display: Loaded TargetPlatform 'WindowsNoEditor'
[2021.11.29-17.56.48:486][  0]LogTargetPlatformManager: Display: Loaded TargetPlatform 'Windows'
[2021.11.29-17.56.48:490][  0]LogTargetPlatformManager: Display: Loaded TargetPlatform 'WindowsClient'
[2021.11.29-17.56.48:494][  0]LogTargetPlatformManager: Display: Loaded TargetPlatform 'WindowsServer'
[2021.11.29-17.56.48:494][  0]LogTargetPlatformManager: Display: Building Assets For Windows
[2021.11.29-17.56.48:500][  0]LogAudioDebug: Display: Lib vorbis DLL was dynamically loaded.
[2021.11.29-17.56.48:527][  0]LogTextureFormatOodle: Display: Oodle Texture 2.9.0 init RDO Off
[2021.11.29-17.56.48:557][  0]LogRendererCore: Ray tracing is disabled. Reason: r.RayTracing=0.
[2021.11.29-17.56.48:557][  0]LogShaderCompilers: Guid format shader working directory is 4 characters bigger than the processId version (../../../../ASD/FlyProject/Stole_DaVInchy/Intermediate/Shaders/WorkingDirectory/26552/).
[2021.11.29-17.56.48:557][  0]LogShaderCompilers: Cleaned the shader compiler working directory 'C:/Users/игорь/AppData/Local/Temp/UnrealShaderWorkingDir/C3B1FF3C4DAD7355EEE353A2C27D78CB/'.
[2021.11.29-17.56.48:557][  0]LogXGEController: Cannot use XGE Controller as Incredibuild is not installed on this machine.
[2021.11.29-17.56.48:558][  0]LogShaderCompilers: Cannot use XGE Shader Compiler as Incredibuild is not installed on this machine.
[2021.11.29-17.56.48:558][  0]LogShaderCompilers: Display: Using Local Shader Compiler.
[2021.11.29-17.56.49:265][  0]LogDerivedDataCache: Display: Max Cache Size: 512 MB
[2021.11.29-17.56.49:351][  0]LogDerivedDataCache: Loaded boot cache 0.09s 94MB C:/Users/игорь/AppData/Local/UnrealEngine/4.27/DerivedDataCache/Boot.ddc.
[2021.11.29-17.56.49:351][  0]LogDerivedDataCache: Display: Loaded Boot cache: C:/Users/игорь/AppData/Local/UnrealEngine/4.27/DerivedDataCache/Boot.ddc
[2021.11.29-17.56.49:351][  0]LogDerivedDataCache: FDerivedDataBackendGraph:  Pak pak cache file ../../../../ASD/FlyProject/Stole_DaVInchy/DerivedDataCache/DDC.ddp not found, will not use a pak cache.
[2021.11.29-17.56.49:351][  0]LogDerivedDataCache: Unable to find inner node Pak for hierarchical cache Hierarchy.
[2021.11.29-17.56.49:351][  0]LogDerivedDataCache: FDerivedDataBackendGraph:  CompressedPak pak cache file ../../../../ASD/FlyProject/Stole_DaVInchy/DerivedDataCache/Compressed.ddp not found, will not use a pak cache.
[2021.11.29-17.56.49:351][  0]LogDerivedDataCache: Unable to find inner node CompressedPak for hierarchical cache Hierarchy.
[2021.11.29-17.56.49:372][  0]LogDerivedDataCache: Display: Pak cache opened for reading ../../../Engine/DerivedDataCache/Compressed.ddp.
[2021.11.29-17.56.49:372][  0]LogDerivedDataCache: FDerivedDataBackendGraph:  EnterprisePak pak cache file ../../../Enterprise/DerivedDataCache/Compressed.ddp not found, will not use a pak cache.
[2021.11.29-17.56.49:372][  0]LogDerivedDataCache: Unable to find inner node EnterprisePak for hierarchical cache Hierarchy.
[2021.11.29-17.56.49:378][  0]LogDerivedDataCache: Speed tests for C:/Users/игорь/AppData/Local/UnrealEngine/Common/DerivedDataCache took 0.01 seconds
[2021.11.29-17.56.49:379][  0]LogDerivedDataCache: Display: Performance to C:/Users/игорь/AppData/Local/UnrealEngine/Common/DerivedDataCache: Latency=0.03ms. RandomReadSpeed=864.02MBs, RandomWriteSpeed=189.16MBs. Assigned SpeedClass 'Local'
[2021.11.29-17.56.49:381][  0]LogDerivedDataCache: Using Local data cache path C:/Users/игорь/AppData/Local/UnrealEngine/Common/DerivedDataCache: Writable
[2021.11.29-17.56.49:381][  0]LogDerivedDataCache: Shared data cache path not found in *engine.ini, will not use an Shared cache.
[2021.11.29-17.56.49:381][  0]LogDerivedDataCache: Unable to find inner node Shared for hierarchical cache Hierarchy.
[2021.11.29-17.56.49:418][  0]LogSlate: Using FreeType 2.10.0
[2021.11.29-17.56.49:418][  0]LogSlate: SlateFontServices - WITH_FREETYPE: 1, WITH_HARFBUZZ: 1
[2021.11.29-17.56.49:497][  0]LogInit: Using OS detected language (en-US).
[2021.11.29-17.56.49:497][  0]LogInit: Using OS detected locale (en-US).
[2021.11.29-17.56.49:497][  0]LogTextLocalizationManager: No localization for 'en-US' exists, so 'en' will be used for the language.
[2021.11.29-17.56.49:497][  0]LogTextLocalizationManager: No localization for 'en-US' exists, so 'en' will be used for the locale.
[2021.11.29-17.56.49:497][  0]LogSlate: FontCache flush requested. Reason: Culture for localization was changed
[2021.11.29-17.56.49:497][  0]LogSlate: FontCache flush requested. Reason: Culture for localization was changed
[2021.11.29-17.56.49:500][  0]LogTextLocalizationManager: Compacting localization data took   0.00ms
[2021.11.29-17.56.49:500][  0]LogAssetRegistry: FAssetRegistry took 0.0018 seconds to start up
[2021.11.29-17.56.49:695][  0]LogPackageLocalizationCache: Processed 28 localized package path(s) for 1 prioritized culture(s) in 0.000998 seconds
[2021.11.29-17.56.49:761][  0]LogInit: Selected Device Profile: [Windows]
[2021.11.29-17.56.49:761][  0]LogInit: Active device profile: [0000022D627FFD00][0000022D5D304E80 49] Windows
[2021.11.29-17.56.49:761][  0]LogInit: Profiles: [0000022D627FFD00][0000022D5D304E80 49] Windows, [0000022D627B4400][0000022D5D30D000 49] WindowsNoEditor, [0000022D627FC400][0000022D5D311180 49] WindowsServer, [0000022D627B5D00][0000022D5D257300 49] WindowsClient, [0000022D627FF400][0000022D5D25B480 49] IOS, [0000022D627B4E00][0000022D5D25F600 49] iPadAir, [0000022D627FCD00][0000022D5D309740 49] iPadAir2, [0000022D62780400][0000022D5D267980 49] IPadPro, [0000022D62780500][0000022D5D2639C0 49] iPadAir3, [0000022D627FF500][0000022D5D26BB00 49] iPadAir4, [0000022D62783900][0000022D5D272100 49] iPadMini2, [0000022D627FD200][0000022D5D276280 49] iPadMini3, [0000022D62781400][0000022D5D27A400 49] iPadMini4, [0000022D627FE700][0000022D5D27E580 49] iPadMini5, [0000022D62773C00][0000022D5D286840 49] iPhone6, [0000022D62773D00][0000022D5D282880 49] iPodTouch6, [0000022D62783300][0000022D5D28EB40 49] iPhone7, [0000022D62783200][0000022D5D28AB80 49] iPodTouch7, [0000022D62770900][0000022D5D292D00 49] iPhone5S, [0000022D62782800][0000022D5D296E80 49] iPhone6Plus, [0000022D62773000][0000022D5D29B000 49] iPhone6S, [0000022D62783D00][0000022D5D29F180 49] iPhone6SPlus, [0000022D62771100][0000022D60D23300 49] iPhone7Plus, [0000022D62782400][0000022D60D27480 49] iPhoneSE, [0000022D62772800][0000022D60D2B600 49] iPhone8, [0000022D62781900][0000022D60D2F780 49] iPhone8Plus, [0000022D62771900][0000022D5D26F8C0 49] iPhoneX, [0000022D62783B00][0000022D60D33A00 49] iPhoneXS, [0000022D62772000][0000022D60D37B40 49] iPhoneXSMax, [0000022D62782E00][0000022D60D3A100 49] iPhoneXR, [0000022D62771D00][0000022D60D42280 49] iPhone11, [0000022D62781300][0000022D60D46400 49] iPhone11Pro, [0000022D62773F00][0000022D60D4A580 49] iPhone11ProMax, [0000022D62780600][0000022D60D4E700 49] iPhoneSE2, [0000022D62770200][0000022D60D52880 49] iPhone12Mini, [0000022D62781600][0000022D60D56A00 49] iPhone12, [0000022D62771000][0000022D60D5AB80 49] iPhone12Pro, [0000022D62781F00][0000022D60D5ED00 49] iPhone12ProMax, [0000022D62771400][0000022D60D62E80 49] iPadPro105, [0000022D62783000][0000022D60D67000 49] iPadPro129, [0000022D62771600][0000022D60D6B180 49] iPadPro97, [0000022D62780C00][0000022D5DC57300 49] iPadPro2_129, [0000022D62772700][0000022D5DC5B480 49] iPad5, [0000022D62783E00][0000022D5DC5F600 49] iPad6, [0000022D62773800][0000022D5DC63780 49] iPad7, [0000022D62782C00][0000022D5DC67900 49] iPad8, [0000022D62771800][0000022D5DC6BA80 49] iPadPro11, [0000022D62782100][0000022D60D3FBC0 49] iPadPro2_11, [0000022D62773900][0000022D5DC6E180 49] iPadPro3_129, [0000022D62783400][0000022D5DC722C0 49] iPadPro4_129, [0000022D62772C00][0000022D5DC7A440 49] AppleTV, [0000022D62783700][0000022D5DC7E5C0 49] AppleTV4K, [0000022D62771C00][0000022D5DC82740 49] TVOS, [0000022D62782700][0000022D5DC868C0 49] Mac, [0000022D62771B00][0000022D5DC8AA40 49] MacClient, [0000022D62782D00][0000022D5DC8EBC0 49] MacNoEditor, [0000022D62773400][0000022D5DC92D40 49] MacServer, [0000022D62780F00][0000022D5DC96EC0 49] Linux, [0000022D62773600][0000022D5DC9B040 49] LinuxAArch64, [0000022D62780100][0000022D5DC9F1C0 49] LinuxNoEditor, [0000022D62772600][0000022D5DCA3340 49] LinuxAArch64NoEditor, [0000022D62781D00][0000022D5DCA74C0 49] LinuxClient, [0000022D62773E00][0000022D5DCAB640 49] LinuxAArch64Client, [0000022D62781C00][0000022D5DCAF7C0 49] LinuxServer, [0000022D62770B00][0000022D5DCB3940 49] LinuxAArch64Server, [0000022D62780700][0000022D5DCB7AC0 49] Android, [0000022D627B5E00][0000022D5DCBA0C0 49] Android_Low, [0000022D62854100][0000022D5DC76200 49] Android_Mid, [0000022D627B4200][0000022D5DCBE340 49] Android_High, [0000022D62854B00][0000022D5DCC2480 49] Android_Default, [0000022D627B7300][0000022D5DCC65C0 49] Android_Adreno4xx, [0000022D62855C00][0000022D5DCCE740 49] Android_Adreno5xx_Low, [0000022D627B6900][0000022D5DCD28C0 49] Android_Adreno5xx, [0000022D62856300][0000022D5DCD6A40 49] Android_Adreno6xx, [0000022D627B4100][0000022D5DCDABC0 49] Android_Adreno6xx_Vulkan, [0000022D62855000][0000022D5D4D0D40 49] Android_Mali_T6xx, [0000022D627B7800][0000022D5D4D4EC0 49] Android_Mali_T7xx, [0000022D62855400][0000022D5D4D9040 49] Android_Mali_T8xx, [0000022D627B7B00][0000022D5D4DD1C0 49] Android_Mali_G71, [0000022D62854F00][0000022D5D4E1340 49] Android_Mali_G72, [0000022D627B5700][0000022D5D4E54C0 49] Android_Mali_G72_Vulkan, [0000022D62855800][0000022D5D4E9640 49] Android_Mali_G76, [0000022D627B4900][0000022D5D4ED7C0 49] Android_Mali_G76_Vulkan, [0000022D62854600][0000022D5D4F1940 49] Android_Mali_G77, [0000022D627B6500][0000022D5D4F5AC0 49] Android_Mali_G77_Vulkan, [0000022D62856A00][0000022D5D4F80C0 49] Android_Mali_G78, [0000022D627B4700][0000022D5D4FC240 49] Android_Mali_G78_Vulkan, [0000022D62856700][0000022D5DCCA380 49] Android_Mali_G710, [0000022D627B4C00][0000022D5D5004C0 49] Android_Mali_G710_Vulkan, [0000022D62855F00][0000022D5D504600 49] Android_Vulkan_SM5, [0000022D627B4F00][0000022D5D508740 49] Android_PowerVR_G6xxx, [0000022D62854700][0000022D5D5108C0 49] Android_PowerVR_GT7xxx, [0000022D627B6B00][0000022D5D514A40 49] Android_PowerVR_GE8xxx, [0000022D62854400][0000022D5D518BC0 49] Android_PowerVR_GM9xxx, [0000022D62781200][0000022D5D51CD40 49] Android_PowerVR_GM9xxx_Vulkan, [0000022D62854D00][0000022D5D520EC0 49] Android_TegraK1, [0000022D62782900][0000022D5D525040 49] Android_Unknown_Vulkan, [0000022D62854500][0000022D5D5291C0 49] Lumin, [0000022D62783800][0000022D5D52D340 49] Lumin_Desktop, [0000022D62854A00][0000022D5D5314C0 49] HoloLens, 
[2021.11.29-17.56.49:798][  0]LogMeshReduction: Using QuadricMeshReduction for automatic static mesh reduction
[2021.11.29-17.56.49:798][  0]LogMeshReduction: Using SimplygonMeshReduction for automatic skeletal mesh reduction
[2021.11.29-17.56.49:798][  0]LogMeshReduction: Using ProxyLODMeshReduction for automatic mesh merging
[2021.11.29-17.56.49:798][  0]LogMeshReduction: No distributed automatic mesh merging module available
[2021.11.29-17.56.49:798][  0]LogMeshMerging: No distributed automatic mesh merging module available
[2021.11.29-17.56.49:896][  0]LogNetVersion: Stole_DaVInchy 1.0.0, NetCL: 17155196, EngineNetVer: 17, GameNetVer: 0 (Checksum: 1287528301)
[2021.11.29-17.56.50:149][  0]LogTexture: Default maximum texture size for cubemaps generated from long-lat sources has been changed from 512 to unlimited. In order to preserve old behaiour for '/Engine/MapTemplates/Sky/DaylightAmbientCubemap.DaylightAmbientCubemap', its maximum texture size has been explicitly set to 512.
[2021.11.29-17.56.50:222][  0]LogHMD: PokeAHoleMaterial loaded successfully
[2021.11.29-17.56.50:316][  0]LogMoviePlayer: Initializing movie player
[2021.11.29-17.56.50:415][  0]LogPython: Using Python 3.7.7
[2021.11.29-17.56.50:861][  0]LogNiagaraDebuggerClient: Niagara Debugger Client Initialized | Session: AF3FF6504E596217FD6A73AC26BB82EF | Instance: 43168559487D1209D46C269D09D024B4 (DESKTOP-QARVD59-26552).
[2021.11.29-17.56.50:882][  0]LogCollectionManager: Loaded 0 collections in 0.000731 seconds
[2021.11.29-17.56.50:885][  0]LogFileCache: Scanning file cache for directory 'E:/ASD/FlyProject/Stole_DaVInchy/Saved/Collections/' took 0.00s
[2021.11.29-17.56.50:885][  0]LogFileCache: Scanning file cache for directory 'E:/ASD/FlyProject/Stole_DaVInchy/Content/Developers/игорь/Collections/' took 0.00s
[2021.11.29-17.56.50:885][  0]LogFileCache: Scanning file cache for directory 'E:/ASD/FlyProject/Stole_DaVInchy/Content/Collections/' took 0.00s
[2021.11.29-17.56.50:885][  0]LogCollectionManager: Fixed up redirectors for 0 collections in 0.000002 seconds (updated 0 objects)
[2021.11.29-17.56.51:002][  0]LogImageWrapper: Warning: PNG Warning: Duplicate iCCP chunk
[2021.11.29-17.56.51:002][  0]LogImageWrapper: Warning: PNG Warning: Duplicate iCCP chunk
[2021.11.29-17.56.51:002][  0]LogTcpMessaging: Initializing TcpMessaging bridge
[2021.11.29-17.56.51:009][  0]LogUdpMessaging: Initializing bridge on interface 0.0.0.0:0 to multicast group 230.0.0.1:6666.
[2021.11.29-17.56.51:058][  0]SourceControl: Source control is disabled
[2021.11.29-17.56.51:058][  0]SourceControl: Source control is disabled
[2021.11.29-17.56.51:061][  0]SourceControl: Source control is disabled
[2021.11.29-17.56.51:065][  0]LogUProjectInfo: Found projects:
[2021.11.29-17.56.51:137][  0]LogOpenImageDenoise: OIDN starting up
[2021.11.29-17.56.51:157][  0]LogAndroidPermission: UAndroidPermissionCallbackProxy::GetInstance
[2021.11.29-17.56.51:177][  0]LogAudioCaptureCore: Display: No Audio Capture implementations found. Audio input will be silent.
[2021.11.29-17.56.51:177][  0]LogAudioCaptureCore: Display: No Audio Capture implementations found. Audio input will be silent.
[2021.11.29-17.56.51:289][  0]LogOcInput: OculusInput pre-init called
[2021.11.29-17.56.51:298][  0]LogUObjectArray: 22121 objects as part of root set at end of initial load.
[2021.11.29-17.56.51:298][  0]LogUObjectAllocator: 5975440 out of 0 bytes used by permanent object pool.
[2021.11.29-17.56.51:298][  0]LogUObjectArray: CloseDisregardForGC: 0/0 objects in disregard for GC pool
[2021.11.29-17.56.51:349][  0]LogEngine: Initializing Engine...
[2021.11.29-17.56.51:351][  0]LogHMD: Failed to enumerate extensions. Please check that you have a valid OpenXR runtime installed.
[2021.11.29-17.56.51:351][  0]LogHMD: Failed to initialize OpenVR with code 110
[2021.11.29-17.56.51:351][  0]LogMagicLeap: Warning: VR disabled because ZI is not enabled.  To enable, in the editor, Edit -> Project Settings -> Plugins -> Magic Leap Plugin -> Enable Zero Iteration
[2021.11.29-17.56.51:353][  0]LogStats: UGameplayTagsManager::InitializeManager -  0.000 s
[2021.11.29-17.56.51:471][  0]LogInit: Initializing FReadOnlyCVARCache
[2021.11.29-17.56.51:471][  0]LogAudio: Display: Initializing Audio Device Manager...
[2021.11.29-17.56.51:474][  0]LogAudio: Display: Loading Default Audio Settings Objects...
[2021.11.29-17.56.51:475][  0]LogAudio: Display: No default SoundConcurrencyObject specified (or failed to load).
[2021.11.29-17.56.51:476][  0]LogAudio: Display: Audio Device Manager Initialized
[2021.11.29-17.56.51:476][  0]LogAudio: Display: Creating Audio Device:                 Id: 1, Scope: Shared, Realtime: True
[2021.11.29-17.56.51:476][  0]LogAudioMixer: Display: Audio Mixer Platform Settings:
[2021.11.29-17.56.51:476][  0]LogAudioMixer: Display: 	Sample Rate:						  48000
[2021.11.29-17.56.51:476][  0]LogAudioMixer: Display: 	Callback Buffer Frame Size Requested: 1024
[2021.11.29-17.56.51:476][  0]LogAudioMixer: Display: 	Callback Buffer Frame Size To Use:	  1024
[2021.11.29-17.56.51:476][  0]LogAudioMixer: Display: 	Number of buffers to queue:			  2
[2021.11.29-17.56.51:476][  0]LogAudioMixer: Display: 	Max Channels (voices):				  32
[2021.11.29-17.56.51:476][  0]LogAudioMixer: Display: 	Number of Async Source Workers:		  0
[2021.11.29-17.56.51:476][  0]LogAudio: Display: AudioDevice MaxSources: 32
[2021.11.29-17.56.51:476][  0]LogAudio: Display: Audio Spatialization Plugin: None (built-in).
[2021.11.29-17.56.51:476][  0]LogAudio: Display: Audio Reverb Plugin: None (built-in).
[2021.11.29-17.56.51:476][  0]LogAudio: Display: Audio Occlusion Plugin: None (built-in).
[2021.11.29-17.56.51:476][  0]LogAudioMixer: Display: Initializing audio mixer.
[2021.11.29-17.56.51:491][  0]LogAudioMixer: Display: 0: FrontLeft
[2021.11.29-17.56.51:491][  0]LogAudioMixer: Display: 1: FrontRight
