Log file open, 11/29/21 19:08:42
LogWindows: Failed to load 'aqProf.dll' (GetLastError=126)
LogWindows: File 'aqProf.dll' does not exist
LogWindows: Failed to load 'VtuneApi.dll' (GetLastError=126)
LogWindows: File 'VtuneApi.dll' does not exist
LogWindows: Failed to load 'VtuneApi32e.dll' (GetLastError=126)
LogWindows: File 'VtuneApi32e.dll' does not exist
LogConsoleResponse: Display: Failed to find resolution value strings in scalability ini. Falling back to default.
LogConsoleResponse: Display: Failed to find resolution value strings in scalability ini. Falling back to default.
LogInit: Display: Running engine for game: Stole_DaVInchy
LogPlatformFile: Not using cached read wrapper
LogTaskGraph: Started task graph with 5 named threads and 20 total threads with 3 sets of task threads.
LogStats: Stats thread started at 0.257609
LogICUInternationalization: ICU TimeZone Detection - Raw Offset: +3:00, Platform Override: ''
LogInit: Display: Loading text-based GConfig....
LogPluginManager: Mounting plugin MegascansPlugin
LogPluginManager: Mounting plugin MeshPainting
LogPluginManager: Mounting plugin XGEController
LogPluginManager: Mounting plugin AISupport
LogPluginManager: Mounting plugin EnvironmentQueryEditor
LogPluginManager: Mounting plugin Paper2D
LogPluginManager: Mounting plugin LightPropagationVolume
LogPluginManager: Mounting plugin CameraShakePreviewer
LogPluginManager: Mounting plugin GameplayCameras
LogPluginManager: Mounting plugin LiveLink
LogPluginManager: Mounting plugin OodleData
LogPluginManager: Mounting plugin OodleNetwork
LogPluginManager: Mounting plugin AnimationSharing
LogPluginManager: Mounting plugin AssetManagerEditor
LogPluginManager: Mounting plugin CryptoKeys
LogPluginManager: Mounting plugin CurveEditorTools
LogPluginManager: Mounting plugin EditorScriptingUtilities
LogPluginManager: Mounting plugin FacialAnimation
LogPluginManager: Mounting plugin DataValidation
LogPluginManager: Mounting plugin GameplayTagsEditor
LogPluginManager: Mounting plugin GeometryMode
LogPluginManager: Mounting plugin MacGraphicsSwitching
LogPluginManager: Mounting plugin MaterialAnalyzer
LogPluginManager: Mounting plugin MobileLauncherProfileWizard
LogPluginManager: Mounting plugin PluginBrowser
LogPluginManager: Mounting plugin DatasmithContent
LogPluginManager: Mounting plugin SpeedTreeImporter
LogPluginManager: Mounting plugin VariantManagerContent
LogPluginManager: Mounting plugin AlembicImporter
LogPluginManager: Mounting plugin AutomationUtils
LogPluginManager: Mounting plugin BackChannel
LogPluginManager: Mounting plugin ChaosCloth
LogPluginManager: Mounting plugin ChaosClothEditor
LogPluginManager: Mounting plugin ChaosEditor
LogPluginManager: Mounting plugin ChaosNiagara
LogPluginManager: Mounting plugin ChaosSolverPlugin
LogPluginManager: Mounting plugin CharacterAI
LogPluginManager: Mounting plugin GeometryCache
LogPluginManager: Mounting plugin GeometryCollectionPlugin
LogPluginManager: Mounting plugin GeometryProcessing
LogPluginManager: Mounting plugin OpenImageDenoise
LogPluginManager: Mounting plugin PlanarCut
LogPluginManager: Mounting plugin PlatformCrypto
LogPluginManager: Mounting plugin ProxyLODPlugin
LogPluginManager: Mounting plugin PythonScriptPlugin
LogPluginManager: Mounting plugin SkeletalReduction
LogPluginManager: Mounting plugin Niagara
LogPluginManager: Mounting plugin LuminPlatformFeatures
LogPluginManager: Mounting plugin MagicLeap
LogPluginManager: Mounting plugin MagicLeapLightEstimation
LogPluginManager: Mounting plugin MagicLeapMedia
LogPluginManager: Mounting plugin MagicLeapPassableWorld
LogPluginManager: Mounting plugin MLSDK
LogPluginManager: Mounting plugin AndroidMedia
LogPluginManager: Mounting plugin AvfMedia
LogPluginManager: Mounting plugin ImgMedia
LogPluginManager: Mounting plugin MediaCompositing
LogPluginManager: Mounting plugin TcpMessaging
LogPluginManager: Mounting plugin UdpMessaging
LogPluginManager: Mounting plugin MediaPlayerEditor
LogPluginManager: Mounting plugin WebMMedia
LogPluginManager: Mounting plugin WmfMedia
LogPluginManager: Mounting plugin ActorSequence
LogPluginManager: Mounting plugin LevelSequenceEditor
LogPluginManager: Mounting plugin MatineeToLevelSequence
LogPluginManager: Mounting plugin TemplateSequence
LogPluginManager: Mounting plugin OnlineSubsystem
LogPluginManager: Mounting plugin OnlineSubsystemNull
LogPluginManager: Mounting plugin OnlineSubsystemUtils
LogPluginManager: Mounting plugin LauncherChunkInstaller
LogPluginManager: Mounting plugin ActorLayerUtilities
LogPluginManager: Mounting plugin AndroidDeviceProfileSelector
LogPluginManager: Mounting plugin AndroidMoviePlayer
LogPluginManager: Mounting plugin AndroidPermission
LogPluginManager: Mounting plugin AppleImageUtils
LogPluginManager: Mounting plugin AppleMoviePlayer
LogPluginManager: Mounting plugin ArchVisCharacter
LogPluginManager: Mounting plugin AssetTags
LogPluginManager: Mounting plugin AudioCapture
LogPluginManager: Mounting plugin AudioSynesthesia
LogPluginManager: Mounting plugin CableComponent
LogPluginManager: Mounting plugin ChunkDownloader
LogPluginManager: Mounting plugin CustomMeshComponent
LogPluginManager: Mounting plugin EditableMesh
LogPluginManager: Mounting plugin ExampleDeviceProfileSelector
LogPluginManager: Mounting plugin GoogleCloudMessaging
LogPluginManager: Mounting plugin GooglePAD
LogPluginManager: Mounting plugin LinuxDeviceProfileSelector
LogPluginManager: Mounting plugin IOSDeviceProfileSelector
LogPluginManager: Mounting plugin LocationServicesBPLibrary
LogPluginManager: Mounting plugin MobilePatchingUtils
LogPluginManager: Mounting plugin OpenXR
LogPluginManager: Mounting plugin OpenXREyeTracker
LogPluginManager: Mounting plugin OpenXRHandTracking
LogPluginManager: Mounting plugin PhysXVehicles
LogPluginManager: Mounting plugin PostSplashScreen
LogPluginManager: Mounting plugin ProceduralMeshComponent
LogPluginManager: Mounting plugin PropertyAccessEditor
LogPluginManager: Mounting plugin RuntimePhysXCooking
LogPluginManager: Mounting plugin SignificanceManager
LogPluginManager: Mounting plugin SoundFields
LogPluginManager: Mounting plugin Synthesis
LogPluginManager: Mounting plugin WebMMoviePlayer
LogPluginManager: Mounting plugin WindowsMoviePlayer
LogPluginManager: Mounting plugin ScreenshotTools
LogPluginManager: Mounting plugin MotoSynth
LogPluginManager: Mounting plugin CLionSourceCodeAccess
LogPluginManager: Mounting plugin Takes
LogPluginManager: Mounting plugin CodeLiteSourceCodeAccess
LogPluginManager: Mounting plugin GitSourceControl
LogPluginManager: Mounting plugin KDevelopSourceCodeAccess
LogPluginManager: Mounting plugin NullSourceCodeAccess
LogPluginManager: Mounting plugin PerforceSourceControl
LogPluginManager: Mounting plugin PlasticSourceControl
LogPluginManager: Mounting plugin PluginUtils
LogPluginManager: Mounting plugin PropertyAccessNode
LogPluginManager: Mounting plugin PixWinPlugin
LogPluginManager: Mounting plugin RiderSourceCodeAccess
LogPluginManager: Mounting plugin SubversionSourceControl
LogPluginManager: Mounting plugin TextureFormatOodle
LogPluginManager: Mounting plugin UObjectPlugin
LogPluginManager: Mounting plugin XCodeSourceCodeAccess
LogPluginManager: Mounting plugin VisualStudioSourceCodeAccess
LogPluginManager: Mounting plugin VisualStudioCodeSourceCodeAccess
LogPluginManager: Mounting plugin ContentBrowserAssetDataSource
LogPluginManager: Mounting plugin ContentBrowserClassDataSource
LogPluginManager: Mounting plugin ContentBrowserFileDataSource
LogPluginManager: Mounting plugin OnlineSubsystemGooglePlay
LogPluginManager: Mounting plugin OnlineSubsystemIOS
LogPluginManager: Mounting plugin DatabaseSupport
LogPluginManager: Mounting plugin SQLiteCore
LogPluginManager: Mounting plugin SQLiteSupport
LogPluginManager: Mounting plugin OculusVR
LogPluginManager: Mounting plugin SteamVR
LogInit: Using libcurl 7.55.1-DEV
LogInit:  - built for x86_64-pc-win32
LogInit:  - supports SSL with OpenSSL/1.1.1
LogInit:  - supports HTTP deflate (compression) using libz 1.2.8
LogInit:  - other features:
LogInit:      CURL_VERSION_SSL
LogInit:      CURL_VERSION_LIBZ
LogInit:      CURL_VERSION_IPV6
LogInit:      CURL_VERSION_ASYNCHDNS
LogInit:      CURL_VERSION_LARGEFILE
LogInit:      CURL_VERSION_IDN
LogInit:  CurlRequestOptions (configurable via config and command line):
LogInit:  - bVerifyPeer = true  - Libcurl will verify peer certificate
LogInit:  - bUseHttpProxy = false  - Libcurl will NOT use HTTP proxy
LogInit:  - bDontReuseConnections = false  - Libcurl will reuse connections
LogInit:  - MaxHostConnections = 16  - Libcurl will limit the number of connections to a host
LogInit:  - LocalHostAddr = Default
LogInit:  - BufferSize = 65536
LogOnline: OSS: Creating online subsystem instance for: NULL
LogInit: WinSock: version 1.1 (2.2), MaxSocks=32767, MaxUdp=65467
LogOnline: OSS: TryLoadSubsystemAndSetDefault: Loaded subsystem for module [NULL]
PixWinPlugin: PIX capture plugin failed to initialize! Check that the process is launched from PIX.
LogOculusPluginWrapper: OculusPlugin initialized successfully
LogHMD: Failed initializing OVRPlugin 1.59.0
LogInit: Build: ++UE4+Release-4.27-CL-17735300
LogInit: Engine Version: 4.27.1-17735300+++UE4+Release-4.27
LogInit: Compatible Engine Version: 4.27.0-17155196+++UE4+Release-4.27
LogInit: Net CL: 17155196
LogInit: OS: Windows 10 (Release 2009) (), CPU: AMD Ryzen 5 3500X 6-Core Processor             , GPU: NVIDIA GeForce GTX 960
LogInit: Compiled (64-bit): Oct  6 2021 14:42:51
LogInit: Compiled with Visual C++: 19.24.28315.00
LogInit: Build Configuration: Development
LogInit: Branch Name: ++UE4+Release-4.27
LogInit: Command Line:  /Game/FirstPersonBP/Maps/mainMap -game -PIEVIACONSOLE -Multiprocess GameUserSettingsINI=E:/ASD/FlyProject/Stole_DaVInchy/Saved/Config/Windows/PIEGameUserSettings0.ini -MultiprocessSaveConfig -forcepassthrough -messaging -SessionName="Play in Standalone Game" -windowed -ResX=1280 -ResY=720
LogInit: Base Directory: E:/UE_4.27/Engine/Binaries/Win64/
LogInit: Allocator: TBB
LogInit: Installed Engine Build: 1
LogDevObjectVersion: Number of dev versions registered: 29
LogDevObjectVersion:   Dev-Blueprints (B0D832E4-1F89-4F0D-ACCF-7EB736FD4AA2): 10
LogDevObjectVersion:   Dev-Build (E1C64328-A22C-4D53-A36C-8E866417BD8C): 0
LogDevObjectVersion:   Dev-Core (375EC13C-06E4-48FB-B500-84F0262A717E): 4
LogDevObjectVersion:   Dev-Editor (E4B068ED-F494-42E9-A231-DA0B2E46BB41): 40
LogDevObjectVersion:   Dev-Framework (CFFC743F-43B0-4480-9391-14DF171D2073): 37
LogDevObjectVersion:   Dev-Mobile (B02B49B5-BB20-44E9-A304-32B752E40360): 3
LogDevObjectVersion:   Dev-Networking (A4E4105C-59A1-49B5-A7C5-40C4547EDFEE): 0
LogDevObjectVersion:   Dev-Online (39C831C9-5AE6-47DC-9A44-9C173E1C8E7C): 0
LogDevObjectVersion:   Dev-Physics (78F01B33-EBEA-4F98-B9B4-84EACCB95AA2): 14
LogDevObjectVersion:   Dev-Platform (6631380F-2D4D-43E0-8009-CF276956A95A): 0
LogDevObjectVersion:   Dev-Rendering (12F88B9F-8875-4AFC-A67C-D90C383ABD29): 45
LogDevObjectVersion:   Dev-Sequencer (7B5AE74C-D270-4C10-A958-57980B212A5A): 13
LogDevObjectVersion:   Dev-VR (D7296918-1DD6-4BDD-9DE2-64A83CC13884): 3
LogDevObjectVersion:   Dev-LoadTimes (C2A15278-BFE7-4AFE-6C17-90FF531DF755): 1
LogDevObjectVersion:   Private-Geometry (6EACA3D4-40EC-4CC1-B786-8BED09428FC5): 3
LogDevObjectVersion:   Dev-AnimPhys (29E575DD-E0A3-4627-9D10-D276232CDCEA): 17
LogDevObjectVersion:   Dev-Anim (AF43A65D-7FD3-4947-9873-3E8ED9C1BB05): 15
LogDevObjectVersion:   Dev-ReflectionCapture (6B266CEC-1EC7-4B8F-A30B-E4D90942FC07): 1
LogDevObjectVersion:   Dev-Automation (0DF73D61-A23F-47EA-B727-89E90C41499A): 1
LogDevObjectVersion:   FortniteMain (601D1886-AC64-4F84-AA16-D3DE0DEAC7D6): 47
LogDevObjectVersion:   FortniteRelease (E7086368-6B23-4C58-8439-1B7016265E91): 1
LogDevObjectVersion:   Dev-Enterprise (9DFFBCD6-494F-0158-E221-12823C92A888): 10
LogDevObjectVersion:   Dev-Niagara (F2AED0AC-9AFE-416F-8664-AA7FFA26D6FC): 1
LogDevObjectVersion:   Dev-Destruction (174F1F0B-B4C6-45A5-B13F-2EE8D0FB917D): 10
LogDevObjectVersion:   Dev-Physics-Ext (35F94A83-E258-406C-A318-09F59610247C): 41
LogDevObjectVersion:   Dev-PhysicsMaterial-Chaos (B68FC16E-8B1B-42E2-B453-215C058844FE): 1
LogDevObjectVersion:   Dev-CineCamera (B2E18506-4273-CFC2-A54E-F4BB758BBA07): 1
LogDevObjectVersion:   Dev-VirtualProduction (64F58936-FD1B-42BA-BA96-7289D5D0FA4E): 1
LogDevObjectVersion:   Dev-MediaFramework (6F0ED827-A609-4895-9C91-998D90180EA4): 2
LogInit: Presizing for max 25165824 objects, including 0 objects not considered by GC, pre-allocating 0 bytes for permanent pool.
LogConfig: Applying CVar settings from Section [/Script/Engine.StreamingSettings] File [E:/ASD/FlyProject/Stole_DaVInchy/Saved/Config/Windows/Engine.ini]
LogConfig: Setting CVar [[s.MinBulkDataSizeForAsyncLoading:131072]]
LogConfig: Setting CVar [[s.AsyncLoadingThreadEnabled:0]]
LogConfig: Setting CVar [[s.EventDrivenLoaderEnabled:1]]
LogConfig: Setting CVar [[s.WarnIfTimeLimitExceeded:0]]
LogConfig: Setting CVar [[s.TimeLimitExceededMultiplier:1.5]]
LogConfig: Setting CVar [[s.TimeLimitExceededMinTime:0.005]]
LogConfig: Setting CVar [[s.UseBackgroundLevelStreaming:1]]
LogConfig: Setting CVar [[s.PriorityAsyncLoadingExtraTime:15.0]]
LogConfig: Setting CVar [[s.LevelStreamingActorsUpdateTimeLimit:5.0]]
LogConfig: Setting CVar [[s.PriorityLevelStreamingActorsUpdateExtraTime:5.0]]
LogConfig: Setting CVar [[s.LevelStreamingComponentsRegistrationGranularity:10]]
LogConfig: Setting CVar [[s.UnregisterComponentsTimeLimit:1.0]]
LogConfig: Setting CVar [[s.LevelStreamingComponentsUnregistrationGranularity:5]]
LogConfig: Setting CVar [[s.FlushStreamingOnExit:1]]
LogInit: Object subsystem initialized
LogConfig: Setting CVar [[con.DebugEarlyDefault:1]]
LogConfig: Setting CVar [[r.setres:1280x720]]
[2021.11.29-16.08.42:570][  0]LogConfig: Setting CVar [[con.DebugEarlyDefault:1]]
[2021.11.29-16.08.42:570][  0]LogConfig: Setting CVar [[r.setres:1280x720]]
[2021.11.29-16.08.42:570][  0]LogConfig: Applying CVar settings from Section [/Script/Engine.RendererSettings] File [E:/ASD/FlyProject/Stole_DaVInchy/Saved/Config/Windows/Engine.ini]
[2021.11.29-16.08.42:570][  0]LogConfig: Setting CVar [[r.GPUCrashDebugging:0]]
[2021.11.29-16.08.42:570][  0]LogConfig: Applying CVar settings from Section [/Script/Engine.RendererOverrideSettings] File [E:/ASD/FlyProject/Stole_DaVInchy/Saved/Config/Windows/Engine.ini]
[2021.11.29-16.08.42:570][  0]LogConfig: Applying CVar settings from Section [/Script/Engine.StreamingSettings] File [E:/ASD/FlyProject/Stole_DaVInchy/Saved/Config/Windows/Engine.ini]
[2021.11.29-16.08.42:570][  0]LogConfig: Setting CVar [[s.MinBulkDataSizeForAsyncLoading:131072]]
[2021.11.29-16.08.42:570][  0]LogConfig: Setting CVar [[s.AsyncLoadingThreadEnabled:0]]
[2021.11.29-16.08.42:570][  0]LogConfig: Setting CVar [[s.EventDrivenLoaderEnabled:1]]
[2021.11.29-16.08.42:570][  0]LogConfig: Setting CVar [[s.WarnIfTimeLimitExceeded:0]]
[2021.11.29-16.08.42:570][  0]LogConfig: Setting CVar [[s.TimeLimitExceededMultiplier:1.5]]
[2021.11.29-16.08.42:570][  0]LogConfig: Setting CVar [[s.TimeLimitExceededMinTime:0.005]]
[2021.11.29-16.08.42:570][  0]LogConfig: Setting CVar [[s.UseBackgroundLevelStreaming:1]]
[2021.11.29-16.08.42:570][  0]LogConfig: Setting CVar [[s.PriorityAsyncLoadingExtraTime:15.0]]
[2021.11.29-16.08.42:570][  0]LogConfig: Setting CVar [[s.LevelStreamingActorsUpdateTimeLimit:5.0]]
[2021.11.29-16.08.42:570][  0]LogConfig: Setting CVar [[s.PriorityLevelStreamingActorsUpdateExtraTime:5.0]]
[2021.11.29-16.08.42:570][  0]LogConfig: Setting CVar [[s.LevelStreamingComponentsRegistrationGranularity:10]]
[2021.11.29-16.08.42:570][  0]LogConfig: Setting CVar [[s.UnregisterComponentsTimeLimit:1.0]]
[2021.11.29-16.08.42:570][  0]LogConfig: Setting CVar [[s.LevelStreamingComponentsUnregistrationGranularity:5]]
[2021.11.29-16.08.42:570][  0]LogConfig: Setting CVar [[s.FlushStreamingOnExit:1]]
[2021.11.29-16.08.42:570][  0]LogConfig: Applying CVar settings from Section [/Script/Engine.GarbageCollectionSettings] File [E:/ASD/FlyProject/Stole_DaVInchy/Saved/Config/Windows/Engine.ini]
[2021.11.29-16.08.42:570][  0]LogConfig: Setting CVar [[gc.MaxObjectsNotConsideredByGC:1]]
[2021.11.29-16.08.42:570][  0]LogConfig: Setting CVar [[gc.SizeOfPermanentObjectPool:0]]
[2021.11.29-16.08.42:570][  0]LogConfig: Setting CVar [[gc.FlushStreamingOnGC:0]]
[2021.11.29-16.08.42:570][  0]LogConfig: Setting CVar [[gc.NumRetriesBeforeForcingGC:10]]
[2021.11.29-16.08.42:570][  0]LogConfig: Setting CVar [[gc.AllowParallelGC:1]]
[2021.11.29-16.08.42:571][  0]LogConfig: Setting CVar [[gc.TimeBetweenPurgingPendingKillObjects:61.1]]
[2021.11.29-16.08.42:571][  0]LogConfig: Setting CVar [[gc.MaxObjectsInEditor:25165824]]
[2021.11.29-16.08.42:571][  0]LogConfig: Setting CVar [[gc.IncrementalBeginDestroyEnabled:1]]
[2021.11.29-16.08.42:571][  0]LogConfig: Setting CVar [[gc.CreateGCClusters:1]]
[2021.11.29-16.08.42:571][  0]LogConfig: Setting CVar [[gc.MinGCClusterSize:5]]
[2021.11.29-16.08.42:571][  0]LogConfig: Setting CVar [[gc.ActorClusteringEnabled:0]]
[2021.11.29-16.08.42:571][  0]LogConfig: Setting CVar [[gc.BlueprintClusteringEnabled:0]]
[2021.11.29-16.08.42:571][  0]LogConfig: Setting CVar [[gc.UseDisregardForGCOnDedicatedServers:0]]
[2021.11.29-16.08.42:571][  0]LogConfig: Setting CVar [[gc.MultithreadedDestructionEnabled:1]]
[2021.11.29-16.08.42:571][  0]LogConfig: Applying CVar settings from Section [/Script/Engine.NetworkSettings] File [E:/ASD/FlyProject/Stole_DaVInchy/Saved/Config/Windows/Engine.ini]
[2021.11.29-16.08.42:571][  0]LogConfig: Applying CVar settings from Section [/Script/UnrealEd.CookerSettings] File [E:/ASD/FlyProject/Stole_DaVInchy/Saved/Config/Windows/Engine.ini]
[2021.11.29-16.08.42:577][  0]LogConfig: Applying CVar settings from Section [ViewDistanceQuality@3] File [E:/ASD/FlyProject/Stole_DaVInchy/Saved/Config/Windows/Scalability.ini]
[2021.11.29-16.08.42:577][  0]LogConfig: Setting CVar [[r.SkeletalMeshLODBias:0]]
[2021.11.29-16.08.42:577][  0]LogConfig: Setting CVar [[r.ViewDistanceScale:1.0]]
[2021.11.29-16.08.42:577][  0]LogConfig: Applying CVar settings from Section [AntiAliasingQuality@3] File [E:/ASD/FlyProject/Stole_DaVInchy/Saved/Config/Windows/Scalability.ini]
[2021.11.29-16.08.42:577][  0]LogConfig: Setting CVar [[r.PostProcessAAQuality:4]]
[2021.11.29-16.08.42:577][  0]LogConfig: Applying CVar settings from Section [ShadowQuality@3] File [E:/ASD/FlyProject/Stole_DaVInchy/Saved/Config/Windows/Scalability.ini]
[2021.11.29-16.08.42:577][  0]LogConfig: Setting CVar [[r.LightFunctionQuality:1]]
[2021.11.29-16.08.42:577][  0]LogConfig: Setting CVar [[r.ShadowQuality:5]]
[2021.11.29-16.08.42:577][  0]LogConfig: Setting CVar [[r.Shadow.CSM.MaxCascades:10]]
[2021.11.29-16.08.42:577][  0]LogConfig: Setting CVar [[r.Shadow.MaxResolution:2048]]
[2021.11.29-16.08.42:577][  0]LogConfig: Setting CVar [[r.Shadow.MaxCSMResolution:2048]]
[2021.11.29-16.08.42:577][  0]LogConfig: Setting CVar [[r.Shadow.RadiusThreshold:0.01]]
[2021.11.29-16.08.42:577][  0]LogConfig: Setting CVar [[r.Shadow.DistanceScale:1.0]]
[2021.11.29-16.08.42:577][  0]LogConfig: Setting CVar [[r.Shadow.CSM.TransitionScale:1.0]]
[2021.11.29-16.08.42:577][  0]LogConfig: Setting CVar [[r.Shadow.PreShadowResolutionFactor:1.0]]
[2021.11.29-16.08.42:577][  0]LogConfig: Setting CVar [[r.DistanceFieldShadowing:1]]
[2021.11.29-16.08.42:578][  0]LogConfig: Setting CVar [[r.DistanceFieldAO:1]]
[2021.11.29-16.08.42:578][  0]LogConfig: Setting CVar [[r.AOQuality:2]]
[2021.11.29-16.08.42:578][  0]LogConfig: Setting CVar [[r.VolumetricFog:1]]
[2021.11.29-16.08.42:578][  0]LogConfig: Setting CVar [[r.VolumetricFog.GridPixelSize:8]]
[2021.11.29-16.08.42:578][  0]LogConfig: Setting CVar [[r.VolumetricFog.GridSizeZ:128]]
[2021.11.29-16.08.42:578][  0]LogConfig: Setting CVar [[r.VolumetricFog.HistoryMissSupersampleCount:4]]
[2021.11.29-16.08.42:578][  0]LogConfig: Setting CVar [[r.LightMaxDrawDistanceScale:1]]
[2021.11.29-16.08.42:578][  0]LogConfig: Setting CVar [[r.CapsuleShadows:1]]
[2021.11.29-16.08.42:578][  0]LogConfig: Applying CVar settings from Section [PostProcessQuality@3] File [E:/ASD/FlyProject/Stole_DaVInchy/Saved/Config/Windows/Scalability.ini]
[2021.11.29-16.08.42:578][  0]LogConfig: Setting CVar [[r.MotionBlurQuality:4]]
[2021.11.29-16.08.42:578][  0]LogConfig: Setting CVar [[r.AmbientOcclusionMipLevelFactor:0.4]]
[2021.11.29-16.08.42:578][  0]LogConfig: Setting CVar [[r.AmbientOcclusionMaxQuality:100]]
[2021.11.29-16.08.42:578][  0]LogConfig: Setting CVar [[r.AmbientOcclusionLevels:-1]]
[2021.11.29-16.08.42:578][  0]LogConfig: Setting CVar [[r.AmbientOcclusionRadiusScale:1.0]]
[2021.11.29-16.08.42:578][  0]LogConfig: Setting CVar [[r.DepthOfFieldQuality:2]]
[2021.11.29-16.08.42:578][  0]LogConfig: Setting CVar [[r.RenderTargetPoolMin:400]]
[2021.11.29-16.08.42:578][  0]LogConfig: Setting CVar [[r.LensFlareQuality:2]]
[2021.11.29-16.08.42:578][  0]LogConfig: Setting CVar [[r.SceneColorFringeQuality:1]]
[2021.11.29-16.08.42:578][  0]LogConfig: Setting CVar [[r.EyeAdaptationQuality:2]]
[2021.11.29-16.08.42:578][  0]LogConfig: Setting CVar [[r.BloomQuality:5]]
[2021.11.29-16.08.42:578][  0]LogConfig: Setting CVar [[r.FastBlurThreshold:100]]
[2021.11.29-16.08.42:578][  0]LogConfig: Setting CVar [[r.Upscale.Quality:3]]
[2021.11.29-16.08.42:578][  0]LogConfig: Setting CVar [[r.Tonemapper.GrainQuantization:1]]
[2021.11.29-16.08.42:578][  0]LogConfig: Setting CVar [[r.LightShaftQuality:1]]
[2021.11.29-16.08.42:578][  0]LogConfig: Setting CVar [[r.Filter.SizeScale:1]]
[2021.11.29-16.08.42:578][  0]LogConfig: Setting CVar [[r.Tonemapper.Quality:5]]
[2021.11.29-16.08.42:578][  0]LogConfig: Setting CVar [[r.DOF.Gather.AccumulatorQuality:1        ; higher gathering accumulator quality]]
[2021.11.29-16.08.42:578][  0]LogConfig: Setting CVar [[r.DOF.Gather.PostfilterMethod:1          ; Median3x3 postfilering method]]
[2021.11.29-16.08.42:578][  0]LogConfig: Setting CVar [[r.DOF.Gather.EnableBokehSettings:0       ; no bokeh simulation when gathering]]
[2021.11.29-16.08.42:578][  0]LogConfig: Setting CVar [[r.DOF.Gather.RingCount:4                 ; medium number of samples when gathering]]
[2021.11.29-16.08.42:578][  0]LogConfig: Setting CVar [[r.DOF.Scatter.ForegroundCompositing:1    ; additive foreground scattering]]
[2021.11.29-16.08.42:578][  0]LogConfig: Setting CVar [[r.DOF.Scatter.BackgroundCompositing:2    ; additive background scattering]]
[2021.11.29-16.08.42:578][  0]LogConfig: Setting CVar [[r.DOF.Scatter.EnableBokehSettings:1      ; bokeh simulation when scattering]]
[2021.11.29-16.08.42:578][  0]LogConfig: Setting CVar [[r.DOF.Scatter.MaxSpriteRatio:0.1         ; only a maximum of 10% of scattered bokeh]]
[2021.11.29-16.08.42:578][  0]LogConfig: Setting CVar [[r.DOF.Recombine.Quality:1                ; cheap slight out of focus]]
[2021.11.29-16.08.42:578][  0]LogConfig: Setting CVar [[r.DOF.Recombine.EnableBokehSettings:0    ; no bokeh simulation on slight out of focus]]
[2021.11.29-16.08.42:578][  0]LogConfig: Setting CVar [[r.DOF.TemporalAAQuality:1                ; more stable temporal accumulation]]
[2021.11.29-16.08.42:578][  0]LogConfig: Setting CVar [[r.DOF.Kernel.MaxForegroundRadius:0.025]]
[2021.11.29-16.08.42:578][  0]LogConfig: Setting CVar [[r.DOF.Kernel.MaxBackgroundRadius:0.025]]
[2021.11.29-16.08.42:578][  0]LogConfig: Applying CVar settings from Section [TextureQuality@3] File [E:/ASD/FlyProject/Stole_DaVInchy/Saved/Config/Windows/Scalability.ini]
[2021.11.29-16.08.42:578][  0]LogConfig: Setting CVar [[r.Streaming.MipBias:0]]
[2021.11.29-16.08.42:578][  0]LogConfig: Setting CVar [[r.Streaming.AmortizeCPUToGPUCopy:0]]
[2021.11.29-16.08.42:578][  0]LogConfig: Setting CVar [[r.Streaming.MaxNumTexturesToStreamPerFrame:0]]
[2021.11.29-16.08.42:578][  0]LogConfig: Setting CVar [[r.Streaming.Boost:1]]
[2021.11.29-16.08.42:578][  0]LogConfig: Setting CVar [[r.MaxAnisotropy:8]]
[2021.11.29-16.08.42:578][  0]LogConfig: Setting CVar [[r.VT.MaxAnisotropy:8]]
[2021.11.29-16.08.42:578][  0]LogConfig: Setting CVar [[r.Streaming.LimitPoolSizeToVRAM:0]]
[2021.11.29-16.08.42:578][  0]LogConfig: Setting CVar [[r.Streaming.PoolSize:1000]]
[2021.11.29-16.08.42:578][  0]LogConfig: Setting CVar [[r.Streaming.MaxEffectiveScreenSize:0]]
[2021.11.29-16.08.42:578][  0]LogConfig: Applying CVar settings from Section [EffectsQuality@3] File [E:/ASD/FlyProject/Stole_DaVInchy/Saved/Config/Windows/Scalability.ini]
[2021.11.29-16.08.42:578][  0]LogConfig: Setting CVar [[r.TranslucencyLightingVolumeDim:64]]
[2021.11.29-16.08.42:578][  0]LogConfig: Setting CVar [[r.RefractionQuality:2]]
[2021.11.29-16.08.42:578][  0]LogConfig: Setting CVar [[r.SSR.Quality:3]]
[2021.11.29-16.08.42:578][  0]LogConfig: Setting CVar [[r.SSR.HalfResSceneColor:0]]
[2021.11.29-16.08.42:578][  0]LogConfig: Setting CVar [[r.SceneColorFormat:4]]
[2021.11.29-16.08.42:578][  0]LogConfig: Setting CVar [[r.DetailMode:2]]
[2021.11.29-16.08.42:578][  0]LogConfig: Setting CVar [[r.TranslucencyVolumeBlur:1]]
[2021.11.29-16.08.42:578][  0]LogConfig: Setting CVar [[r.MaterialQualityLevel:1 ; High quality]]
[2021.11.29-16.08.42:578][  0]LogConfig: Setting CVar [[r.AnisotropicMaterials:1]]
[2021.11.29-16.08.42:578][  0]LogConfig: Setting CVar [[r.SSS.Scale:1]]
[2021.11.29-16.08.42:578][  0]LogConfig: Setting CVar [[r.SSS.SampleSet:2]]
[2021.11.29-16.08.42:578][  0]LogConfig: Setting CVar [[r.SSS.Quality:1]]
[2021.11.29-16.08.42:578][  0]LogConfig: Setting CVar [[r.SSS.HalfRes:0]]
[2021.11.29-16.08.42:578][  0]LogConfig: Setting CVar [[r.SSGI.Quality:3]]
[2021.11.29-16.08.42:578][  0]LogConfig: Setting CVar [[r.EmitterSpawnRateScale:1.0]]
[2021.11.29-16.08.42:578][  0]LogConfig: Setting CVar [[r.ParticleLightQuality:2]]
[2021.11.29-16.08.42:578][  0]LogConfig: Setting CVar [[r.SkyAtmosphere.AerialPerspectiveLUT.FastApplyOnOpaque:1 ; Always have FastSkyLUT 1 in this case to avoid wrong sky]]
[2021.11.29-16.08.42:578][  0]LogConfig: Setting CVar [[r.SkyAtmosphere.AerialPerspectiveLUT.SampleCountMaxPerSlice:4]]
[2021.11.29-16.08.42:578][  0]LogConfig: Setting CVar [[r.SkyAtmosphere.AerialPerspectiveLUT.DepthResolution:16.0]]
[2021.11.29-16.08.42:578][  0]LogConfig: Setting CVar [[r.SkyAtmosphere.FastSkyLUT:1]]
[2021.11.29-16.08.42:578][  0]LogConfig: Setting CVar [[r.SkyAtmosphere.FastSkyLUT.SampleCountMin:4.0]]
[2021.11.29-16.08.42:578][  0]LogConfig: Setting CVar [[r.SkyAtmosphere.FastSkyLUT.SampleCountMax:128.0]]
[2021.11.29-16.08.42:578][  0]LogConfig: Setting CVar [[r.SkyAtmosphere.SampleCountMin:4.0]]
[2021.11.29-16.08.42:578][  0]LogConfig: Setting CVar [[r.SkyAtmosphere.SampleCountMax:128.0]]
[2021.11.29-16.08.42:578][  0]LogConfig: Setting CVar [[r.SkyAtmosphere.TransmittanceLUT.UseSmallFormat:0]]
[2021.11.29-16.08.42:578][  0]LogConfig: Setting CVar [[r.SkyAtmosphere.TransmittanceLUT.SampleCount:10.0]]
[2021.11.29-16.08.42:578][  0]LogConfig: Setting CVar [[r.SkyAtmosphere.MultiScatteringLUT.SampleCount:15.0]]
[2021.11.29-16.08.42:578][  0]LogConfig: Setting CVar [[r.SkyLight.RealTimeReflectionCapture:1]]
[2021.11.29-16.08.42:578][  0]LogConfig: Applying CVar settings from Section [FoliageQuality@3] File [E:/ASD/FlyProject/Stole_DaVInchy/Saved/Config/Windows/Scalability.ini]
[2021.11.29-16.08.42:578][  0]LogConfig: Setting CVar [[foliage.DensityScale:1.0]]
[2021.11.29-16.08.42:578][  0]LogConfig: Setting CVar [[grass.DensityScale:1.0]]
[2021.11.29-16.08.42:578][  0]LogConfig: Applying CVar settings from Section [ShadingQuality@3] File [E:/ASD/FlyProject/Stole_DaVInchy/Saved/Config/Windows/Scalability.ini]
[2021.11.29-16.08.42:578][  0]LogConfig: Setting CVar [[r.HairStrands.SkyLighting.IntegrationType:2]]
[2021.11.29-16.08.42:578][  0]LogConfig: Setting CVar [[r.HairStrands.SkyAO.SampleCount:4]]
[2021.11.29-16.08.42:578][  0]LogConfig: Setting CVar [[r.HairStrands.Visibility.MSAA.SamplePerPixel:4]]
[2021.11.29-16.08.42:578][  0]LogInit: Selected Device Profile: [Windows]
[2021.11.29-16.08.42:578][  0]LogInit: Applying CVar settings loaded from the selected device profile: [Windows]
[2021.11.29-16.08.42:579][  0]LogHAL: Display: Platform has ~ 16 GB [17126137856 / 17179869184 / 16], which maps to Larger [LargestMinGB=32, LargerMinGB=12, DefaultMinGB=8, SmallerMinGB=6, SmallestMinGB=0)
[2021.11.29-16.08.42:579][  0]LogInit: Going up to parent DeviceProfile []
[2021.11.29-16.08.42:579][  0]LogConfig: Applying CVar settings from Section [ViewDistanceQuality@3] File [E:/ASD/FlyProject/Stole_DaVInchy/Saved/Config/Windows/Scalability.ini]
[2021.11.29-16.08.42:579][  0]LogConfig: Setting CVar [[r.SkeletalMeshLODBias:0]]
[2021.11.29-16.08.42:579][  0]LogConfig: Setting CVar [[r.ViewDistanceScale:1.0]]
[2021.11.29-16.08.42:579][  0]LogConfig: Applying CVar settings from Section [AntiAliasingQuality@3] File [E:/ASD/FlyProject/Stole_DaVInchy/Saved/Config/Windows/Scalability.ini]
[2021.11.29-16.08.42:579][  0]LogConfig: Setting CVar [[r.PostProcessAAQuality:4]]
[2021.11.29-16.08.42:579][  0]LogConfig: Applying CVar settings from Section [ShadowQuality@3] File [E:/ASD/FlyProject/Stole_DaVInchy/Saved/Config/Windows/Scalability.ini]
[2021.11.29-16.08.42:579][  0]LogConfig: Setting CVar [[r.LightFunctionQuality:1]]
[2021.11.29-16.08.42:579][  0]LogConfig: Setting CVar [[r.ShadowQuality:5]]
[2021.11.29-16.08.42:579][  0]LogConfig: Setting CVar [[r.Shadow.CSM.MaxCascades:10]]
[2021.11.29-16.08.42:579][  0]LogConfig: Setting CVar [[r.Shadow.MaxResolution:2048]]
[2021.11.29-16.08.42:579][  0]LogConfig: Setting CVar [[r.Shadow.MaxCSMResolution:2048]]
[2021.11.29-16.08.42:579][  0]LogConfig: Setting CVar [[r.Shadow.RadiusThreshold:0.01]]
[2021.11.29-16.08.42:579][  0]LogConfig: Setting CVar [[r.Shadow.DistanceScale:1.0]]
[2021.11.29-16.08.42:579][  0]LogConfig: Setting CVar [[r.Shadow.CSM.TransitionScale:1.0]]
[2021.11.29-16.08.42:579][  0]LogConfig: Setting CVar [[r.Shadow.PreShadowResolutionFactor:1.0]]
[2021.11.29-16.08.42:579][  0]LogConfig: Setting CVar [[r.DistanceFieldShadowing:1]]
[2021.11.29-16.08.42:579][  0]LogConfig: Setting CVar [[r.DistanceFieldAO:1]]
[2021.11.29-16.08.42:579][  0]LogConfig: Setting CVar [[r.AOQuality:2]]
[2021.11.29-16.08.42:579][  0]LogConfig: Setting CVar [[r.VolumetricFog:1]]
[2021.11.29-16.08.42:579][  0]LogConfig: Setting CVar [[r.VolumetricFog.GridPixelSize:8]]
[2021.11.29-16.08.42:579][  0]LogConfig: Setting CVar [[r.VolumetricFog.GridSizeZ:128]]
[2021.11.29-16.08.42:579][  0]LogConfig: Setting CVar [[r.VolumetricFog.HistoryMissSupersampleCount:4]]
[2021.11.29-16.08.42:579][  0]LogConfig: Setting CVar [[r.LightMaxDrawDistanceScale:1]]
[2021.11.29-16.08.42:579][  0]LogConfig: Setting CVar [[r.CapsuleShadows:1]]
[2021.11.29-16.08.42:579][  0]LogConfig: Applying CVar settings from Section [PostProcessQuality@3] File [E:/ASD/FlyProject/Stole_DaVInchy/Saved/Config/Windows/Scalability.ini]
[2021.11.29-16.08.42:579][  0]LogConfig: Setting CVar [[r.MotionBlurQuality:4]]
[2021.11.29-16.08.42:579][  0]LogConfig: Setting CVar [[r.AmbientOcclusionMipLevelFactor:0.4]]
[2021.11.29-16.08.42:579][  0]LogConfig: Setting CVar [[r.AmbientOcclusionMaxQuality:100]]
[2021.11.29-16.08.42:579][  0]LogConfig: Setting CVar [[r.AmbientOcclusionLevels:-1]]
[2021.11.29-16.08.42:579][  0]LogConfig: Setting CVar [[r.AmbientOcclusionRadiusScale:1.0]]
[2021.11.29-16.08.42:579][  0]LogConfig: Setting CVar [[r.DepthOfFieldQuality:2]]
[2021.11.29-16.08.42:579][  0]LogConfig: Setting CVar [[r.RenderTargetPoolMin:400]]
[2021.11.29-16.08.42:579][  0]LogConfig: Setting CVar [[r.LensFlareQuality:2]]
[2021.11.29-16.08.42:579][  0]LogConfig: Setting CVar [[r.SceneColorFringeQuality:1]]
[2021.11.29-16.08.42:579][  0]LogConfig: Setting CVar [[r.EyeAdaptationQuality:2]]
[2021.11.29-16.08.42:579][  0]LogConfig: Setting CVar [[r.BloomQuality:5]]
[2021.11.29-16.08.42:579][  0]LogConfig: Setting CVar [[r.FastBlurThreshold:100]]
[2021.11.29-16.08.42:579][  0]LogConfig: Setting CVar [[r.Upscale.Quality:3]]
[2021.11.29-16.08.42:579][  0]LogConfig: Setting CVar [[r.Tonemapper.GrainQuantization:1]]
[2021.11.29-16.08.42:579][  0]LogConfig: Setting CVar [[r.LightShaftQuality:1]]
[2021.11.29-16.08.42:579][  0]LogConfig: Setting CVar [[r.Filter.SizeScale:1]]
[2021.11.29-16.08.42:579][  0]LogConfig: Setting CVar [[r.Tonemapper.Quality:5]]
[2021.11.29-16.08.42:579][  0]LogConfig: Setting CVar [[r.DOF.Gather.AccumulatorQuality:1        ; higher gathering accumulator quality]]
[2021.11.29-16.08.42:579][  0]LogConfig: Setting CVar [[r.DOF.Gather.PostfilterMethod:1          ; Median3x3 postfilering method]]
[2021.11.29-16.08.42:579][  0]LogConfig: Setting CVar [[r.DOF.Gather.EnableBokehSettings:0       ; no bokeh simulation when gathering]]
[2021.11.29-16.08.42:579][  0]LogConfig: Setting CVar [[r.DOF.Gather.RingCount:4                 ; medium number of samples when gathering]]
[2021.11.29-16.08.42:579][  0]LogConfig: Setting CVar [[r.DOF.Scatter.ForegroundCompositing:1    ; additive foreground scattering]]
[2021.11.29-16.08.42:579][  0]LogConfig: Setting CVar [[r.DOF.Scatter.BackgroundCompositing:2    ; additive background scattering]]
[2021.11.29-16.08.42:579][  0]LogConfig: Setting CVar [[r.DOF.Scatter.EnableBokehSettings:1      ; bokeh simulation when scattering]]
[2021.11.29-16.08.42:579][  0]LogConfig: Setting CVar [[r.DOF.Scatter.MaxSpriteRatio:0.1         ; only a maximum of 10% of scattered bokeh]]
[2021.11.29-16.08.42:579][  0]LogConfig: Setting CVar [[r.DOF.Recombine.Quality:1                ; cheap slight out of focus]]
[2021.11.29-16.08.42:579][  0]LogConfig: Setting CVar [[r.DOF.Recombine.EnableBokehSettings:0    ; no bokeh simulation on slight out of focus]]
[2021.11.29-16.08.42:579][  0]LogConfig: Setting CVar [[r.DOF.TemporalAAQuality:1                ; more stable temporal accumulation]]
[2021.11.29-16.08.42:579][  0]LogConfig: Setting CVar [[r.DOF.Kernel.MaxForegroundRadius:0.025]]
[2021.11.29-16.08.42:579][  0]LogConfig: Setting CVar [[r.DOF.Kernel.MaxBackgroundRadius:0.025]]
[2021.11.29-16.08.42:579][  0]LogConfig: Applying CVar settings from Section [TextureQuality@3] File [E:/ASD/FlyProject/Stole_DaVInchy/Saved/Config/Windows/Scalability.ini]
[2021.11.29-16.08.42:579][  0]LogConfig: Setting CVar [[r.Streaming.MipBias:0]]
[2021.11.29-16.08.42:579][  0]LogConfig: Setting CVar [[r.Streaming.AmortizeCPUToGPUCopy:0]]
[2021.11.29-16.08.42:579][  0]LogConfig: Setting CVar [[r.Streaming.MaxNumTexturesToStreamPerFrame:0]]
[2021.11.29-16.08.42:579][  0]LogConfig: Setting CVar [[r.Streaming.Boost:1]]
[2021.11.29-16.08.42:579][  0]LogConfig: Setting CVar [[r.MaxAnisotropy:8]]
[2021.11.29-16.08.42:579][  0]LogConfig: Setting CVar [[r.VT.MaxAnisotropy:8]]
[2021.11.29-16.08.42:579][  0]LogConfig: Setting CVar [[r.Streaming.LimitPoolSizeToVRAM:0]]
[2021.11.29-16.08.42:579][  0]LogConfig: Setting CVar [[r.Streaming.PoolSize:1000]]
[2021.11.29-16.08.42:579][  0]LogConfig: Setting CVar [[r.Streaming.MaxEffectiveScreenSize:0]]
[2021.11.29-16.08.42:579][  0]LogConfig: Applying CVar settings from Section [EffectsQuality@3] File [E:/ASD/FlyProject/Stole_DaVInchy/Saved/Config/Windows/Scalability.ini]
[2021.11.29-16.08.42:579][  0]LogConfig: Setting CVar [[r.TranslucencyLightingVolumeDim:64]]
[2021.11.29-16.08.42:579][  0]LogConfig: Setting CVar [[r.RefractionQuality:2]]
[2021.11.29-16.08.42:579][  0]LogConfig: Setting CVar [[r.SSR.Quality:3]]
[2021.11.29-16.08.42:579][  0]LogConfig: Setting CVar [[r.SSR.HalfResSceneColor:0]]
[2021.11.29-16.08.42:579][  0]LogConfig: Setting CVar [[r.SceneColorFormat:4]]
[2021.11.29-16.08.42:579][  0]LogConfig: Setting CVar [[r.DetailMode:2]]
[2021.11.29-16.08.42:579][  0]LogConfig: Setting CVar [[r.TranslucencyVolumeBlur:1]]
[2021.11.29-16.08.42:579][  0]LogConfig: Setting CVar [[r.MaterialQualityLevel:1 ; High quality]]
[2021.11.29-16.08.42:579][  0]LogConfig: Setting CVar [[r.AnisotropicMaterials:1]]
[2021.11.29-16.08.42:579][  0]LogConfig: Setting CVar [[r.SSS.Scale:1]]
[2021.11.29-16.08.42:579][  0]LogConfig: Setting CVar [[r.SSS.SampleSet:2]]
[2021.11.29-16.08.42:579][  0]LogConfig: Setting CVar [[r.SSS.Quality:1]]
[2021.11.29-16.08.42:579][  0]LogConfig: Setting CVar [[r.SSS.HalfRes:0]]
[2021.11.29-16.08.42:579][  0]LogConfig: Setting CVar [[r.SSGI.Quality:3]]
[2021.11.29-16.08.42:579][  0]LogConfig: Setting CVar [[r.EmitterSpawnRateScale:1.0]]
[2021.11.29-16.08.42:579][  0]LogConfig: Setting CVar [[r.ParticleLightQuality:2]]
[2021.11.29-16.08.42:579][  0]LogConfig: Setting CVar [[r.SkyAtmosphere.AerialPerspectiveLUT.FastApplyOnOpaque:1 ; Always have FastSkyLUT 1 in this case to avoid wrong sky]]
[2021.11.29-16.08.42:579][  0]LogConfig: Setting CVar [[r.SkyAtmosphere.AerialPerspectiveLUT.SampleCountMaxPerSlice:4]]
[2021.11.29-16.08.42:579][  0]LogConfig: Setting CVar [[r.SkyAtmosphere.AerialPerspectiveLUT.DepthResolution:16.0]]
[2021.11.29-16.08.42:579][  0]LogConfig: Setting CVar [[r.SkyAtmosphere.FastSkyLUT:1]]
[2021.11.29-16.08.42:580][  0]LogConfig: Setting CVar [[r.SkyAtmosphere.FastSkyLUT.SampleCountMin:4.0]]
[2021.11.29-16.08.42:580][  0]LogConfig: Setting CVar [[r.SkyAtmosphere.FastSkyLUT.SampleCountMax:128.0]]
[2021.11.29-16.08.42:580][  0]LogConfig: Setting CVar [[r.SkyAtmosphere.SampleCountMin:4.0]]
[2021.11.29-16.08.42:580][  0]LogConfig: Setting CVar [[r.SkyAtmosphere.SampleCountMax:128.0]]
[2021.11.29-16.08.42:580][  0]LogConfig: Setting CVar [[r.SkyAtmosphere.TransmittanceLUT.UseSmallFormat:0]]
[2021.11.29-16.08.42:580][  0]LogConfig: Setting CVar [[r.SkyAtmosphere.TransmittanceLUT.SampleCount:10.0]]
[2021.11.29-16.08.42:580][  0]LogConfig: Setting CVar [[r.SkyAtmosphere.MultiScatteringLUT.SampleCount:15.0]]
[2021.11.29-16.08.42:580][  0]LogConfig: Setting CVar [[r.SkyLight.RealTimeReflectionCapture:1]]
[2021.11.29-16.08.42:580][  0]LogConfig: Applying CVar settings from Section [FoliageQuality@3] File [E:/ASD/FlyProject/Stole_DaVInchy/Saved/Config/Windows/Scalability.ini]
[2021.11.29-16.08.42:580][  0]LogConfig: Setting CVar [[foliage.DensityScale:1.0]]
[2021.11.29-16.08.42:580][  0]LogConfig: Setting CVar [[grass.DensityScale:1.0]]
[2021.11.29-16.08.42:580][  0]LogConfig: Applying CVar settings from Section [ShadingQuality@3] File [E:/ASD/FlyProject/Stole_DaVInchy/Saved/Config/Windows/Scalability.ini]
[2021.11.29-16.08.42:580][  0]LogConfig: Setting CVar [[r.HairStrands.SkyLighting.IntegrationType:2]]
[2021.11.29-16.08.42:580][  0]LogConfig: Setting CVar [[r.HairStrands.SkyAO.SampleCount:4]]
[2021.11.29-16.08.42:580][  0]LogConfig: Setting CVar [[r.HairStrands.Visibility.MSAA.SamplePerPixel:4]]
[2021.11.29-16.08.42:580][  0]LogConfig: Applying CVar settings from Section [Startup] File [../../../Engine/Config/ConsoleVariables.ini]
[2021.11.29-16.08.42:580][  0]LogConfig: Setting CVar [[net.UseAdaptiveNetUpdateFrequency:0]]
[2021.11.29-16.08.42:580][  0]LogConfig: Setting CVar [[p.chaos.AllowCreatePhysxBodies:1]]
[2021.11.29-16.08.42:580][  0]LogConfig: Setting CVar [[fx.SkipVectorVMBackendOptimizations:1]]
[2021.11.29-16.08.42:580][  0]LogConfig: Applying CVar settings from Section [ConsoleVariables] File [E:/ASD/FlyProject/Stole_DaVInchy/Saved/Config/Windows/Engine.ini]
[2021.11.29-16.08.42:580][  0]LogConfig: Applying CVar settings from Section [ConsoleVariables] File [E:/ASD/FlyProject/Stole_DaVInchy/Saved/Config/Windows/Editor.ini]
[2021.11.29-16.08.42:580][  0]LogInit: Computer: DESKTOP-QARVD59
[2021.11.29-16.08.42:580][  0]LogInit: User: игорь
[2021.11.29-16.08.42:580][  0]LogInit: CPU Page size=4096, Cores=6
[2021.11.29-16.08.42:580][  0]LogInit: High frequency timer resolution =10.000000 MHz
[2021.11.29-16.08.42:580][  0]LogMemory: Memory total: Physical=15.9GB (16GB approx)
[2021.11.29-16.08.42:580][  0]LogMemory: Platform Memory Stats for Windows
[2021.11.29-16.08.42:580][  0]LogMemory: Process Physical Memory: 146.69 MB used, 146.69 MB peak
[2021.11.29-16.08.42:580][  0]LogMemory: Process Virtual Memory: 118.09 MB used, 118.09 MB peak
[2021.11.29-16.08.42:580][  0]LogMemory: Physical Memory: 11137.59 MB used,  5195.17 MB free, 16332.76 MB total
[2021.11.29-16.08.42:580][  0]LogMemory: Virtual Memory: 134214376.00 MB used,  3353.50 MB free, 134217728.00 MB total
[2021.11.29-16.08.42:587][  0]LogWindows: WindowsPlatformFeatures enabled
[2021.11.29-16.08.42:623][  0]LogInit: Physics initialised using underlying interface: PhysX
[2021.11.29-16.08.42:623][  0]LogInit: Using OS detected language (en-US).
[2021.11.29-16.08.42:623][  0]LogInit: Using OS detected locale (en-US).
[2021.11.29-16.08.42:625][  0]LogTextLocalizationManager: No specific localization for 'en-US' exists, so the 'en' localization will be used.
[2021.11.29-16.08.42:863][  0]LogWindowsTextInputMethodSystem: Display: IME system deactivated.
[2021.11.29-16.08.42:886][  0]LogSlate: New Slate User Created.  User Index 0, Is Virtual User: 0
[2021.11.29-16.08.42:886][  0]LogSlate: Slate User Registered.  User Index 0, Is Virtual User: 0
[2021.11.29-16.08.42:900][  0]LogD3D11RHI: Loaded GFSDK_Aftermath_Lib.x64.dll
[2021.11.29-16.08.42:902][  0]LogHMD: Failed to initialize OpenVR with code 110
[2021.11.29-16.08.42:903][  0]LogD3D11RHI: D3D11 min allowed feature level: 11_0
[2021.11.29-16.08.42:903][  0]LogD3D11RHI: D3D11 max allowed feature level: 11_0
[2021.11.29-16.08.42:903][  0]LogD3D11RHI: D3D11 adapters:
[2021.11.29-16.08.42:991][  0]LogD3D11RHI:    0. 'NVIDIA GeForce GTX 960' (Feature Level 11_0)
[2021.11.29-16.08.42:991][  0]LogD3D11RHI:       4053/0/8166 MB DedicatedVideo/DedicatedSystem/SharedSystem, Outputs:1, VendorId:0x10de
[2021.11.29-16.08.42:993][  0]LogD3D11RHI:    1. 'Microsoft Basic Render Driver' (Feature Level 11_0)
[2021.11.29-16.08.42:993][  0]LogD3D11RHI:       0/0/8166 MB DedicatedVideo/DedicatedSystem/SharedSystem, Outputs:0, VendorId:0x1414
[2021.11.29-16.08.42:993][  0]LogD3D11RHI: Chosen D3D11 Adapter:
[2021.11.29-16.08.42:993][  0]LogD3D11RHI:     Description : NVIDIA GeForce GTX 960
[2021.11.29-16.08.42:993][  0]LogD3D11RHI:     VendorId    : 10de
[2021.11.29-16.08.42:993][  0]LogD3D11RHI:     DeviceId    : 1401
[2021.11.29-16.08.42:993][  0]LogD3D11RHI:     SubSysId    : 10de
[2021.11.29-16.08.42:993][  0]LogD3D11RHI:     Revision    : 00a1
[2021.11.29-16.08.42:993][  0]LogD3D11RHI:     DedicatedVideoMemory : 4250271744 bytes
[2021.11.29-16.08.42:993][  0]LogD3D11RHI:     DedicatedSystemMemory : 0 bytes
[2021.11.29-16.08.42:993][  0]LogD3D11RHI:     SharedSystemMemory : 8563068928 bytes
[2021.11.29-16.08.42:993][  0]LogD3D11RHI:     AdapterLuid : 0 62706
[2021.11.29-16.08.43:001][  0]LogD3D11RHI: Creating new Direct3DDevice
[2021.11.29-16.08.43:001][  0]LogD3D11RHI:     GPU DeviceId: 0x1401 (for the marketing name, search the web for "GPU Device Id")
[2021.11.29-16.08.43:001][  0]LogWindows: EnumDisplayDevices:
[2021.11.29-16.08.43:001][  0]LogWindows:    0. 'NVIDIA GeForce GTX 960' (P:1 D:1)
[2021.11.29-16.08.43:001][  0]LogWindows:    1. 'NVIDIA GeForce GTX 960' (P:0 D:0)
[2021.11.29-16.08.43:002][  0]LogWindows:    2. 'NVIDIA GeForce GTX 960' (P:0 D:0)
[2021.11.29-16.08.43:002][  0]LogWindows:    3. 'NVIDIA GeForce GTX 960' (P:0 D:0)
[2021.11.29-16.08.43:002][  0]LogWindows: DebugString: FoundDriverCount:4 
[2021.11.29-16.08.43:002][  0]LogD3D11RHI:     Adapter Name: NVIDIA GeForce GTX 960
[2021.11.29-16.08.43:002][  0]LogD3D11RHI:   Driver Version: 496.49 (internal:30.0.14.9649, unified:496.49)
[2021.11.29-16.08.43:002][  0]LogD3D11RHI:      Driver Date: 10-20-2021
[2021.11.29-16.08.43:002][  0]LogRHI: Texture pool is 2837 MB (70% of 4053 MB)
[2021.11.29-16.08.43:002][  0]LogD3D11RHI: Creating D3DDevice using adapter:
[2021.11.29-16.08.43:002][  0]LogD3D11RHI:     Description : NVIDIA GeForce GTX 960
[2021.11.29-16.08.43:002][  0]LogD3D11RHI:     VendorId    : 10de
[2021.11.29-16.08.43:002][  0]LogD3D11RHI:     DeviceId    : 1401
[2021.11.29-16.08.43:002][  0]LogD3D11RHI:     SubSysId    : 10de
[2021.11.29-16.08.43:002][  0]LogD3D11RHI:     Revision    : 00a1
[2021.11.29-16.08.43:002][  0]LogD3D11RHI:     DedicatedVideoMemory : 4250271744 bytes
[2021.11.29-16.08.43:002][  0]LogD3D11RHI:     DedicatedSystemMemory : 0 bytes
[2021.11.29-16.08.43:002][  0]LogD3D11RHI:     SharedSystemMemory : 8563068928 bytes
[2021.11.29-16.08.43:002][  0]LogD3D11RHI:     AdapterLuid : 0 62706
[2021.11.29-16.08.43:058][  0]LogD3D11RHI: RHI has support for 64 bit atomics
[2021.11.29-16.08.43:058][  0]LogD3D11RHI: Async texture creation enabled
[2021.11.29-16.08.43:058][  0]LogD3D11RHI: Array index from any shader is supported
[2021.11.29-16.08.43:078][  0]LogD3D11RHI: GPU Timing Frequency: 1000.000000 (Debug: 2 1)
[2021.11.29-16.08.43:102][  0]LogRHI: GeForceNow SDK initialized: 1
[2021.11.29-16.08.43:357][  0]LogTargetPlatformManager: Display: Loaded TargetPlatform 'WindowsNoEditor'
[2021.11.29-16.08.43:361][  0]LogTargetPlatformManager: Display: Loaded TargetPlatform 'Windows'
[2021.11.29-16.08.43:365][  0]LogTargetPlatformManager: Display: Loaded TargetPlatform 'WindowsClient'
[2021.11.29-16.08.43:370][  0]LogTargetPlatformManager: Display: Loaded TargetPlatform 'WindowsServer'
[2021.11.29-16.08.43:370][  0]LogTargetPlatformManager: Display: Building Assets For Windows
[2021.11.29-16.08.43:376][  0]LogAudioDebug: Display: Lib vorbis DLL was dynamically loaded.
[2021.11.29-16.08.43:401][  0]LogTextureFormatOodle: Display: Oodle Texture 2.9.0 init RDO Off
[2021.11.29-16.08.43:424][  0]LogRendererCore: Ray tracing is disabled. Reason: r.RayTracing=0.
[2021.11.29-16.08.43:424][  0]LogShaderCompilers: Guid format shader working directory is 4 characters bigger than the processId version (../../../../ASD/FlyProject/Stole_DaVInchy/Intermediate/Shaders/WorkingDirectory/22888/).
[2021.11.29-16.08.43:424][  0]LogShaderCompilers: Cleaned the shader compiler working directory 'C:/Users/игорь/AppData/Local/Temp/UnrealShaderWorkingDir/18CD59D84100A38120FE82887EF23DBC/'.
[2021.11.29-16.08.43:425][  0]LogXGEController: Cannot use XGE Controller as Incredibuild is not installed on this machine.
[2021.11.29-16.08.43:425][  0]LogShaderCompilers: Cannot use XGE Shader Compiler as Incredibuild is not installed on this machine.
[2021.11.29-16.08.43:425][  0]LogShaderCompilers: Display: Using Local Shader Compiler.
[2021.11.29-16.08.44:094][  0]LogDerivedDataCache: Display: Max Cache Size: 512 MB
[2021.11.29-16.08.44:155][  0]LogDerivedDataCache: Loaded boot cache 0.06s 94MB C:/Users/игорь/AppData/Local/UnrealEngine/4.27/DerivedDataCache/Boot.ddc.
[2021.11.29-16.08.44:155][  0]LogDerivedDataCache: Display: Loaded Boot cache: C:/Users/игорь/AppData/Local/UnrealEngine/4.27/DerivedDataCache/Boot.ddc
[2021.11.29-16.08.44:155][  0]LogDerivedDataCache: FDerivedDataBackendGraph:  Pak pak cache file ../../../../ASD/FlyProject/Stole_DaVInchy/DerivedDataCache/DDC.ddp not found, will not use a pak cache.
[2021.11.29-16.08.44:155][  0]LogDerivedDataCache: Unable to find inner node Pak for hierarchical cache Hierarchy.
[2021.11.29-16.08.44:155][  0]LogDerivedDataCache: FDerivedDataBackendGraph:  CompressedPak pak cache file ../../../../ASD/FlyProject/Stole_DaVInchy/DerivedDataCache/Compressed.ddp not found, will not use a pak cache.
[2021.11.29-16.08.44:155][  0]LogDerivedDataCache: Unable to find inner node CompressedPak for hierarchical cache Hierarchy.
[2021.11.29-16.08.44:173][  0]LogDerivedDataCache: Display: Pak cache opened for reading ../../../Engine/DerivedDataCache/Compressed.ddp.
[2021.11.29-16.08.44:173][  0]LogDerivedDataCache: FDerivedDataBackendGraph:  EnterprisePak pak cache file ../../../Enterprise/DerivedDataCache/Compressed.ddp not found, will not use a pak cache.
[2021.11.29-16.08.44:173][  0]LogDerivedDataCache: Unable to find inner node EnterprisePak for hierarchical cache Hierarchy.
[2021.11.29-16.08.44:199][  0]LogDerivedDataCache: Speed tests for C:/Users/игорь/AppData/Local/UnrealEngine/Common/DerivedDataCache took 0.03 seconds
[2021.11.29-16.08.44:199][  0]LogDerivedDataCache: Display: Performance to C:/Users/игорь/AppData/Local/UnrealEngine/Common/DerivedDataCache: Latency=0.03ms. RandomReadSpeed=1411.83MBs, RandomWriteSpeed=37.14MBs. Assigned SpeedClass 'Local'
[2021.11.29-16.08.44:200][  0]LogDerivedDataCache: Using Local data cache path C:/Users/игорь/AppData/Local/UnrealEngine/Common/DerivedDataCache: Writable
[2021.11.29-16.08.44:201][  0]LogDerivedDataCache: Shared data cache path not found in *engine.ini, will not use an Shared cache.
[2021.11.29-16.08.44:201][  0]LogDerivedDataCache: Unable to find inner node Shared for hierarchical cache Hierarchy.
[2021.11.29-16.08.44:235][  0]LogSlate: Using FreeType 2.10.0
[2021.11.29-16.08.44:235][  0]LogSlate: SlateFontServices - WITH_FREETYPE: 1, WITH_HARFBUZZ: 1
[2021.11.29-16.08.44:313][  0]LogInit: Using OS detected language (en-US).
[2021.11.29-16.08.44:313][  0]LogInit: Using OS detected locale (en-US).
[2021.11.29-16.08.44:313][  0]LogTextLocalizationManager: No localization for 'en-US' exists, so 'en' will be used for the language.
[2021.11.29-16.08.44:313][  0]LogTextLocalizationManager: No localization for 'en-US' exists, so 'en' will be used for the locale.
[2021.11.29-16.08.44:314][  0]LogSlate: FontCache flush requested. Reason: Culture for localization was changed
[2021.11.29-16.08.44:314][  0]LogSlate: FontCache flush requested. Reason: Culture for localization was changed
[2021.11.29-16.08.44:317][  0]LogTextLocalizationManager: Compacting localization data took   0.00ms
[2021.11.29-16.08.44:317][  0]LogAssetRegistry: FAssetRegistry took 0.0019 seconds to start up
[2021.11.29-16.08.44:479][  0]LogPackageLocalizationCache: Processed 28 localized package path(s) for 1 prioritized culture(s) in 0.000837 seconds
[2021.11.29-16.08.44:537][  0]LogInit: Selected Device Profile: [Windows]
[2021.11.29-16.08.44:537][  0]LogInit: Active device profile: [00000244F602FD00][00000244F08E6340 49] Windows
[2021.11.29-16.08.44:537][  0]LogInit: Profiles: [00000244F602FD00][00000244F08E6340 49] Windows, [00000244F6038400][00000244F08EE4C0 49] WindowsNoEditor, [00000244F602C400][00000244F08F2640 49] WindowsServer, [00000244F6039D00][00000244F08F67C0 49] WindowsClient, [00000244F602F400][00000244F08FA940 49] IOS, [00000244F6038E00][00000244F08FEAC0 49] iPadAir, [00000244F602CD00][00000244F0902C40 49] iPadAir2, [00000244F5FEC400][00000244F090AF00 49] IPadPro, [00000244F5FEC500][00000244F0906F40 49] iPadAir3, [00000244F602F500][00000244F090F0C0 49] iPadAir4, [00000244F5FEF900][00000244F0913240 49] iPadMini2, [00000244F602D200][00000244F07B13C0 49] iPadMini3, [00000244F5FED400][00000244F07B5540 49] iPadMini4, [00000244F602E700][00000244F07B96C0 49] iPadMini5, [00000244F5FEBC00][00000244F07BD900 49] iPhone6, [00000244F5FEBD00][00000244F08EB940 49] iPodTouch6, [00000244F5FEF300][00000244F07C9BC0 49] iPhone7, [00000244F5FEF200][00000244F07C1C00 49] iPodTouch7, [00000244F5FE8900][00000244F07CC200 49] iPhone5S, [00000244F5FEE800][00000244F07D0380 49] iPhone6Plus, [00000244F5FEB000][00000244F07D4500 49] iPhone6S, [00000244F5FEFD00][00000244F07D8680 49] iPhone6SPlus, [00000244F5FE9100][00000244F07DC800 49] iPhone7Plus, [00000244F5FEE400][00000244F07E0980 49] iPhoneSE, [00000244F5FEA800][00000244F07E4B00 49] iPhone8, [00000244F5FED900][00000244F07E8C80 49] iPhone8Plus, [00000244F5FE9900][00000244F07ECE00 49] iPhoneX, [00000244F5FEFB00][00000244F07F0F80 49] iPhoneXS, [00000244F5FEA000][00000244F07F5100 49] iPhoneXSMax, [00000244F5FEEE00][00000244F460D280 49] iPhoneXR, [00000244F5FE9D00][00000244F4611400 49] iPhone11, [00000244F5FED300][00000244F4615580 49] iPhone11Pro, [00000244F5FEBF00][00000244F4619700 49] iPhone11ProMax, [00000244F5FEC600][00000244F461D880 49] iPhoneSE2, [00000244F5FE8200][00000244F07C59C0 49] iPhone12Mini, [00000244F5FED600][00000244F4621B00 49] iPhone12, [00000244F5FE9000][00000244F46240C0 49] iPhone12Pro, [00000244F5FEDF00][00000244F462C240 49] iPhone12ProMax, [00000244F5FE9400][00000244F46303C0 49] iPadPro105, [00000244F5FEF000][00000244F4634540 49] iPadPro129, [00000244F5FE9600][00000244F46386C0 49] iPadPro97, [00000244F5FECC00][00000244F463C840 49] iPadPro2_129, [00000244F5FEA700][00000244F46409C0 49] iPad5, [00000244F5FEFE00][00000244F4644B40 49] iPad6, [00000244F5FEB800][00000244F4648CC0 49] iPad7, [00000244F5FEEC00][00000244F464CE40 49] iPad8, [00000244F5FE9800][00000244F4650FC0 49] iPadPro11, [00000244F5FEE100][00000244F4655140 49] iPadPro2_11, [00000244F5FEB900][00000244F117F2C0 49] iPadPro3_129, [00000244F5FEF400][00000244F1183440 49] iPadPro4_129, [00000244F5FEAC00][00000244F11875C0 49] AppleTV, [00000244F5FEF700][00000244F118B740 49] AppleTV4K, [00000244F5FE9C00][00000244F118F8C0 49] TVOS, [00000244F5FEE700][00000244F1193A40 49] Mac, [00000244F5FE9B00][00000244F4629B80 49] MacClient, [00000244F5FEED00][00000244F1196140 49] MacNoEditor, [00000244F5FEB400][00000244F119A280 49] MacServer, [00000244F5FECF00][00000244F119E3C0 49] Linux, [00000244F5FEB600][00000244F11A6540 49] LinuxAArch64, [00000244F5FEC100][00000244F11AA6C0 49] LinuxNoEditor, [00000244F5FEA600][00000244F11AE840 49] LinuxAArch64NoEditor, [00000244F5FEDD00][00000244F11B29C0 49] LinuxClient, [00000244F5FEBE00][00000244F11B6B40 49] LinuxAArch64Client, [00000244F5FEDC00][00000244F11BACC0 49] LinuxServer, [00000244F5FE8B00][00000244F11BEE40 49] LinuxAArch64Server, [00000244F5FEC700][00000244F11C2FC0 49] Android, [00000244F6039E00][00000244F11C7140 49] Android_Low, [00000244F60D4100][00000244F11CB2C0 49] Android_Mid, [00000244F6038200][00000244F11CF440 49] Android_High, [00000244F60D4B00][00000244F11D35C0 49] Android_Default, [00000244F603B300][00000244F11D7740 49] Android_Adreno4xx, [00000244F60D5C00][00000244F11DB8C0 49] Android_Adreno5xx_Low, [00000244F603A900][00000244F11DFA40 49] Android_Adreno5xx, [00000244F60D6300][00000244F11E3BC0 49] Android_Adreno6xx, [00000244F6038100][00000244F11A2180 49] Android_Adreno6xx_Vulkan, [00000244F60D5000][00000244F11E62C0 49] Android_Mali_T6xx, [00000244F603B800][00000244F11EA400 49] Android_Mali_T7xx, [00000244F60D5400][00000244F11EE540 49] Android_Mali_T8xx, [00000244F603BB00][00000244F11F66C0 49] Android_Mali_G71, [00000244F60D4F00][00000244F11FA840 49] Android_Mali_G72, [00000244F6039700][00000244F11FE9C0 49] Android_Mali_G72_Vulkan, [00000244F60D5800][00000244F1202B40 49] Android_Mali_G76, [00000244F6038900][00000244F1206CC0 49] Android_Mali_G76_Vulkan, [00000244F60D4600][00000244F120AE40 49] Android_Mali_G77, [00000244F603A500][00000244F120EFC0 49] Android_Mali_G77_Vulkan, [00000244F60D6A00][00000244F1213140 49] Android_Mali_G78, [00000244F6038700][00000244F12172C0 49] Android_Mali_G78_Vulkan, [00000244F60D6700][00000244F121B440 49] Android_Mali_G710, [00000244F6038C00][00000244F121F5C0 49] Android_Mali_G710_Vulkan, [00000244F60D5F00][00000244F1223740 49] Android_Vulkan_SM5, [00000244F6038F00][00000244F12278C0 49] Android_PowerVR_G6xxx, [00000244F60D4700][00000244F122BA40 49] Android_PowerVR_GT7xxx, [00000244F603AB00][00000244F122FBC0 49] Android_PowerVR_GE8xxx, [00000244F60D4400][00000244F12321C0 49] Android_PowerVR_GM9xxx, [00000244F5FED200][00000244F1236340 49] Android_PowerVR_GM9xxx_Vulkan, [00000244F60D4D00][00000244F11F2480 49] Android_TegraK1, [00000244F5FEE900][00000244F123A5C0 49] Android_Unknown_Vulkan, [00000244F60D4500][00000244F123E700 49] Lumin, [00000244F5FEF800][00000244F1246880 49] Lumin_Desktop, [00000244F60D4A00][00000244F124AA00 49] HoloLens, 
[2021.11.29-16.08.44:570][  0]LogMeshReduction: Using QuadricMeshReduction for automatic static mesh reduction
[2021.11.29-16.08.44:570][  0]LogMeshReduction: Using SimplygonMeshReduction for automatic skeletal mesh reduction
[2021.11.29-16.08.44:570][  0]LogMeshReduction: Using ProxyLODMeshReduction for automatic mesh merging
[2021.11.29-16.08.44:570][  0]LogMeshReduction: No distributed automatic mesh merging module available
[2021.11.29-16.08.44:570][  0]LogMeshMerging: No distributed automatic mesh merging module available
[2021.11.29-16.08.44:660][  0]LogNetVersion: Stole_DaVInchy 1.0.0, NetCL: 17155196, EngineNetVer: 17, GameNetVer: 0 (Checksum: 1287528301)
[2021.11.29-16.08.44:867][  0]LogTexture: Default maximum texture size for cubemaps generated from long-lat sources has been changed from 512 to unlimited. In order to preserve old behaiour for '/Engine/MapTemplates/Sky/DaylightAmbientCubemap.DaylightAmbientCubemap', its maximum texture size has been explicitly set to 512.
[2021.11.29-16.08.44:918][  0]LogHMD: PokeAHoleMaterial loaded successfully
[2021.11.29-16.08.45:001][  0]LogMoviePlayer: Initializing movie player
[2021.11.29-16.08.45:090][  0]LogPython: Using Python 3.7.7
[2021.11.29-16.08.45:530][  0]LogNiagaraDebuggerClient: Niagara Debugger Client Initialized | Session: B58133FF4B9DAF638A4A53BC1A6405AF | Instance: 142698124848774EF8231C8408E648CB (DESKTOP-QARVD59-22888).
[2021.11.29-16.08.45:548][  0]LogCollectionManager: Loaded 0 collections in 0.000691 seconds
[2021.11.29-16.08.45:551][  0]LogFileCache: Scanning file cache for directory 'E:/ASD/FlyProject/Stole_DaVInchy/Saved/Collections/' took 0.00s
[2021.11.29-16.08.45:551][  0]LogFileCache: Scanning file cache for directory 'E:/ASD/FlyProject/Stole_DaVInchy/Content/Developers/игорь/Collections/' took 0.00s
[2021.11.29-16.08.45:551][  0]LogFileCache: Scanning file cache for directory 'E:/ASD/FlyProject/Stole_DaVInchy/Content/Collections/' took 0.00s
[2021.11.29-16.08.45:551][  0]LogCollectionManager: Fixed up redirectors for 0 collections in 0.000002 seconds (updated 0 objects)
[2021.11.29-16.08.45:668][  0]LogImageWrapper: Warning: PNG Warning: Duplicate iCCP chunk
[2021.11.29-16.08.45:668][  0]LogImageWrapper: Warning: PNG Warning: Duplicate iCCP chunk
[2021.11.29-16.08.45:668][  0]LogTcpMessaging: Initializing TcpMessaging bridge
[2021.11.29-16.08.45:671][  0]LogUdpMessaging: Initializing bridge on interface 0.0.0.0:0 to multicast group 230.0.0.1:6666.
[2021.11.29-16.08.45:796][  0]LogOpenImageDenoise: OIDN starting up
[2021.11.29-16.08.45:826][  0]LogAndroidPermission: UAndroidPermissionCallbackProxy::GetInstance
[2021.11.29-16.08.45:844][  0]LogAudioCaptureCore: Display: No Audio Capture implementations found. Audio input will be silent.
[2021.11.29-16.08.45:844][  0]LogAudioCaptureCore: Display: No Audio Capture implementations found. Audio input will be silent.
[2021.11.29-16.08.45:901][  0]SourceControl: Source control is disabled
[2021.11.29-16.08.45:901][  0]SourceControl: Source control is disabled
[2021.11.29-16.08.45:904][  0]SourceControl: Source control is disabled
[2021.11.29-16.08.45:910][  0]LogUProjectInfo: Found projects:
[2021.11.29-16.08.45:931][  0]LogOcInput: OculusInput pre-init called
[2021.11.29-16.08.45:941][  0]LogUObjectArray: 22121 objects as part of root set at end of initial load.
[2021.11.29-16.08.45:941][  0]LogUObjectAllocator: 5975440 out of 0 bytes used by permanent object pool.
[2021.11.29-16.08.45:941][  0]LogUObjectArray: CloseDisregardForGC: 0/0 objects in disregard for GC pool
[2021.11.29-16.08.45:989][  0]LogEngine: Initializing Engine...
[2021.11.29-16.08.45:991][  0]LogHMD: Failed to enumerate extensions. Please check that you have a valid OpenXR runtime installed.
[2021.11.29-16.08.45:991][  0]LogHMD: Failed to initialize OpenVR with code 110
[2021.11.29-16.08.45:991][  0]LogMagicLeap: Warning: VR disabled because ZI is not enabled.  To enable, in the editor, Edit -> Project Settings -> Plugins -> Magic Leap Plugin -> Enable Zero Iteration
[2021.11.29-16.08.45:992][  0]LogStats: UGameplayTagsManager::InitializeManager -  0.000 s
[2021.11.29-16.08.46:092][  0]LogInit: Initializing FReadOnlyCVARCache
[2021.11.29-16.08.46:092][  0]LogAudio: Display: Initializing Audio Device Manager...
[2021.11.29-16.08.46:095][  0]LogAudio: Display: Loading Default Audio Settings Objects...
[2021.11.29-16.08.46:096][  0]LogAudio: Display: No default SoundConcurrencyObject specified (or failed to load).
[2021.11.29-16.08.46:097][  0]LogAudio: Display: Audio Device Manager Initialized
[2021.11.29-16.08.46:097][  0]LogAudio: Display: Creating Audio Device:                 Id: 1, Scope: Shared, Realtime: True
[2021.11.29-16.08.46:097][  0]LogAudioMixer: Display: Audio Mixer Platform Settings:
[2021.11.29-16.08.46:097][  0]LogAudioMixer: Display: 	Sample Rate:						  48000
[2021.11.29-16.08.46:097][  0]LogAudioMixer: Display: 	Callback Buffer Frame Size Requested: 1024
[2021.11.29-16.08.46:097][  0]LogAudioMixer: Display: 	Callback Buffer Frame Size To Use:	  1024
[2021.11.29-16.08.46:097][  0]LogAudioMixer: Display: 	Number of buffers to queue:			  2
[2021.11.29-16.08.46:097][  0]LogAudioMixer: Display: 	Max Channels (voices):				  32
[2021.11.29-16.08.46:097][  0]LogAudioMixer: Display: 	Number of Async Source Workers:		  0
[2021.11.29-16.08.46:097][  0]LogAudio: Display: AudioDevice MaxSources: 32
[2021.11.29-16.08.46:097][  0]LogAudio: Display: Audio Spatialization Plugin: None (built-in).
[2021.11.29-16.08.46:097][  0]LogAudio: Display: Audio Reverb Plugin: None (built-in).
[2021.11.29-16.08.46:097][  0]LogAudio: Display: Audio Occlusion Plugin: None (built-in).
[2021.11.29-16.08.46:097][  0]LogAudioMixer: Display: Initializing audio mixer.
[2021.11.29-16.08.46:110][  0]LogAudioMixer: Display: 0: FrontLeft
[2021.11.29-16.08.46:110][  0]LogAudioMixer: Display: 1: FrontRight
[2021.11.29-16.08.46:132][  0]LogAudioMixer: Display: Using Audio Device Динамики (2- Realtek(R) Audio)
[2021.11.29-16.08.46:133][  0]LogAudioMixer: Display: Initializing Sound Submixes...
[2021.11.29-16.08.46:135][  0]LogAudioMixer: Display: Creating Master Submix 'MasterSubmixDefault'
[2021.11.29-16.08.46:135][  0]LogAudioMixer: Display: Creating Master Submix 'MasterReverbSubmixDefault'
[2021.11.29-16.08.46:136][  0]LogAudioMixer: Display: Creating Master Submix 'MasterEQSubmixDefault'
[2021.11.29-16.08.46:136][  0]LogAudioMixer: FMixerPlatformXAudio2::StartAudioStream() called
[2021.11.29-16.08.46:136][  0]LogAudioMixer: Display: Output buffers initialized: Frames=1024, Channels=2, Samples=2048
[2021.11.29-16.08.46:137][  0]LogAudioMixer: Display: Starting AudioMixerPlatformInterface::RunInternal()
[2021.11.29-16.08.46:137][  0]LogAudioMixer: Display: FMixerPlatformXAudio2::SubmitBuffer() called for the first time
[2021.11.29-16.08.46:137][  0]LogInit: FAudioDevice initialized.
[2021.11.29-16.08.46:139][  0]LogNetVersion: Set ProjectVersion to 1.0.0.0. Version Checksum will be recalculated on next use.
[2021.11.29-16.08.46:143][  0]LogInit: Texture streaming: Enabled
[2021.11.29-16.08.46:198][  0]LogAudio: Display: Audio Device (ID: 1) registered with world 'Untitled'.
[2021.11.29-16.08.46:198][  0]LogSlate: Updating window title bar state: overlay mode, drag disabled, window buttons hidden, title bar hidden
[2021.11.29-16.08.46:199][  0]LogInit: Display: Game Engine Initialized.
[2021.11.29-16.08.46:199][  0]LogNiagaraEditor: GEditor isn't valid! Particle reset commands will not work for Niagara components!
[2021.11.29-16.08.46:303][  0]LogImageWrapper: Warning: PNG Warning: Duplicate iCCP chunk
[2021.11.29-16.08.46:303][  0]LogImageWrapper: Warning: PNG Warning: Duplicate iCCP chunk
[2021.11.29-16.08.46:303][  0]LogInit: Display: Starting Game.
[2021.11.29-16.08.46:304][  0]LogNet: Browse: /Game/FirstPersonBP/Maps/mainMap?Name=Player
[2021.11.29-16.08.46:304][  0]LogLoad: LoadMap: /Game/FirstPersonBP/Maps/mainMap?Name=Player
[2021.11.29-16.08.46:304][  0]LogWorld: BeginTearingDown for /Temp/Untitled_0
[2021.11.29-16.08.46:305][  0]LogWorld: UWorld::CleanupWorld for Untitled, bSessionEnded=true, bCleanupResources=true
[2021.11.29-16.08.46:306][  0]LogSlate: InvalidateAllWidgets triggered.  All widgets were invalidated
[2021.11.29-16.08.46:310][  0]LogAudio: Display: Audio Device unregistered from world 'None'.
[2021.11.29-16.08.46:312][  0]LogUObjectHash: Compacting FUObjectHashTables data took   0.83ms
[2021.11.29-16.08.46:429][  0]LogAudio: Display: Audio Device (ID: 1) registered with world 'mainMap'.
[2021.11.29-16.08.46:436][  0]LogAIModule: Creating AISystem for world mainMap
[2021.11.29-16.08.47:074][  0]LogLoad: Game class is 'FirstPersonGameMode_C'
[2021.11.29-16.08.47:075][  0]LogMaterial: Warning: Material /Game/Map/Models/woodBark.woodBark missing bUsedWithInstancedStaticMeshes=True! Default Material will be used in game.
[2021.11.29-16.08.47:075][  0]LogMaterial: Had to pass SMU back to game thread. Please ensure correct material usage flags.
[2021.11.29-16.08.47:075][  0]LogMaterial: Had to pass SMU back to game thread. Please ensure correct material usage flags.
[2021.11.29-16.08.47:075][  0]LogMaterial: Had to pass SMU back to game thread. Please ensure correct material usage flags.
[2021.11.29-16.08.47:075][  0]LogMaterial: Warning:      The material will recompile every editor launch until resaved.
[2021.11.29-16.08.47:075][  0]LogMaterial: Had to pass SMU back to game thread. Please ensure correct material usage flags.
[2021.11.29-16.08.47:075][  0]LogMaterial: Had to pass SMU back to game thread. Please ensure correct material usage flags.
[2021.11.29-16.08.47:075][  0]LogMaterial: Warning: Material /Game/Map/Models/leafsGreen.leafsGreen missing bUsedWithInstancedStaticMeshes=True! Default Material will be used in game.
[2021.11.29-16.08.47:075][  0]LogMaterial: Had to pass SMU back to game thread. Please ensure correct material usage flags.
[2021.11.29-16.08.47:075][  0]LogMaterial: Had to pass SMU back to game thread. Please ensure correct material usage flags.
[2021.11.29-16.08.47:075][  0]LogMaterial: Warning:      The material will recompile every editor launch until resaved.
[2021.11.29-16.08.47:076][  0]LogWorld: Bringing World /Game/FirstPersonBP/Maps/mainMap.mainMap up for play (max tick rate 0) at 2021.11.29-19.08.47
[2021.11.29-16.08.47:077][  0]LogWorld: Bringing up level for play took: 0.002462
[2021.11.29-16.08.47:077][  0]LogGameMode: FindPlayerStart: PATHS NOT DEFINED or NO PLAYERSTART with positive rating
[2021.11.29-16.08.47:078][  0]PIE: Warning: Constraint in '/Game/FirstPersonBP/Maps/mainMap.mainMap:PersistentLevel.FirstPersonCharacter_C_0.Fixer' attempting to create a joint to the same body CollisionCylinder
[2021.11.29-16.08.47:078][  0]PIE: Warning: Constraint in '/Game/FirstPersonBP/Maps/mainMap.mainMap:PersistentLevel.FirstPersonCharacter_C_0.Fixer' attempting to create a joint to the same body CollisionCylinder
[2021.11.29-16.08.47:079][  0]LogSpawn: Warning: SpawnActor failed because of collision at the spawn location [X=0.000 Y=0.000 Z=0.000] for [FirstPersonCharacter_C]
[2021.11.29-16.08.47:079][  0]LogGameMode: Warning: SpawnDefaultPawnAtTransform: Couldn't spawn Pawn of type FirstPersonCharacter_C at Rotation: Pitch 0.000000 Yaw 0.000000 Roll 0.000000
Translation: 0.000000 0.000000 0.000000
Scale3D: 1.000000 1.000000 1.000000

[2021.11.29-16.08.47:079][  0]LogLoad: Took 0.774595 seconds to LoadMap(/Game/FirstPersonBP/Maps/mainMap)
[2021.11.29-16.08.47:110][  0]LogSlate: Took 0.000175 seconds to synchronously load lazily loaded font '../../../Engine/Content/Slate/Fonts/Roboto-Regular.ttf' (155K)
[2021.11.29-16.08.47:133][  0]LogRenderer: Reallocating scene render targets to support 1280x720 Format 10 NumSamples 1 (Frame:1).
[2021.11.29-16.08.47:133][  0]LogInit: Display: Engine is initialized. Leaving FEngineLoop::Init()
[2021.11.29-16.08.47:133][  0]LogLoad: (Engine Initialization) Total time: 5.68 seconds
[2021.11.29-16.08.47:133][  0]LogLoad: (Engine Initialization) Total Blueprint compile time: 0.00 seconds
[2021.11.29-16.08.47:150][  0]LogContentStreaming: Texture pool size now 1000 MB
[2021.11.29-16.08.47:153][  0]LogSlate: InvalidateAllWidgets triggered.  All widgets were invalidated
[2021.11.29-16.08.47:479][  1]LogSlate: Took 0.000127 seconds to synchronously load lazily loaded font '../../../Engine/Content/Slate/Fonts/Roboto-Regular.ttf' (155K)
[2021.11.29-16.08.55:686][560]LogSlate: Window 'Stole_DaVInchy (64-bit Development PCD3D_SM5) ' being destroyed
[2021.11.29-16.08.55:687][560]LogWindowsTextInputMethodSystem: Display: IME system deactivated.
[2021.11.29-16.08.55:692][560]LogSlate: Updating window title bar state: overlay mode, drag disabled, window buttons hidden, title bar hidden
[2021.11.29-16.08.55:692][560]LogEngine: All Windows Closed
[2021.11.29-16.08.55:692][560]LogWindows: FPlatformMisc::RequestExit(0)
[2021.11.29-16.08.55:692][560]LogWindows: FPlatformMisc::RequestExitWithStatus(0, 0)
[2021.11.29-16.08.55:692][560]LogCore: Engine exit requested (reason: Win RequestExit)
[2021.11.29-16.08.55:716][561]LogCore: Engine exit requested (reason: EngineExit() was called; note: exit was already requested)
[2021.11.29-16.08.55:716][561]LogInit: Display: PreExit Game.
[2021.11.29-16.08.55:727][561]LogWorld: BeginTearingDown for /Game/FirstPersonBP/Maps/mainMap
[2021.11.29-16.08.55:727][561]LogWorld: UWorld::CleanupWorld for mainMap, bSessionEnded=true, bCleanupResources=true
[2021.11.29-16.08.55:727][561]LogSlate: InvalidateAllWidgets triggered.  All widgets were invalidated
[2021.11.29-16.08.56:005][561]LogAudio: Display: Beginning Audio Device Manager Shutdown (Module: AudioMixerXAudio2)...
[2021.11.29-16.08.56:005][561]LogAudio: Display: Destroying 1 Remaining Audio Device(s)...
[2021.11.29-16.08.56:005][561]LogAudio: Display: Audio Device unregistered from world 'mainMap'.
[2021.11.29-16.08.56:052][561]LogAudioMixer: FMixerPlatformXAudio2::StopAudioStream() called
[2021.11.29-16.08.56:053][561]LogAudioMixer: FMixerPlatformXAudio2::StopAudioStream() called
[2021.11.29-16.08.56:058][561]LogAudio: Display: Audio Device Manager Shutdown
[2021.11.29-16.08.56:078][561]LogExit: Preparing to exit.
[2021.11.29-16.08.56:738][561]LogSlate: Updating window title bar state: overlay mode, drag disabled, window buttons hidden, title bar hidden
[2021.11.29-16.08.56:743][561]LogUObjectHash: Compacting FUObjectHashTables data took   1.42ms
[2021.11.29-16.08.56:783][561]LogMoviePlayer: Shutting down movie player
[2021.11.29-16.08.57:427][561]LogExit: Game engine shut down
[2021.11.29-16.08.57:484][561]LogDemo: Cleaned up 0 splitscreen connections with owner deletion
